<?xml version="1.0" encoding="UTF-8"?>
<coverage generated="1540980126633" clover="3.2.0">
  <project timestamp="1540980126633" name="All files">
    <metrics statements="4784" coveredstatements="0" conditionals="5659" coveredconditionals="0" methods="1371" coveredmethods="0" elements="11814" coveredelements="0" complexity="0" loc="4784" ncloc="4784" packages="3" files="36" classes="36">
      <package name="api">
        <metrics statements="74" coveredstatements="0" conditionals="0" coveredconditionals="0" methods="73" coveredmethods="0"/>
        <file name="AfterSale.js" path="/Users/mac/businessSystem/src/api/AfterSale.js">
          <metrics statements="3" coveredstatements="0" conditionals="0" coveredconditionals="0" methods="3" coveredmethods="0"/>
          <line num="5" count="0" type="stmt"/>
          <line num="15" count="0" type="stmt"/>
          <line num="24" count="0" type="stmt"/>
        </file>
        <file name="DeliverGoods.js" path="/Users/mac/businessSystem/src/api/DeliverGoods.js">
          <metrics statements="1" coveredstatements="0" conditionals="0" coveredconditionals="0" methods="1" coveredmethods="0"/>
          <line num="5" count="0" type="stmt"/>
        </file>
        <file name="EditGoods.js" path="/Users/mac/businessSystem/src/api/EditGoods.js">
          <metrics statements="12" coveredstatements="0" conditionals="0" coveredconditionals="0" methods="12" coveredmethods="0"/>
          <line num="5" count="0" type="stmt"/>
          <line num="15" count="0" type="stmt"/>
          <line num="25" count="0" type="stmt"/>
          <line num="36" count="0" type="stmt"/>
          <line num="46" count="0" type="stmt"/>
          <line num="56" count="0" type="stmt"/>
          <line num="66" count="0" type="stmt"/>
          <line num="76" count="0" type="stmt"/>
          <line num="87" count="0" type="stmt"/>
          <line num="98" count="0" type="stmt"/>
          <line num="109" count="0" type="stmt"/>
          <line num="119" count="0" type="stmt"/>
        </file>
        <file name="LogisticsTools.js" path="/Users/mac/businessSystem/src/api/LogisticsTools.js">
          <metrics statements="12" coveredstatements="0" conditionals="0" coveredconditionals="0" methods="12" coveredmethods="0"/>
          <line num="5" count="0" type="stmt"/>
          <line num="16" count="0" type="stmt"/>
          <line num="26" count="0" type="stmt"/>
          <line num="37" count="0" type="stmt"/>
          <line num="50" count="0" type="stmt"/>
          <line num="60" count="0" type="stmt"/>
          <line num="72" count="0" type="stmt"/>
          <line num="82" count="0" type="stmt"/>
          <line num="91" count="0" type="stmt"/>
          <line num="101" count="0" type="stmt"/>
          <line num="111" count="0" type="stmt"/>
          <line num="121" count="0" type="stmt"/>
        </file>
        <file name="NewGoods.js" path="/Users/mac/businessSystem/src/api/NewGoods.js">
          <metrics statements="6" coveredstatements="0" conditionals="0" coveredconditionals="0" methods="6" coveredmethods="0"/>
          <line num="5" count="0" type="stmt"/>
          <line num="16" count="0" type="stmt"/>
          <line num="28" count="0" type="stmt"/>
          <line num="40" count="0" type="stmt"/>
          <line num="48" count="0" type="stmt"/>
          <line num="60" count="0" type="stmt"/>
        </file>
        <file name="PutQuestionsTo.js" path="/Users/mac/businessSystem/src/api/PutQuestionsTo.js">
          <metrics statements="5" coveredstatements="0" conditionals="0" coveredconditionals="0" methods="5" coveredmethods="0"/>
          <line num="5" count="0" type="stmt"/>
          <line num="14" count="0" type="stmt"/>
          <line num="24" count="0" type="stmt"/>
          <line num="34" count="0" type="stmt"/>
          <line num="44" count="0" type="stmt"/>
        </file>
        <file name="Shop.js" path="/Users/mac/businessSystem/src/api/Shop.js">
          <metrics statements="3" coveredstatements="0" conditionals="0" coveredconditionals="0" methods="3" coveredmethods="0"/>
          <line num="5" count="0" type="stmt"/>
          <line num="18" count="0" type="stmt"/>
          <line num="26" count="0" type="stmt"/>
        </file>
        <file name="Sign_in.js" path="/Users/mac/businessSystem/src/api/Sign_in.js">
          <metrics statements="3" coveredstatements="0" conditionals="0" coveredconditionals="0" methods="3" coveredmethods="0"/>
          <line num="5" count="0" type="stmt"/>
          <line num="15" count="0" type="stmt"/>
          <line num="24" count="0" type="stmt"/>
        </file>
        <file name="TutorialsManagement.js" path="/Users/mac/businessSystem/src/api/TutorialsManagement.js">
          <metrics statements="9" coveredstatements="0" conditionals="0" coveredconditionals="0" methods="9" coveredmethods="0"/>
          <line num="5" count="0" type="stmt"/>
          <line num="14" count="0" type="stmt"/>
          <line num="24" count="0" type="stmt"/>
          <line num="34" count="0" type="stmt"/>
          <line num="44" count="0" type="stmt"/>
          <line num="54" count="0" type="stmt"/>
          <line num="64" count="0" type="stmt"/>
          <line num="74" count="0" type="stmt"/>
          <line num="84" count="0" type="stmt"/>
        </file>
        <file name="babyList.js" path="/Users/mac/businessSystem/src/api/babyList.js">
          <metrics statements="4" coveredstatements="0" conditionals="0" coveredconditionals="0" methods="4" coveredmethods="0"/>
          <line num="5" count="0" type="stmt"/>
          <line num="14" count="0" type="stmt"/>
          <line num="25" count="0" type="stmt"/>
          <line num="36" count="0" type="stmt"/>
        </file>
        <file name="edit_commodity.js" path="/Users/mac/businessSystem/src/api/edit_commodity.js">
          <metrics statements="5" coveredstatements="0" conditionals="0" coveredconditionals="0" methods="5" coveredmethods="0"/>
          <line num="6" count="0" type="stmt"/>
          <line num="16" count="0" type="stmt"/>
          <line num="29" count="0" type="stmt"/>
          <line num="38" count="0" type="stmt"/>
          <line num="51" count="0" type="stmt"/>
        </file>
        <file name="global.js" path="/Users/mac/businessSystem/src/api/global.js">
          <metrics statements="1" coveredstatements="0" conditionals="0" coveredconditionals="0" methods="0" coveredmethods="0"/>
          <line num="1" count="0" type="stmt"/>
        </file>
        <file name="register.js" path="/Users/mac/businessSystem/src/api/register.js">
          <metrics statements="2" coveredstatements="0" conditionals="0" coveredconditionals="0" methods="2" coveredmethods="0"/>
          <line num="5" count="0" type="stmt"/>
          <line num="15" count="0" type="stmt"/>
        </file>
        <file name="share.js" path="/Users/mac/businessSystem/src/api/share.js">
          <metrics statements="5" coveredstatements="0" conditionals="0" coveredconditionals="0" methods="5" coveredmethods="0"/>
          <line num="5" count="0" type="stmt"/>
          <line num="14" count="0" type="stmt"/>
          <line num="24" count="0" type="stmt"/>
          <line num="34" count="0" type="stmt"/>
          <line num="44" count="0" type="stmt"/>
        </file>
        <file name="user.js" path="/Users/mac/businessSystem/src/api/user.js">
          <metrics statements="3" coveredstatements="0" conditionals="0" coveredconditionals="0" methods="3" coveredmethods="0"/>
          <line num="5" count="0" type="stmt"/>
          <line num="14" count="0" type="stmt"/>
          <line num="24" count="0" type="stmt"/>
        </file>
      </package>
      <package name="js">
        <metrics statements="3375" coveredstatements="0" conditionals="5072" coveredconditionals="0" methods="1250" coveredmethods="0"/>
        <file name="hotkeys.min.js" path="/Users/mac/businessSystem/src/js/hotkeys.min.js">
          <metrics statements="1" coveredstatements="0" conditionals="30" coveredconditionals="0" methods="17" coveredmethods="0"/>
          <line num="1" count="0" type="cond" truecount="0" falsecount="30"/>
        </file>
        <file name="jquery-3.2.1.min.js" path="/Users/mac/businessSystem/src/js/jquery-3.2.1.min.js">
          <metrics statements="3" coveredstatements="0" conditionals="3219" coveredconditionals="0" methods="589" coveredmethods="0"/>
          <line num="2" count="0" type="cond" truecount="0" falsecount="1256"/>
          <line num="3" count="0" type="cond" truecount="0" falsecount="1128"/>
          <line num="4" count="0" type="cond" truecount="0" falsecount="835"/>
        </file>
        <file name="jquery.cookie.js" path="/Users/mac/businessSystem/src/js/jquery.cookie.js">
          <metrics statements="1" coveredstatements="0" conditionals="50" coveredconditionals="0" methods="9" coveredmethods="0"/>
          <line num="8" count="0" type="cond" truecount="0" falsecount="50"/>
        </file>
        <file name="module.min.js" path="/Users/mac/businessSystem/src/js/module.min.js">
          <metrics statements="1" coveredstatements="0" conditionals="68" coveredconditionals="0" methods="18" coveredmethods="0"/>
          <line num="1" count="0" type="cond" truecount="0" falsecount="68"/>
        </file>
        <file name="pop.js" path="/Users/mac/businessSystem/src/js/pop.js">
          <metrics statements="61" coveredstatements="0" conditionals="32" coveredconditionals="0" methods="11" coveredmethods="0"/>
          <line num="1" count="0" type="stmt"/>
          <line num="2" count="0" type="cond" truecount="0" falsecount="4"/>
          <line num="4" count="0" type="stmt"/>
          <line num="5" count="0" type="stmt"/>
          <line num="7" count="0" type="cond" truecount="0" falsecount="4"/>
          <line num="11" count="0" type="stmt"/>
          <line num="13" count="0" type="stmt"/>
          <line num="18" count="0" type="cond" truecount="0" falsecount="2"/>
          <line num="19" count="0" type="stmt"/>
          <line num="21" count="0" type="stmt"/>
          <line num="22" count="0" type="stmt"/>
          <line num="25" count="0" type="stmt"/>
          <line num="28" count="0" type="stmt"/>
          <line num="30" count="0" type="stmt"/>
          <line num="32" count="0" type="stmt"/>
          <line num="34" count="0" type="stmt"/>
          <line num="36" count="0" type="stmt"/>
          <line num="38" count="0" type="stmt"/>
          <line num="39" count="0" type="cond" truecount="0" falsecount="2"/>
          <line num="40" count="0" type="stmt"/>
          <line num="41" count="0" type="stmt"/>
          <line num="42" count="0" type="stmt"/>
          <line num="43" count="0" type="stmt"/>
          <line num="44" count="0" type="stmt"/>
          <line num="46" count="0" type="cond" truecount="0" falsecount="2"/>
          <line num="47" count="0" type="stmt"/>
          <line num="49" count="0" type="stmt"/>
          <line num="50" count="0" type="stmt"/>
          <line num="51" count="0" type="stmt"/>
          <line num="52" count="0" type="cond" truecount="0" falsecount="2"/>
          <line num="53" count="0" type="stmt"/>
          <line num="55" count="0" type="cond" truecount="0" falsecount="2"/>
          <line num="56" count="0" type="stmt"/>
          <line num="58" count="0" type="stmt"/>
          <line num="59" count="0" type="stmt"/>
          <line num="60" count="0" type="stmt"/>
          <line num="61" count="0" type="cond" truecount="0" falsecount="2"/>
          <line num="62" count="0" type="stmt"/>
          <line num="66" count="0" type="stmt"/>
          <line num="68" count="0" type="cond" truecount="0" falsecount="2"/>
          <line num="69" count="0" type="stmt"/>
          <line num="71" count="0" type="stmt"/>
          <line num="72" count="0" type="stmt"/>
          <line num="73" count="0" type="stmt"/>
          <line num="75" count="0" type="stmt"/>
          <line num="76" count="0" type="stmt"/>
          <line num="79" count="0" type="stmt"/>
          <line num="81" count="0" type="cond" truecount="0" falsecount="2"/>
          <line num="82" count="0" type="stmt"/>
          <line num="84" count="0" type="cond" truecount="0" falsecount="2"/>
          <line num="85" count="0" type="stmt"/>
          <line num="86" count="0" type="cond" truecount="0" falsecount="2"/>
          <line num="87" count="0" type="stmt"/>
          <line num="89" count="0" type="cond" truecount="0" falsecount="2"/>
          <line num="90" count="0" type="stmt"/>
          <line num="91" count="0" type="cond" truecount="0" falsecount="2"/>
          <line num="92" count="0" type="stmt"/>
          <line num="94" count="0" type="stmt"/>
          <line num="97" count="0" type="stmt"/>
          <line num="101" count="0" type="stmt"/>
          <line num="103" count="0" type="stmt"/>
        </file>
        <file name="simditor.js" path="/Users/mac/businessSystem/src/js/simditor.js">
          <metrics statements="3274" coveredstatements="0" conditionals="1557" coveredconditionals="0" methods="567" coveredmethods="0"/>
          <line num="6" count="0" type="stmt"/>
          <line num="7" count="0" type="cond" truecount="0" falsecount="4"/>
          <line num="9" count="0" type="stmt"/>
          <line num="10" count="0" type="stmt"/>
          <line num="12" count="0" type="cond" truecount="0" falsecount="4"/>
          <line num="16" count="0" type="stmt"/>
          <line num="18" count="0" type="stmt"/>
          <line num="23" count="0" type="cond" truecount="0" falsecount="2"/>
          <line num="24" count="0" type="stmt"/>
          <line num="25" count="0" type="cond" truecount="0" falsecount="6"/>
          <line num="26" count="0" type="stmt"/>
          <line num="28" count="0" type="stmt"/>
          <line num="29" count="0" type="stmt"/>
          <line num="32" count="0" type="stmt"/>
          <line num="35" count="0" type="stmt"/>
          <line num="37" count="0" type="stmt"/>
          <line num="39" count="0" type="stmt"/>
          <line num="41" count="0" type="stmt"/>
          <line num="43" count="0" type="stmt"/>
          <line num="45" count="0" type="stmt"/>
          <line num="47" count="0" type="stmt"/>
          <line num="49" count="0" type="stmt"/>
          <line num="51" count="0" type="stmt"/>
          <line num="52" count="0" type="stmt"/>
          <line num="53" count="0" type="stmt"/>
          <line num="54" count="0" type="stmt"/>
          <line num="55" count="0" type="stmt"/>
          <line num="56" count="0" type="stmt"/>
          <line num="57" count="0" type="stmt"/>
          <line num="60" count="0" type="stmt"/>
          <line num="61" count="0" type="stmt"/>
          <line num="62" count="0" type="stmt"/>
          <line num="67" count="0" type="stmt"/>
          <line num="68" count="0" type="stmt"/>
          <line num="69" count="0" type="stmt"/>
          <line num="70" count="0" type="stmt"/>
          <line num="71" count="0" type="stmt"/>
          <line num="72" count="0" type="stmt"/>
          <line num="73" count="0" type="stmt"/>
          <line num="74" count="0" type="stmt"/>
          <line num="77" count="0" type="stmt"/>
          <line num="79" count="0" type="stmt"/>
          <line num="80" count="0" type="stmt"/>
          <line num="82" count="0" type="stmt"/>
          <line num="84" count="0" type="stmt"/>
          <line num="87" count="0" type="stmt"/>
          <line num="89" count="0" type="cond" truecount="0" falsecount="2"/>
          <line num="90" count="0" type="stmt"/>
          <line num="91" count="0" type="stmt"/>
          <line num="92" count="0" type="stmt"/>
          <line num="93" count="0" type="cond" truecount="0" falsecount="2"/>
          <line num="94" count="0" type="cond" truecount="0" falsecount="4"/>
          <line num="95" count="0" type="stmt"/>
          <line num="97" count="0" type="cond" truecount="0" falsecount="5"/>
          <line num="98" count="0" type="stmt"/>
          <line num="100" count="0" type="stmt"/>
          <line num="103" count="0" type="stmt"/>
          <line num="104" count="0" type="cond" truecount="0" falsecount="2"/>
          <line num="105" count="0" type="cond" truecount="0" falsecount="2"/>
          <line num="106" count="0" type="stmt"/>
          <line num="108" count="0" type="stmt"/>
          <line num="109" count="0" type="stmt"/>
          <line num="110" count="0" type="stmt"/>
          <line num="114" count="0" type="stmt"/>
          <line num="117" count="0" type="stmt"/>
          <line num="119" count="0" type="cond" truecount="0" falsecount="2"/>
          <line num="120" count="0" type="cond" truecount="0" falsecount="4"/>
          <line num="122" count="0" type="stmt"/>
          <line num="125" count="0" type="stmt"/>
          <line num="126" count="0" type="cond" truecount="0" falsecount="2"/>
          <line num="127" count="0" type="cond" truecount="0" falsecount="2"/>
          <line num="129" count="0" type="stmt"/>
          <line num="132" count="0" type="stmt"/>
          <line num="133" count="0" type="cond" truecount="0" falsecount="2"/>
          <line num="134" count="0" type="cond" truecount="0" falsecount="2"/>
          <line num="135" count="0" type="stmt"/>
          <line num="137" count="0" type="stmt"/>
          <line num="138" count="0" type="cond" truecount="0" falsecount="2"/>
          <line num="139" count="0" type="stmt"/>
          <line num="141" count="0" type="stmt"/>
          <line num="143" count="0" type="stmt"/>
          <line num="144" count="0" type="cond" truecount="0" falsecount="2"/>
          <line num="145" count="0" type="stmt"/>
          <line num="146" count="0" type="cond" truecount="0" falsecount="4"/>
          <line num="147" count="0" type="cond" truecount="0" falsecount="4"/>
          <line num="148" count="0" type="stmt"/>
          <line num="150" count="0" type="stmt"/>
          <line num="152" count="0" type="stmt"/>
          <line num="153" count="0" type="stmt"/>
          <line num="154" count="0" type="stmt"/>
          <line num="155" count="0" type="stmt"/>
          <line num="157" count="0" type="stmt"/>
          <line num="158" count="0" type="stmt"/>
          <line num="159" count="0" type="stmt"/>
          <line num="162" count="0" type="stmt"/>
          <line num="164" count="0" type="stmt"/>
          <line num="165" count="0" type="cond" truecount="0" falsecount="4"/>
          <line num="166" count="0" type="stmt"/>
          <line num="167" count="0" type="stmt"/>
          <line num="169" count="0" type="stmt"/>
          <line num="170" count="0" type="stmt"/>
          <line num="171" count="0" type="stmt"/>
          <line num="175" count="0" type="stmt"/>
          <line num="179" count="0" type="stmt"/>
          <line num="182" count="0" type="stmt"/>
          <line num="183" count="0" type="cond" truecount="0" falsecount="2"/>
          <line num="184" count="0" type="stmt"/>
          <line num="186" count="0" type="cond" truecount="0" falsecount="2"/>
          <line num="187" count="0" type="stmt"/>
          <line num="188" count="0" type="stmt"/>
          <line num="189" count="0" type="stmt"/>
          <line num="193" count="0" type="stmt"/>
          <line num="196" count="0" type="stmt"/>
          <line num="197" count="0" type="cond" truecount="0" falsecount="2"/>
          <line num="198" count="0" type="stmt"/>
          <line num="200" count="0" type="cond" truecount="0" falsecount="2"/>
          <line num="201" count="0" type="stmt"/>
          <line num="202" count="0" type="stmt"/>
          <line num="204" count="0" type="stmt"/>
          <line num="205" count="0" type="cond" truecount="0" falsecount="2"/>
          <line num="209" count="0" type="stmt"/>
          <line num="212" count="0" type="stmt"/>
          <line num="214" count="0" type="cond" truecount="0" falsecount="2"/>
          <line num="215" count="0" type="stmt"/>
          <line num="217" count="0" type="cond" truecount="0" falsecount="4"/>
          <line num="218" count="0" type="stmt"/>
          <line num="220" count="0" type="stmt"/>
          <line num="221" count="0" type="stmt"/>
          <line num="222" count="0" type="stmt"/>
          <line num="223" count="0" type="stmt"/>
          <line num="224" count="0" type="stmt"/>
          <line num="225" count="0" type="stmt"/>
          <line num="226" count="0" type="cond" truecount="0" falsecount="5"/>
          <line num="227" count="0" type="stmt"/>
          <line num="229" count="0" type="cond" truecount="0" falsecount="2"/>
          <line num="230" count="0" type="stmt"/>
          <line num="231" count="0" type="cond" truecount="0" falsecount="2"/>
          <line num="232" count="0" type="stmt"/>
          <line num="234" count="0" type="stmt"/>
          <line num="235" count="0" type="stmt"/>
          <line num="237" count="0" type="stmt"/>
          <line num="238" count="0" type="cond" truecount="0" falsecount="3"/>
          <line num="240" count="0" type="stmt"/>
          <line num="241" count="0" type="stmt"/>
          <line num="242" count="0" type="cond" truecount="0" falsecount="2"/>
          <line num="243" count="0" type="cond" truecount="0" falsecount="4"/>
          <line num="244" count="0" type="stmt"/>
          <line num="245" count="0" type="stmt"/>
          <line num="248" count="0" type="stmt"/>
          <line num="251" count="0" type="stmt"/>
          <line num="253" count="0" type="cond" truecount="0" falsecount="2"/>
          <line num="254" count="0" type="stmt"/>
          <line num="256" count="0" type="cond" truecount="0" falsecount="4"/>
          <line num="257" count="0" type="stmt"/>
          <line num="259" count="0" type="stmt"/>
          <line num="260" count="0" type="stmt"/>
          <line num="261" count="0" type="cond" truecount="0" falsecount="2"/>
          <line num="262" count="0" type="stmt"/>
          <line num="264" count="0" type="cond" truecount="0" falsecount="2"/>
          <line num="265" count="0" type="stmt"/>
          <line num="266" count="0" type="cond" truecount="0" falsecount="2"/>
          <line num="267" count="0" type="stmt"/>
          <line num="269" count="0" type="stmt"/>
          <line num="270" count="0" type="stmt"/>
          <line num="272" count="0" type="stmt"/>
          <line num="273" count="0" type="cond" truecount="0" falsecount="3"/>
          <line num="275" count="0" type="cond" truecount="0" falsecount="2"/>
          <line num="276" count="0" type="stmt"/>
          <line num="279" count="0" type="stmt"/>
          <line num="282" count="0" type="stmt"/>
          <line num="283" count="0" type="cond" truecount="0" falsecount="2"/>
          <line num="284" count="0" type="stmt"/>
          <line num="286" count="0" type="cond" truecount="0" falsecount="2"/>
          <line num="287" count="0" type="stmt"/>
          <line num="289" count="0" type="stmt"/>
          <line num="290" count="0" type="stmt"/>
          <line num="291" count="0" type="stmt"/>
          <line num="294" count="0" type="stmt"/>
          <line num="295" count="0" type="cond" truecount="0" falsecount="2"/>
          <line num="296" count="0" type="stmt"/>
          <line num="298" count="0" type="cond" truecount="0" falsecount="2"/>
          <line num="299" count="0" type="stmt"/>
          <line num="301" count="0" type="stmt"/>
          <line num="302" count="0" type="stmt"/>
          <line num="303" count="0" type="stmt"/>
          <line num="304" count="0" type="stmt"/>
          <line num="307" count="0" type="stmt"/>
          <line num="308" count="0" type="cond" truecount="0" falsecount="2"/>
          <line num="309" count="0" type="stmt"/>
          <line num="311" count="0" type="cond" truecount="0" falsecount="2"/>
          <line num="312" count="0" type="stmt"/>
          <line num="314" count="0" type="stmt"/>
          <line num="315" count="0" type="stmt"/>
          <line num="316" count="0" type="stmt"/>
          <line num="317" count="0" type="stmt"/>
          <line num="320" count="0" type="stmt"/>
          <line num="321" count="0" type="cond" truecount="0" falsecount="2"/>
          <line num="322" count="0" type="stmt"/>
          <line num="324" count="0" type="stmt"/>
          <line num="325" count="0" type="stmt"/>
          <line num="326" count="0" type="stmt"/>
          <line num="327" count="0" type="stmt"/>
          <line num="330" count="0" type="stmt"/>
          <line num="332" count="0" type="cond" truecount="0" falsecount="2"/>
          <line num="333" count="0" type="stmt"/>
          <line num="335" count="0" type="stmt"/>
          <line num="336" count="0" type="stmt"/>
          <line num="337" count="0" type="cond" truecount="0" falsecount="2"/>
          <line num="338" count="0" type="stmt"/>
          <line num="339" count="0" type="cond" truecount="0" falsecount="2"/>
          <line num="340" count="0" type="stmt"/>
          <line num="341" count="0" type="stmt"/>
          <line num="342" count="0" type="stmt"/>
          <line num="343" count="0" type="cond" truecount="0" falsecount="2"/>
          <line num="344" count="0" type="stmt"/>
          <line num="346" count="0" type="stmt"/>
          <line num="349" count="0" type="stmt"/>
          <line num="352" count="0" type="stmt"/>
          <line num="353" count="0" type="cond" truecount="0" falsecount="4"/>
          <line num="354" count="0" type="stmt"/>
          <line num="355" count="0" type="cond" truecount="0" falsecount="2"/>
          <line num="356" count="0" type="stmt"/>
          <line num="357" count="0" type="cond" truecount="0" falsecount="4"/>
          <line num="358" count="0" type="stmt"/>
          <line num="359" count="0" type="stmt"/>
          <line num="360" count="0" type="stmt"/>
          <line num="363" count="0" type="stmt"/>
          <line num="365" count="0" type="stmt"/>
          <line num="366" count="0" type="stmt"/>
          <line num="369" count="0" type="stmt"/>
          <line num="371" count="0" type="cond" truecount="0" falsecount="2"/>
          <line num="372" count="0" type="stmt"/>
          <line num="374" count="0" type="stmt"/>
          <line num="375" count="0" type="stmt"/>
          <line num="376" count="0" type="stmt"/>
          <line num="377" count="0" type="stmt"/>
          <line num="378" count="0" type="stmt"/>
          <line num="379" count="0" type="stmt"/>
          <line num="380" count="0" type="cond" truecount="0" falsecount="5"/>
          <line num="381" count="0" type="stmt"/>
          <line num="382" count="0" type="stmt"/>
          <line num="383" count="0" type="stmt"/>
          <line num="384" count="0" type="stmt"/>
          <line num="386" count="0" type="stmt"/>
          <line num="388" count="0" type="stmt"/>
          <line num="391" count="0" type="stmt"/>
          <line num="393" count="0" type="cond" truecount="0" falsecount="2"/>
          <line num="394" count="0" type="stmt"/>
          <line num="396" count="0" type="stmt"/>
          <line num="397" count="0" type="cond" truecount="0" falsecount="2"/>
          <line num="398" count="0" type="stmt"/>
          <line num="400" count="0" type="stmt"/>
          <line num="401" count="0" type="cond" truecount="0" falsecount="2"/>
          <line num="402" count="0" type="stmt"/>
          <line num="404" count="0" type="stmt"/>
          <line num="407" count="0" type="stmt"/>
          <line num="409" count="0" type="cond" truecount="0" falsecount="2"/>
          <line num="410" count="0" type="stmt"/>
          <line num="412" count="0" type="cond" truecount="0" falsecount="2"/>
          <line num="413" count="0" type="stmt"/>
          <line num="415" count="0" type="stmt"/>
          <line num="416" count="0" type="stmt"/>
          <line num="417" count="0" type="stmt"/>
          <line num="418" count="0" type="stmt"/>
          <line num="419" count="0" type="stmt"/>
          <line num="420" count="0" type="stmt"/>
          <line num="421" count="0" type="stmt"/>
          <line num="422" count="0" type="stmt"/>
          <line num="425" count="0" type="stmt"/>
          <line num="427" count="0" type="cond" truecount="0" falsecount="2"/>
          <line num="428" count="0" type="stmt"/>
          <line num="430" count="0" type="stmt"/>
          <line num="431" count="0" type="stmt"/>
          <line num="432" count="0" type="cond" truecount="0" falsecount="4"/>
          <line num="433" count="0" type="stmt"/>
          <line num="434" count="0" type="stmt"/>
          <line num="435" count="0" type="stmt"/>
          <line num="436" count="0" type="stmt"/>
          <line num="437" count="0" type="cond" truecount="0" falsecount="2"/>
          <line num="438" count="0" type="stmt"/>
          <line num="440" count="0" type="stmt"/>
          <line num="441" count="0" type="stmt"/>
          <line num="442" count="0" type="stmt"/>
          <line num="443" count="0" type="stmt"/>
          <line num="444" count="0" type="stmt"/>
          <line num="445" count="0" type="stmt"/>
          <line num="447" count="0" type="stmt"/>
          <line num="448" count="0" type="stmt"/>
          <line num="450" count="0" type="stmt"/>
          <line num="451" count="0" type="stmt"/>
          <line num="454" count="0" type="stmt"/>
          <line num="458" count="0" type="stmt"/>
          <line num="459" count="0" type="stmt"/>
          <line num="462" count="0" type="stmt"/>
          <line num="465" count="0" type="stmt"/>
          <line num="467" count="0" type="stmt"/>
          <line num="473" count="0" type="stmt"/>
          <line num="474" count="0" type="stmt"/>
          <line num="475" count="0" type="stmt"/>
          <line num="476" count="0" type="stmt"/>
          <line num="482" count="0" type="stmt"/>
          <line num="495" count="0" type="stmt"/>
          <line num="496" count="0" type="stmt"/>
          <line num="500" count="0" type="stmt"/>
          <line num="501" count="0" type="cond" truecount="0" falsecount="2"/>
          <line num="502" count="0" type="stmt"/>
          <line num="504" count="0" type="stmt"/>
          <line num="505" count="0" type="stmt"/>
          <line num="508" count="0" type="stmt"/>
          <line num="509" count="0" type="cond" truecount="0" falsecount="2"/>
          <line num="510" count="0" type="stmt"/>
          <line num="512" count="0" type="stmt"/>
          <line num="513" count="0" type="stmt"/>
          <line num="516" count="0" type="stmt"/>
          <line num="518" count="0" type="cond" truecount="0" falsecount="2"/>
          <line num="519" count="0" type="stmt"/>
          <line num="521" count="0" type="stmt"/>
          <line num="522" count="0" type="stmt"/>
          <line num="523" count="0" type="stmt"/>
          <line num="525" count="0" type="stmt"/>
          <line num="526" count="0" type="cond" truecount="0" falsecount="4"/>
          <line num="527" count="0" type="stmt"/>
          <line num="529" count="0" type="cond" truecount="0" falsecount="4"/>
          <line num="530" count="0" type="stmt"/>
          <line num="531" count="0" type="cond" truecount="0" falsecount="4"/>
          <line num="532" count="0" type="stmt"/>
          <line num="536" count="0" type="stmt"/>
          <line num="537" count="0" type="stmt"/>
          <line num="538" count="0" type="stmt"/>
          <line num="539" count="0" type="stmt"/>
          <line num="540" count="0" type="stmt"/>
          <line num="541" count="0" type="stmt"/>
          <line num="542" count="0" type="stmt"/>
          <line num="543" count="0" type="stmt"/>
          <line num="544" count="0" type="stmt"/>
          <line num="545" count="0" type="stmt"/>
          <line num="546" count="0" type="stmt"/>
          <line num="547" count="0" type="stmt"/>
          <line num="548" count="0" type="cond" truecount="0" falsecount="2"/>
          <line num="549" count="0" type="stmt"/>
          <line num="550" count="0" type="stmt"/>
          <line num="552" count="0" type="stmt"/>
          <line num="553" count="0" type="stmt"/>
          <line num="555" count="0" type="stmt"/>
          <line num="558" count="0" type="stmt"/>
          <line num="560" count="0" type="cond" truecount="0" falsecount="2"/>
          <line num="561" count="0" type="stmt"/>
          <line num="563" count="0" type="cond" truecount="0" falsecount="2"/>
          <line num="564" count="0" type="stmt"/>
          <line num="565" count="0" type="stmt"/>
          <line num="567" count="0" type="stmt"/>
          <line num="568" count="0" type="stmt"/>
          <line num="569" count="0" type="stmt"/>
          <line num="570" count="0" type="stmt"/>
          <line num="572" count="0" type="stmt"/>
          <line num="573" count="0" type="stmt"/>
          <line num="574" count="0" type="stmt"/>
          <line num="575" count="0" type="stmt"/>
          <line num="576" count="0" type="cond" truecount="0" falsecount="2"/>
          <line num="577" count="0" type="cond" truecount="0" falsecount="4"/>
          <line num="578" count="0" type="stmt"/>
          <line num="580" count="0" type="stmt"/>
          <line num="581" count="0" type="cond" truecount="0" falsecount="2"/>
          <line num="582" count="0" type="cond" truecount="0" falsecount="2"/>
          <line num="583" count="0" type="cond" truecount="0" falsecount="4"/>
          <line num="584" count="0" type="stmt"/>
          <line num="586" count="0" type="stmt"/>
          <line num="587" count="0" type="stmt"/>
          <line num="590" count="0" type="stmt"/>
          <line num="593" count="0" type="cond" truecount="0" falsecount="4"/>
          <line num="594" count="0" type="stmt"/>
          <line num="596" count="0" type="stmt"/>
          <line num="597" count="0" type="cond" truecount="0" falsecount="2"/>
          <line num="598" count="0" type="stmt"/>
          <line num="602" count="0" type="stmt"/>
          <line num="605" count="0" type="stmt"/>
          <line num="607" count="0" type="stmt"/>
          <line num="608" count="0" type="cond" truecount="0" falsecount="2"/>
          <line num="609" count="0" type="stmt"/>
          <line num="611" count="0" type="cond" truecount="0" falsecount="2"/>
          <line num="612" count="0" type="stmt"/>
          <line num="613" count="0" type="cond" truecount="0" falsecount="2"/>
          <line num="614" count="0" type="stmt"/>
          <line num="615" count="0" type="stmt"/>
          <line num="617" count="0" type="stmt"/>
          <line num="619" count="0" type="stmt"/>
          <line num="621" count="0" type="cond" truecount="0" falsecount="2"/>
          <line num="622" count="0" type="stmt"/>
          <line num="623" count="0" type="cond" truecount="0" falsecount="4"/>
          <line num="624" count="0" type="cond" truecount="0" falsecount="4"/>
          <line num="625" count="0" type="stmt"/>
          <line num="626" count="0" type="stmt"/>
          <line num="627" count="0" type="stmt"/>
          <line num="629" count="0" type="cond" truecount="0" falsecount="4"/>
          <line num="630" count="0" type="stmt"/>
          <line num="631" count="0" type="stmt"/>
          <line num="632" count="0" type="stmt"/>
          <line num="635" count="0" type="stmt"/>
          <line num="637" count="0" type="cond" truecount="0" falsecount="4"/>
          <line num="638" count="0" type="stmt"/>
          <line num="640" count="0" type="cond" truecount="0" falsecount="2"/>
          <line num="641" count="0" type="stmt"/>
          <line num="642" count="0" type="stmt"/>
          <line num="643" count="0" type="stmt"/>
          <line num="644" count="0" type="stmt"/>
          <line num="645" count="0" type="cond" truecount="0" falsecount="2"/>
          <line num="646" count="0" type="stmt"/>
          <line num="648" count="0" type="cond" truecount="0" falsecount="4"/>
          <line num="649" count="0" type="stmt"/>
          <line num="652" count="0" type="stmt"/>
          <line num="653" count="0" type="cond" truecount="0" falsecount="4"/>
          <line num="654" count="0" type="stmt"/>
          <line num="657" count="0" type="cond" truecount="0" falsecount="4"/>
          <line num="658" count="0" type="cond" truecount="0" falsecount="2"/>
          <line num="659" count="0" type="stmt"/>
          <line num="660" count="0" type="stmt"/>
          <line num="661" count="0" type="cond" truecount="0" falsecount="2"/>
          <line num="662" count="0" type="stmt"/>
          <line num="663" count="0" type="stmt"/>
          <line num="664" count="0" type="stmt"/>
          <line num="666" count="0" type="stmt"/>
          <line num="667" count="0" type="stmt"/>
          <line num="668" count="0" type="cond" truecount="0" falsecount="2"/>
          <line num="669" count="0" type="stmt"/>
          <line num="670" count="0" type="stmt"/>
          <line num="671" count="0" type="cond" truecount="0" falsecount="2"/>
          <line num="672" count="0" type="stmt"/>
          <line num="673" count="0" type="stmt"/>
          <line num="675" count="0" type="stmt"/>
          <line num="678" count="0" type="stmt"/>
          <line num="679" count="0" type="stmt"/>
          <line num="681" count="0" type="cond" truecount="0" falsecount="5"/>
          <line num="682" count="0" type="stmt"/>
          <line num="683" count="0" type="stmt"/>
          <line num="684" count="0" type="stmt"/>
          <line num="687" count="0" type="stmt"/>
          <line num="690" count="0" type="stmt"/>
          <line num="692" count="0" type="stmt"/>
          <line num="693" count="0" type="cond" truecount="0" falsecount="2"/>
          <line num="694" count="0" type="stmt"/>
          <line num="696" count="0" type="stmt"/>
          <line num="697" count="0" type="stmt"/>
          <line num="698" count="0" type="cond" truecount="0" falsecount="4"/>
          <line num="699" count="0" type="stmt"/>
          <line num="701" count="0" type="stmt"/>
          <line num="702" count="0" type="stmt"/>
          <line num="703" count="0" type="stmt"/>
          <line num="704" count="0" type="stmt"/>
          <line num="705" count="0" type="stmt"/>
          <line num="706" count="0" type="stmt"/>
          <line num="707" count="0" type="cond" truecount="0" falsecount="2"/>
          <line num="708" count="0" type="stmt"/>
          <line num="710" count="0" type="cond" truecount="0" falsecount="2"/>
          <line num="711" count="0" type="stmt"/>
          <line num="714" count="0" type="cond" truecount="0" falsecount="2"/>
          <line num="715" count="0" type="stmt"/>
          <line num="717" count="0" type="stmt"/>
          <line num="720" count="0" type="stmt"/>
          <line num="722" count="0" type="cond" truecount="0" falsecount="2"/>
          <line num="723" count="0" type="stmt"/>
          <line num="725" count="0" type="stmt"/>
          <line num="726" count="0" type="stmt"/>
          <line num="727" count="0" type="stmt"/>
          <line num="728" count="0" type="stmt"/>
          <line num="729" count="0" type="stmt"/>
          <line num="731" count="0" type="cond" truecount="0" falsecount="2"/>
          <line num="732" count="0" type="stmt"/>
          <line num="733" count="0" type="cond" truecount="0" falsecount="2"/>
          <line num="734" count="0" type="stmt"/>
          <line num="735" count="0" type="cond" truecount="0" falsecount="2"/>
          <line num="736" count="0" type="cond" truecount="0" falsecount="4"/>
          <line num="737" count="0" type="stmt"/>
          <line num="739" count="0" type="cond" truecount="0" falsecount="5"/>
          <line num="740" count="0" type="stmt"/>
          <line num="745" count="0" type="stmt"/>
          <line num="748" count="0" type="stmt"/>
          <line num="750" count="0" type="stmt"/>
          <line num="751" count="0" type="cond" truecount="0" falsecount="3"/>
          <line num="753" count="0" type="stmt"/>
          <line num="755" count="0" type="stmt"/>
          <line num="756" count="0" type="stmt"/>
          <line num="757" count="0" type="cond" truecount="0" falsecount="4"/>
          <line num="758" count="0" type="stmt"/>
          <line num="760" count="0" type="stmt"/>
          <line num="764" count="0" type="stmt"/>
          <line num="768" count="0" type="stmt"/>
          <line num="769" count="0" type="stmt"/>
          <line num="772" count="0" type="stmt"/>
          <line num="775" count="0" type="stmt"/>
          <line num="777" count="0" type="stmt"/>
          <line num="779" count="0" type="stmt"/>
          <line num="781" count="0" type="stmt"/>
          <line num="783" count="0" type="stmt"/>
          <line num="784" count="0" type="stmt"/>
          <line num="785" count="0" type="stmt"/>
          <line num="786" count="0" type="stmt"/>
          <line num="787" count="0" type="stmt"/>
          <line num="791" count="0" type="stmt"/>
          <line num="792" count="0" type="stmt"/>
          <line num="793" count="0" type="stmt"/>
          <line num="796" count="0" type="stmt"/>
          <line num="797" count="0" type="stmt"/>
          <line num="799" count="0" type="cond" truecount="0" falsecount="4"/>
          <line num="800" count="0" type="stmt"/>
          <line num="802" count="0" type="stmt"/>
          <line num="803" count="0" type="cond" truecount="0" falsecount="2"/>
          <line num="804" count="0" type="stmt"/>
          <line num="805" count="0" type="stmt"/>
          <line num="807" count="0" type="cond" truecount="0" falsecount="2"/>
          <line num="808" count="0" type="stmt"/>
          <line num="810" count="0" type="stmt"/>
          <line num="811" count="0" type="stmt"/>
          <line num="812" count="0" type="cond" truecount="0" falsecount="2"/>
          <line num="813" count="0" type="stmt"/>
          <line num="818" count="0" type="stmt"/>
          <line num="821" count="0" type="stmt"/>
          <line num="822" count="0" type="stmt"/>
          <line num="824" count="0" type="stmt"/>
          <line num="825" count="0" type="stmt"/>
          <line num="826" count="0" type="stmt"/>
          <line num="828" count="0" type="cond" truecount="0" falsecount="4"/>
          <line num="829" count="0" type="stmt"/>
          <line num="830" count="0" type="stmt"/>
          <line num="831" count="0" type="stmt"/>
          <line num="833" count="0" type="stmt"/>
          <line num="835" count="0" type="stmt"/>
          <line num="836" count="0" type="cond" truecount="0" falsecount="4"/>
          <line num="837" count="0" type="stmt"/>
          <line num="838" count="0" type="cond" truecount="0" falsecount="2"/>
          <line num="839" count="0" type="stmt"/>
          <line num="840" count="0" type="stmt"/>
          <line num="842" count="0" type="cond" truecount="0" falsecount="2"/>
          <line num="843" count="0" type="stmt"/>
          <line num="844" count="0" type="stmt"/>
          <line num="846" count="0" type="cond" truecount="0" falsecount="2"/>
          <line num="847" count="0" type="stmt"/>
          <line num="851" count="0" type="stmt"/>
          <line num="852" count="0" type="cond" truecount="0" falsecount="4"/>
          <line num="853" count="0" type="stmt"/>
          <line num="857" count="0" type="stmt"/>
          <line num="858" count="0" type="cond" truecount="0" falsecount="2"/>
          <line num="859" count="0" type="stmt"/>
          <line num="860" count="0" type="stmt"/>
          <line num="861" count="0" type="stmt"/>
          <line num="862" count="0" type="stmt"/>
          <line num="863" count="0" type="stmt"/>
          <line num="866" count="0" type="stmt"/>
          <line num="867" count="0" type="stmt"/>
          <line num="868" count="0" type="stmt"/>
          <line num="869" count="0" type="stmt"/>
          <line num="870" count="0" type="stmt"/>
          <line num="873" count="0" type="cond" truecount="0" falsecount="2"/>
          <line num="874" count="0" type="stmt"/>
          <line num="875" count="0" type="stmt"/>
          <line num="877" count="0" type="stmt"/>
          <line num="878" count="0" type="cond" truecount="0" falsecount="2"/>
          <line num="879" count="0" type="stmt"/>
          <line num="881" count="0" type="stmt"/>
          <line num="882" count="0" type="stmt"/>
          <line num="883" count="0" type="stmt"/>
          <line num="884" count="0" type="stmt"/>
          <line num="885" count="0" type="stmt"/>
          <line num="886" count="0" type="stmt"/>
          <line num="887" count="0" type="stmt"/>
          <line num="891" count="0" type="cond" truecount="0" falsecount="2"/>
          <line num="892" count="0" type="stmt"/>
          <line num="893" count="0" type="stmt"/>
          <line num="894" count="0" type="stmt"/>
          <line num="895" count="0" type="stmt"/>
          <line num="900" count="0" type="stmt"/>
          <line num="901" count="0" type="cond" truecount="0" falsecount="2"/>
          <line num="902" count="0" type="stmt"/>
          <line num="904" count="0" type="stmt"/>
          <line num="905" count="0" type="stmt"/>
          <line num="906" count="0" type="stmt"/>
          <line num="907" count="0" type="stmt"/>
          <line num="909" count="0" type="stmt"/>
          <line num="910" count="0" type="cond" truecount="0" falsecount="2"/>
          <line num="911" count="0" type="cond" truecount="0" falsecount="2"/>
          <line num="912" count="0" type="stmt"/>
          <line num="914" count="0" type="stmt"/>
          <line num="915" count="0" type="stmt"/>
          <line num="916" count="0" type="stmt"/>
          <line num="919" count="0" type="stmt"/>
          <line num="920" count="0" type="stmt"/>
          <line num="921" count="0" type="cond" truecount="0" falsecount="2"/>
          <line num="922" count="0" type="stmt"/>
          <line num="928" count="0" type="stmt"/>
          <line num="930" count="0" type="cond" truecount="0" falsecount="2"/>
          <line num="931" count="0" type="stmt"/>
          <line num="933" count="0" type="stmt"/>
          <line num="934" count="0" type="stmt"/>
          <line num="935" count="0" type="stmt"/>
          <line num="936" count="0" type="cond" truecount="0" falsecount="2"/>
          <line num="937" count="0" type="stmt"/>
          <line num="940" count="0" type="stmt"/>
          <line num="941" count="0" type="cond" truecount="0" falsecount="2"/>
          <line num="942" count="0" type="stmt"/>
          <line num="946" count="0" type="stmt"/>
          <line num="948" count="0" type="cond" truecount="0" falsecount="2"/>
          <line num="949" count="0" type="stmt"/>
          <line num="951" count="0" type="cond" truecount="0" falsecount="2"/>
          <line num="952" count="0" type="stmt"/>
          <line num="954" count="0" type="cond" truecount="0" falsecount="2"/>
          <line num="955" count="0" type="stmt"/>
          <line num="956" count="0" type="stmt"/>
          <line num="958" count="0" type="cond" truecount="0" falsecount="4"/>
          <line num="959" count="0" type="stmt"/>
          <line num="961" count="0" type="cond" truecount="0" falsecount="4"/>
          <line num="962" count="0" type="stmt"/>
          <line num="964" count="0" type="cond" truecount="0" falsecount="2"/>
          <line num="965" count="0" type="stmt"/>
          <line num="967" count="0" type="stmt"/>
          <line num="970" count="0" type="stmt"/>
          <line num="971" count="0" type="cond" truecount="0" falsecount="2"/>
          <line num="972" count="0" type="stmt"/>
          <line num="976" count="0" type="stmt"/>
          <line num="978" count="0" type="cond" truecount="0" falsecount="2"/>
          <line num="979" count="0" type="stmt"/>
          <line num="981" count="0" type="cond" truecount="0" falsecount="4"/>
          <line num="982" count="0" type="stmt"/>
          <line num="983" count="0" type="stmt"/>
          <line num="985" count="0" type="cond" truecount="0" falsecount="5"/>
          <line num="986" count="0" type="stmt"/>
          <line num="987" count="0" type="stmt"/>
          <line num="988" count="0" type="stmt"/>
          <line num="992" count="0" type="stmt"/>
          <line num="993" count="0" type="cond" truecount="0" falsecount="2"/>
          <line num="994" count="0" type="stmt"/>
          <line num="996" count="0" type="stmt"/>
          <line num="999" count="0" type="stmt"/>
          <line num="1000" count="0" type="stmt"/>
          <line num="1003" count="0" type="stmt"/>
          <line num="1007" count="0" type="stmt"/>
          <line num="1008" count="0" type="stmt"/>
          <line num="1011" count="0" type="stmt"/>
          <line num="1014" count="0" type="stmt"/>
          <line num="1016" count="0" type="stmt"/>
          <line num="1017" count="0" type="stmt"/>
          <line num="1018" count="0" type="stmt"/>
          <line num="1019" count="0" type="stmt"/>
          <line num="1022" count="0" type="stmt"/>
          <line num="1023" count="0" type="stmt"/>
          <line num="1024" count="0" type="cond" truecount="0" falsecount="2"/>
          <line num="1025" count="0" type="cond" truecount="0" falsecount="2"/>
          <line num="1026" count="0" type="stmt"/>
          <line num="1028" count="0" type="stmt"/>
          <line num="1031" count="0" type="stmt"/>
          <line num="1033" count="0" type="cond" truecount="0" falsecount="2"/>
          <line num="1034" count="0" type="cond" truecount="0" falsecount="2"/>
          <line num="1035" count="0" type="stmt"/>
          <line num="1037" count="0" type="cond" truecount="0" falsecount="2"/>
          <line num="1038" count="0" type="cond" truecount="0" falsecount="2"/>
          <line num="1039" count="0" type="cond" truecount="0" falsecount="2"/>
          <line num="1040" count="0" type="stmt"/>
          <line num="1041" count="0" type="stmt"/>
          <line num="1043" count="0" type="cond" truecount="0" falsecount="2"/>
          <line num="1044" count="0" type="stmt"/>
          <line num="1046" count="0" type="cond" truecount="0" falsecount="2"/>
          <line num="1047" count="0" type="cond" truecount="0" falsecount="2"/>
          <line num="1048" count="0" type="cond" truecount="0" falsecount="4"/>
          <line num="1049" count="0" type="stmt"/>
          <line num="1054" count="0" type="cond" truecount="0" falsecount="2"/>
          <line num="1055" count="0" type="stmt"/>
          <line num="1060" count="0" type="stmt"/>
          <line num="1062" count="0" type="cond" truecount="0" falsecount="2"/>
          <line num="1063" count="0" type="stmt"/>
          <line num="1064" count="0" type="stmt"/>
          <line num="1066" count="0" type="cond" truecount="0" falsecount="2"/>
          <line num="1067" count="0" type="stmt"/>
          <line num="1069" count="0" type="stmt"/>
          <line num="1070" count="0" type="cond" truecount="0" falsecount="2"/>
          <line num="1071" count="0" type="stmt"/>
          <line num="1073" count="0" type="stmt"/>
          <line num="1074" count="0" type="cond" truecount="0" falsecount="2"/>
          <line num="1075" count="0" type="stmt"/>
          <line num="1076" count="0" type="stmt"/>
          <line num="1077" count="0" type="stmt"/>
          <line num="1079" count="0" type="stmt"/>
          <line num="1081" count="0" type="stmt"/>
          <line num="1085" count="0" type="cond" truecount="0" falsecount="4"/>
          <line num="1086" count="0" type="stmt"/>
          <line num="1087" count="0" type="stmt"/>
          <line num="1089" count="0" type="cond" truecount="0" falsecount="2"/>
          <line num="1090" count="0" type="stmt"/>
          <line num="1092" count="0" type="stmt"/>
          <line num="1093" count="0" type="stmt"/>
          <line num="1094" count="0" type="stmt"/>
          <line num="1097" count="0" type="stmt"/>
          <line num="1098" count="0" type="stmt"/>
          <line num="1099" count="0" type="stmt"/>
          <line num="1100" count="0" type="stmt"/>
          <line num="1101" count="0" type="stmt"/>
          <line num="1102" count="0" type="stmt"/>
          <line num="1104" count="0" type="stmt"/>
          <line num="1105" count="0" type="stmt"/>
          <line num="1107" count="0" type="stmt"/>
          <line num="1108" count="0" type="stmt"/>
          <line num="1109" count="0" type="cond" truecount="0" falsecount="4"/>
          <line num="1110" count="0" type="stmt"/>
          <line num="1111" count="0" type="stmt"/>
          <line num="1112" count="0" type="stmt"/>
          <line num="1113" count="0" type="stmt"/>
          <line num="1115" count="0" type="stmt"/>
          <line num="1116" count="0" type="stmt"/>
          <line num="1117" count="0" type="cond" truecount="0" falsecount="4"/>
          <line num="1118" count="0" type="stmt"/>
          <line num="1119" count="0" type="stmt"/>
          <line num="1120" count="0" type="stmt"/>
          <line num="1121" count="0" type="stmt"/>
          <line num="1125" count="0" type="stmt"/>
          <line num="1126" count="0" type="stmt"/>
          <line num="1128" count="0" type="stmt"/>
          <line num="1129" count="0" type="stmt"/>
          <line num="1130" count="0" type="cond" truecount="0" falsecount="4"/>
          <line num="1131" count="0" type="stmt"/>
          <line num="1133" count="0" type="stmt"/>
          <line num="1134" count="0" type="cond" truecount="0" falsecount="2"/>
          <line num="1135" count="0" type="cond" truecount="0" falsecount="2"/>
          <line num="1136" count="0" type="stmt"/>
          <line num="1138" count="0" type="cond" truecount="0" falsecount="2"/>
          <line num="1139" count="0" type="stmt"/>
          <line num="1140" count="0" type="stmt"/>
          <line num="1141" count="0" type="stmt"/>
          <line num="1143" count="0" type="stmt"/>
          <line num="1144" count="0" type="stmt"/>
          <line num="1145" count="0" type="stmt"/>
          <line num="1148" count="0" type="cond" truecount="0" falsecount="2"/>
          <line num="1149" count="0" type="stmt"/>
          <line num="1150" count="0" type="cond" truecount="0" falsecount="2"/>
          <line num="1151" count="0" type="stmt"/>
          <line num="1153" count="0" type="stmt"/>
          <line num="1156" count="0" type="stmt"/>
          <line num="1157" count="0" type="cond" truecount="0" falsecount="2"/>
          <line num="1158" count="0" type="stmt"/>
          <line num="1162" count="0" type="cond" truecount="0" falsecount="2"/>
          <line num="1163" count="0" type="stmt"/>
          <line num="1165" count="0" type="stmt"/>
          <line num="1167" count="0" type="stmt"/>
          <line num="1168" count="0" type="stmt"/>
          <line num="1171" count="0" type="stmt"/>
          <line num="1172" count="0" type="stmt"/>
          <line num="1174" count="0" type="stmt"/>
          <line num="1175" count="0" type="cond" truecount="0" falsecount="2"/>
          <line num="1176" count="0" type="stmt"/>
          <line num="1177" count="0" type="stmt"/>
          <line num="1178" count="0" type="stmt"/>
          <line num="1180" count="0" type="stmt"/>
          <line num="1181" count="0" type="stmt"/>
          <line num="1182" count="0" type="stmt"/>
          <line num="1183" count="0" type="cond" truecount="0" falsecount="4"/>
          <line num="1184" count="0" type="stmt"/>
          <line num="1185" count="0" type="stmt"/>
          <line num="1186" count="0" type="stmt"/>
          <line num="1188" count="0" type="stmt"/>
          <line num="1189" count="0" type="stmt"/>
          <line num="1190" count="0" type="stmt"/>
          <line num="1192" count="0" type="stmt"/>
          <line num="1193" count="0" type="stmt"/>
          <line num="1194" count="0" type="stmt"/>
          <line num="1197" count="0" type="stmt"/>
          <line num="1198" count="0" type="stmt"/>
          <line num="1200" count="0" type="stmt"/>
          <line num="1201" count="0" type="cond" truecount="0" falsecount="5"/>
          <line num="1202" count="0" type="stmt"/>
          <line num="1204" count="0" type="stmt"/>
          <line num="1205" count="0" type="stmt"/>
          <line num="1206" count="0" type="stmt"/>
          <line num="1207" count="0" type="stmt"/>
          <line num="1210" count="0" type="stmt"/>
          <line num="1211" count="0" type="stmt"/>
          <line num="1213" count="0" type="stmt"/>
          <line num="1214" count="0" type="stmt"/>
          <line num="1215" count="0" type="cond" truecount="0" falsecount="4"/>
          <line num="1216" count="0" type="stmt"/>
          <line num="1218" count="0" type="stmt"/>
          <line num="1219" count="0" type="stmt"/>
          <line num="1220" count="0" type="stmt"/>
          <line num="1221" count="0" type="cond" truecount="0" falsecount="4"/>
          <line num="1222" count="0" type="stmt"/>
          <line num="1224" count="0" type="cond" truecount="0" falsecount="4"/>
          <line num="1225" count="0" type="stmt"/>
          <line num="1227" count="0" type="cond" truecount="0" falsecount="4"/>
          <line num="1228" count="0" type="stmt"/>
          <line num="1229" count="0" type="cond" truecount="0" falsecount="2"/>
          <line num="1230" count="0" type="stmt"/>
          <line num="1232" count="0" type="stmt"/>
          <line num="1234" count="0" type="cond" truecount="0" falsecount="2"/>
          <line num="1235" count="0" type="cond" truecount="0" falsecount="5"/>
          <line num="1236" count="0" type="stmt"/>
          <line num="1237" count="0" type="stmt"/>
          <line num="1238" count="0" type="stmt"/>
          <line num="1239" count="0" type="stmt"/>
          <line num="1240" count="0" type="cond" truecount="0" falsecount="2"/>
          <line num="1241" count="0" type="stmt"/>
          <line num="1243" count="0" type="stmt"/>
          <line num="1244" count="0" type="stmt"/>
          <line num="1245" count="0" type="cond" truecount="0" falsecount="2"/>
          <line num="1246" count="0" type="stmt"/>
          <line num="1247" count="0" type="stmt"/>
          <line num="1248" count="0" type="stmt"/>
          <line num="1249" count="0" type="stmt"/>
          <line num="1251" count="0" type="stmt"/>
          <line num="1252" count="0" type="stmt"/>
          <line num="1253" count="0" type="stmt"/>
          <line num="1254" count="0" type="stmt"/>
          <line num="1256" count="0" type="stmt"/>
          <line num="1259" count="0" type="stmt"/>
          <line num="1260" count="0" type="stmt"/>
          <line num="1262" count="0" type="cond" truecount="0" falsecount="2"/>
          <line num="1263" count="0" type="stmt"/>
          <line num="1265" count="0" type="cond" truecount="0" falsecount="2"/>
          <line num="1266" count="0" type="stmt"/>
          <line num="1267" count="0" type="stmt"/>
          <line num="1268" count="0" type="stmt"/>
          <line num="1269" count="0" type="stmt"/>
          <line num="1270" count="0" type="stmt"/>
          <line num="1273" count="0" type="stmt"/>
          <line num="1274" count="0" type="stmt"/>
          <line num="1276" count="0" type="cond" truecount="0" falsecount="2"/>
          <line num="1277" count="0" type="stmt"/>
          <line num="1279" count="0" type="stmt"/>
          <line num="1280" count="0" type="stmt"/>
          <line num="1281" count="0" type="stmt"/>
          <line num="1282" count="0" type="stmt"/>
          <line num="1287" count="0" type="stmt"/>
          <line num="1291" count="0" type="stmt"/>
          <line num="1292" count="0" type="stmt"/>
          <line num="1295" count="0" type="stmt"/>
          <line num="1298" count="0" type="stmt"/>
          <line num="1300" count="0" type="stmt"/>
          <line num="1302" count="0" type="stmt"/>
          <line num="1304" count="0" type="stmt"/>
          <line num="1306" count="0" type="stmt"/>
          <line num="1308" count="0" type="stmt"/>
          <line num="1310" count="0" type="stmt"/>
          <line num="1311" count="0" type="stmt"/>
          <line num="1312" count="0" type="cond" truecount="0" falsecount="2"/>
          <line num="1313" count="0" type="stmt"/>
          <line num="1314" count="0" type="stmt"/>
          <line num="1315" count="0" type="cond" truecount="0" falsecount="2"/>
          <line num="1316" count="0" type="stmt"/>
          <line num="1317" count="0" type="stmt"/>
          <line num="1319" count="0" type="stmt"/>
          <line num="1320" count="0" type="stmt"/>
          <line num="1322" count="0" type="stmt"/>
          <line num="1323" count="0" type="stmt"/>
          <line num="1324" count="0" type="stmt"/>
          <line num="1325" count="0" type="stmt"/>
          <line num="1326" count="0" type="stmt"/>
          <line num="1329" count="0" type="stmt"/>
          <line num="1330" count="0" type="stmt"/>
          <line num="1331" count="0" type="stmt"/>
          <line num="1332" count="0" type="stmt"/>
          <line num="1333" count="0" type="stmt"/>
          <line num="1336" count="0" type="stmt"/>
          <line num="1337" count="0" type="stmt"/>
          <line num="1338" count="0" type="stmt"/>
          <line num="1341" count="0" type="stmt"/>
          <line num="1342" count="0" type="stmt"/>
          <line num="1343" count="0" type="cond" truecount="0" falsecount="4"/>
          <line num="1344" count="0" type="stmt"/>
          <line num="1346" count="0" type="stmt"/>
          <line num="1349" count="0" type="stmt"/>
          <line num="1350" count="0" type="stmt"/>
          <line num="1351" count="0" type="stmt"/>
          <line num="1354" count="0" type="stmt"/>
          <line num="1355" count="0" type="stmt"/>
          <line num="1356" count="0" type="cond" truecount="0" falsecount="2"/>
          <line num="1357" count="0" type="stmt"/>
          <line num="1361" count="0" type="stmt"/>
          <line num="1362" count="0" type="stmt"/>
          <line num="1363" count="0" type="stmt"/>
          <line num="1368" count="0" type="stmt"/>
          <line num="1369" count="0" type="stmt"/>
          <line num="1370" count="0" type="stmt"/>
          <line num="1373" count="0" type="stmt"/>
          <line num="1374" count="0" type="cond" truecount="0" falsecount="2"/>
          <line num="1375" count="0" type="cond" truecount="0" falsecount="2"/>
          <line num="1377" count="0" type="stmt"/>
          <line num="1380" count="0" type="stmt"/>
          <line num="1381" count="0" type="cond" truecount="0" falsecount="2"/>
          <line num="1382" count="0" type="cond" truecount="0" falsecount="2"/>
          <line num="1383" count="0" type="stmt"/>
          <line num="1385" count="0" type="stmt"/>
          <line num="1386" count="0" type="cond" truecount="0" falsecount="2"/>
          <line num="1387" count="0" type="stmt"/>
          <line num="1389" count="0" type="stmt"/>
          <line num="1393" count="0" type="stmt"/>
          <line num="1396" count="0" type="stmt"/>
          <line num="1398" count="0" type="cond" truecount="0" falsecount="2"/>
          <line num="1399" count="0" type="stmt"/>
          <line num="1401" count="0" type="stmt"/>
          <line num="1402" count="0" type="cond" truecount="0" falsecount="2"/>
          <line num="1403" count="0" type="stmt"/>
          <line num="1405" count="0" type="stmt"/>
          <line num="1406" count="0" type="stmt"/>
          <line num="1407" count="0" type="stmt"/>
          <line num="1411" count="0" type="cond" truecount="0" falsecount="2"/>
          <line num="1412" count="0" type="stmt"/>
          <line num="1413" count="0" type="stmt"/>
          <line num="1417" count="0" type="stmt"/>
          <line num="1418" count="0" type="cond" truecount="0" falsecount="4"/>
          <line num="1419" count="0" type="stmt"/>
          <line num="1421" count="0" type="stmt"/>
          <line num="1425" count="0" type="stmt"/>
          <line num="1427" count="0" type="cond" truecount="0" falsecount="4"/>
          <line num="1428" count="0" type="stmt"/>
          <line num="1430" count="0" type="stmt"/>
          <line num="1431" count="0" type="stmt"/>
          <line num="1432" count="0" type="stmt"/>
          <line num="1433" count="0" type="stmt"/>
          <line num="1434" count="0" type="stmt"/>
          <line num="1435" count="0" type="stmt"/>
          <line num="1436" count="0" type="stmt"/>
          <line num="1437" count="0" type="stmt"/>
          <line num="1440" count="0" type="stmt"/>
          <line num="1442" count="0" type="cond" truecount="0" falsecount="4"/>
          <line num="1443" count="0" type="stmt"/>
          <line num="1445" count="0" type="stmt"/>
          <line num="1446" count="0" type="stmt"/>
          <line num="1447" count="0" type="stmt"/>
          <line num="1448" count="0" type="stmt"/>
          <line num="1449" count="0" type="stmt"/>
          <line num="1450" count="0" type="stmt"/>
          <line num="1451" count="0" type="stmt"/>
          <line num="1452" count="0" type="stmt"/>
          <line num="1455" count="0" type="stmt"/>
          <line num="1457" count="0" type="stmt"/>
          <line num="1458" count="0" type="cond" truecount="0" falsecount="2"/>
          <line num="1459" count="0" type="stmt"/>
          <line num="1461" count="0" type="stmt"/>
          <line num="1462" count="0" type="stmt"/>
          <line num="1463" count="0" type="stmt"/>
          <line num="1466" count="0" type="stmt"/>
          <line num="1468" count="0" type="cond" truecount="0" falsecount="2"/>
          <line num="1469" count="0" type="stmt"/>
          <line num="1471" count="0" type="stmt"/>
          <line num="1473" count="0" type="stmt"/>
          <line num="1474" count="0" type="stmt"/>
          <line num="1475" count="0" type="stmt"/>
          <line num="1476" count="0" type="cond" truecount="0" falsecount="5"/>
          <line num="1477" count="0" type="stmt"/>
          <line num="1479" count="0" type="cond" truecount="0" falsecount="2"/>
          <line num="1480" count="0" type="cond" truecount="0" falsecount="4"/>
          <line num="1481" count="0" type="stmt"/>
          <line num="1482" count="0" type="stmt"/>
          <line num="1485" count="0" type="stmt"/>
          <line num="1486" count="0" type="stmt"/>
          <line num="1488" count="0" type="cond" truecount="0" falsecount="2"/>
          <line num="1489" count="0" type="stmt"/>
          <line num="1491" count="0" type="stmt"/>
          <line num="1493" count="0" type="stmt"/>
          <line num="1496" count="0" type="stmt"/>
          <line num="1498" count="0" type="cond" truecount="0" falsecount="2"/>
          <line num="1499" count="0" type="stmt"/>
          <line num="1501" count="0" type="stmt"/>
          <line num="1502" count="0" type="stmt"/>
          <line num="1503" count="0" type="stmt"/>
          <line num="1504" count="0" type="stmt"/>
          <line num="1505" count="0" type="cond" truecount="0" falsecount="2"/>
          <line num="1506" count="0" type="stmt"/>
          <line num="1507" count="0" type="cond" truecount="0" falsecount="2"/>
          <line num="1508" count="0" type="stmt"/>
          <line num="1509" count="0" type="stmt"/>
          <line num="1510" count="0" type="stmt"/>
          <line num="1512" count="0" type="stmt"/>
          <line num="1513" count="0" type="stmt"/>
          <line num="1514" count="0" type="stmt"/>
          <line num="1516" count="0" type="stmt"/>
          <line num="1518" count="0" type="stmt"/>
          <line num="1519" count="0" type="stmt"/>
          <line num="1520" count="0" type="stmt"/>
          <line num="1521" count="0" type="stmt"/>
          <line num="1524" count="0" type="stmt"/>
          <line num="1527" count="0" type="stmt"/>
          <line num="1529" count="0" type="stmt"/>
          <line num="1530" count="0" type="stmt"/>
          <line num="1531" count="0" type="stmt"/>
          <line num="1532" count="0" type="stmt"/>
          <line num="1533" count="0" type="stmt"/>
          <line num="1534" count="0" type="cond" truecount="0" falsecount="2"/>
          <line num="1535" count="0" type="cond" truecount="0" falsecount="4"/>
          <line num="1536" count="0" type="stmt"/>
          <line num="1537" count="0" type="stmt"/>
          <line num="1538" count="0" type="stmt"/>
          <line num="1540" count="0" type="stmt"/>
          <line num="1541" count="0" type="stmt"/>
          <line num="1544" count="0" type="stmt"/>
          <line num="1546" count="0" type="stmt"/>
          <line num="1549" count="0" type="stmt"/>
          <line num="1551" count="0" type="cond" truecount="0" falsecount="2"/>
          <line num="1552" count="0" type="stmt"/>
          <line num="1553" count="0" type="cond" truecount="0" falsecount="4"/>
          <line num="1558" count="0" type="stmt"/>
          <line num="1560" count="0" type="cond" truecount="0" falsecount="2"/>
          <line num="1561" count="0" type="stmt"/>
          <line num="1563" count="0" type="stmt"/>
          <line num="1564" count="0" type="stmt"/>
          <line num="1565" count="0" type="cond" truecount="0" falsecount="2"/>
          <line num="1566" count="0" type="stmt"/>
          <line num="1567" count="0" type="stmt"/>
          <line num="1569" count="0" type="stmt"/>
          <line num="1570" count="0" type="stmt"/>
          <line num="1572" count="0" type="cond" truecount="0" falsecount="4"/>
          <line num="1573" count="0" type="cond" truecount="0" falsecount="4"/>
          <line num="1574" count="0" type="cond" truecount="0" falsecount="2"/>
          <line num="1575" count="0" type="stmt"/>
          <line num="1578" count="0" type="stmt"/>
          <line num="1580" count="0" type="stmt"/>
          <line num="1581" count="0" type="stmt"/>
          <line num="1582" count="0" type="stmt"/>
          <line num="1583" count="0" type="stmt"/>
          <line num="1587" count="0" type="stmt"/>
          <line num="1591" count="0" type="stmt"/>
          <line num="1592" count="0" type="stmt"/>
          <line num="1595" count="0" type="stmt"/>
          <line num="1598" count="0" type="stmt"/>
          <line num="1600" count="0" type="stmt"/>
          <line num="1601" count="0" type="stmt"/>
          <line num="1602" count="0" type="cond" truecount="0" falsecount="4"/>
          <line num="1603" count="0" type="stmt"/>
          <line num="1607" count="0" type="stmt"/>
          <line num="1609" count="0" type="stmt"/>
          <line num="1611" count="0" type="stmt"/>
          <line num="1612" count="0" type="cond" truecount="0" falsecount="2"/>
          <line num="1613" count="0" type="stmt"/>
          <line num="1614" count="0" type="cond" truecount="0" falsecount="2"/>
          <line num="1615" count="0" type="stmt"/>
          <line num="1616" count="0" type="cond" truecount="0" falsecount="2"/>
          <line num="1617" count="0" type="stmt"/>
          <line num="1618" count="0" type="cond" truecount="0" falsecount="2"/>
          <line num="1619" count="0" type="stmt"/>
          <line num="1621" count="0" type="cond" truecount="0" falsecount="2"/>
          <line num="1622" count="0" type="stmt"/>
          <line num="1624" count="0" type="stmt"/>
          <line num="1627" count="0" type="stmt"/>
          <line num="1629" count="0" type="stmt"/>
          <line num="1630" count="0" type="stmt"/>
          <line num="1631" count="0" type="stmt"/>
          <line num="1632" count="0" type="cond" truecount="0" falsecount="2"/>
          <line num="1633" count="0" type="stmt"/>
          <line num="1634" count="0" type="stmt"/>
          <line num="1635" count="0" type="cond" truecount="0" falsecount="2"/>
          <line num="1636" count="0" type="stmt"/>
          <line num="1640" count="0" type="cond" truecount="0" falsecount="2"/>
          <line num="1641" count="0" type="stmt"/>
          <line num="1646" count="0" type="cond" truecount="0" falsecount="2"/>
          <line num="1647" count="0" type="stmt"/>
          <line num="1652" count="0" type="cond" truecount="0" falsecount="2"/>
          <line num="1653" count="0" type="stmt"/>
          <line num="1658" count="0" type="cond" truecount="0" falsecount="2"/>
          <line num="1659" count="0" type="stmt"/>
          <line num="1665" count="0" type="stmt"/>
          <line num="1669" count="0" type="stmt"/>
          <line num="1670" count="0" type="stmt"/>
          <line num="1673" count="0" type="stmt"/>
          <line num="1674" count="0" type="cond" truecount="0" falsecount="2"/>
          <line num="1675" count="0" type="stmt"/>
          <line num="1676" count="0" type="stmt"/>
          <line num="1677" count="0" type="stmt"/>
          <line num="1679" count="0" type="stmt"/>
          <line num="1681" count="0" type="stmt"/>
          <line num="1684" count="0" type="stmt"/>
          <line num="1687" count="0" type="stmt"/>
          <line num="1692" count="0" type="stmt"/>
          <line num="1693" count="0" type="cond" truecount="0" falsecount="2"/>
          <line num="1694" count="0" type="stmt"/>
          <line num="1696" count="0" type="stmt"/>
          <line num="1699" count="0" type="stmt"/>
          <line num="1701" count="0" type="stmt"/>
          <line num="1702" count="0" type="cond" truecount="0" falsecount="2"/>
          <line num="1703" count="0" type="stmt"/>
          <line num="1705" count="0" type="stmt"/>
          <line num="1709" count="0" type="stmt"/>
          <line num="1711" count="0" type="stmt"/>
          <line num="1712" count="0" type="cond" truecount="0" falsecount="3"/>
          <line num="1715" count="0" type="stmt"/>
          <line num="1716" count="0" type="stmt"/>
          <line num="1719" count="0" type="stmt"/>
          <line num="1721" count="0" type="stmt"/>
          <line num="1722" count="0" type="stmt"/>
          <line num="1723" count="0" type="cond" truecount="0" falsecount="4"/>
          <line num="1724" count="0" type="stmt"/>
          <line num="1726" count="0" type="stmt"/>
          <line num="1729" count="0" type="stmt"/>
          <line num="1730" count="0" type="stmt"/>
          <line num="1731" count="0" type="stmt"/>
          <line num="1734" count="0" type="stmt"/>
          <line num="1737" count="0" type="stmt"/>
          <line num="1739" count="0" type="stmt"/>
          <line num="1743" count="0" type="stmt"/>
          <line num="1745" count="0" type="cond" truecount="0" falsecount="2"/>
          <line num="1747" count="0" type="stmt"/>
          <line num="1748" count="0" type="stmt"/>
          <line num="1750" count="0" type="stmt"/>
          <line num="1751" count="0" type="stmt"/>
          <line num="1754" count="0" type="cond" truecount="0" falsecount="3"/>
          <line num="1756" count="0" type="stmt"/>
          <line num="1757" count="0" type="stmt"/>
          <line num="1759" count="0" type="stmt"/>
          <line num="1760" count="0" type="stmt"/>
          <line num="1763" count="0" type="cond" truecount="0" falsecount="4"/>
          <line num="1764" count="0" type="cond" truecount="0" falsecount="2"/>
          <line num="1765" count="0" type="cond" truecount="0" falsecount="6"/>
          <line num="1766" count="0" type="stmt"/>
          <line num="1768" count="0" type="cond" truecount="0" falsecount="2"/>
          <line num="1769" count="0" type="stmt"/>
          <line num="1771" count="0" type="stmt"/>
          <line num="1773" count="0" type="stmt"/>
          <line num="1774" count="0" type="stmt"/>
          <line num="1775" count="0" type="cond" truecount="0" falsecount="4"/>
          <line num="1776" count="0" type="stmt"/>
          <line num="1778" count="0" type="stmt"/>
          <line num="1779" count="0" type="cond" truecount="0" falsecount="2"/>
          <line num="1780" count="0" type="cond" truecount="0" falsecount="2"/>
          <line num="1781" count="0" type="stmt"/>
          <line num="1785" count="0" type="stmt"/>
          <line num="1786" count="0" type="stmt"/>
          <line num="1787" count="0" type="stmt"/>
          <line num="1790" count="0" type="stmt"/>
          <line num="1792" count="0" type="stmt"/>
          <line num="1793" count="0" type="stmt"/>
          <line num="1794" count="0" type="stmt"/>
          <line num="1795" count="0" type="stmt"/>
          <line num="1796" count="0" type="stmt"/>
          <line num="1797" count="0" type="stmt"/>
          <line num="1798" count="0" type="stmt"/>
          <line num="1799" count="0" type="stmt"/>
          <line num="1800" count="0" type="stmt"/>
          <line num="1802" count="0" type="stmt"/>
          <line num="1804" count="0" type="stmt"/>
          <line num="1805" count="0" type="stmt"/>
          <line num="1806" count="0" type="stmt"/>
          <line num="1807" count="0" type="cond" truecount="0" falsecount="2"/>
          <line num="1808" count="0" type="cond" truecount="0" falsecount="2"/>
          <line num="1809" count="0" type="stmt"/>
          <line num="1811" count="0" type="stmt"/>
          <line num="1814" count="0" type="stmt"/>
          <line num="1816" count="0" type="stmt"/>
          <line num="1817" count="0" type="cond" truecount="0" falsecount="2"/>
          <line num="1818" count="0" type="stmt"/>
          <line num="1820" count="0" type="stmt"/>
          <line num="1821" count="0" type="stmt"/>
          <line num="1823" count="0" type="stmt"/>
          <line num="1826" count="0" type="stmt"/>
          <line num="1828" count="0" type="stmt"/>
          <line num="1829" count="0" type="stmt"/>
          <line num="1830" count="0" type="stmt"/>
          <line num="1831" count="0" type="stmt"/>
          <line num="1832" count="0" type="stmt"/>
          <line num="1833" count="0" type="stmt"/>
          <line num="1834" count="0" type="stmt"/>
          <line num="1836" count="0" type="stmt"/>
          <line num="1837" count="0" type="stmt"/>
          <line num="1838" count="0" type="cond" truecount="0" falsecount="2"/>
          <line num="1839" count="0" type="cond" truecount="0" falsecount="2"/>
          <line num="1840" count="0" type="cond" truecount="0" falsecount="2"/>
          <line num="1841" count="0" type="cond" truecount="0" falsecount="4"/>
          <line num="1842" count="0" type="stmt"/>
          <line num="1844" count="0" type="cond" truecount="0" falsecount="5"/>
          <line num="1845" count="0" type="stmt"/>
          <line num="1847" count="0" type="cond" truecount="0" falsecount="4"/>
          <line num="1848" count="0" type="cond" truecount="0" falsecount="5"/>
          <line num="1849" count="0" type="stmt"/>
          <line num="1851" count="0" type="stmt"/>
          <line num="1853" count="0" type="stmt"/>
          <line num="1854" count="0" type="cond" truecount="0" falsecount="4"/>
          <line num="1855" count="0" type="stmt"/>
          <line num="1857" count="0" type="cond" truecount="0" falsecount="4"/>
          <line num="1858" count="0" type="stmt"/>
          <line num="1860" count="0" type="stmt"/>
          <line num="1862" count="0" type="stmt"/>
          <line num="1865" count="0" type="stmt"/>
          <line num="1869" count="0" type="stmt"/>
          <line num="1870" count="0" type="stmt"/>
          <line num="1873" count="0" type="stmt"/>
[...]
          <line num="634" count="0" type="stmt"/>
          <line num="635" count="0" type="stmt"/>
          <line num="636" count="0" type="stmt"/>
          <line num="637" count="0" type="stmt"/>
          <line num="639" count="0" type="stmt"/>
          <line num="640" count="0" type="stmt"/>
          <line num="642" count="0" type="stmt"/>
          <line num="644" count="0" type="stmt"/>
          <line num="646" count="0" type="stmt"/>
          <line num="647" count="0" type="stmt"/>
          <line num="648" count="0" type="stmt"/>
          <line num="651" count="0" type="stmt"/>
          <line num="652" count="0" type="stmt"/>
          <line num="653" count="0" type="stmt"/>
          <line num="656" count="0" type="stmt"/>
          <line num="657" count="0" type="stmt"/>
          <line num="658" count="0" type="stmt"/>
          <line num="659" count="0" type="stmt"/>
          <line num="661" count="0" type="stmt"/>
          <line num="662" count="0" type="stmt"/>
          <line num="663" count="0" type="cond" truecount="0" falsecount="2"/>
          <line num="664" count="0" type="cond" truecount="0" falsecount="2"/>
          <line num="665" count="0" type="cond" truecount="0" falsecount="4"/>
          <line num="666" count="0" type="stmt"/>
          <line num="668" count="0" type="cond" truecount="0" falsecount="2"/>
          <line num="669" count="0" type="stmt"/>
          <line num="671" count="0" type="cond" truecount="0" falsecount="2"/>
          <line num="672" count="0" type="stmt"/>
          <line num="678" count="0" type="cond" truecount="0" falsecount="4"/>
          <line num="679" count="0" type="stmt"/>
          <line num="681" count="0" type="cond" truecount="0" falsecount="2"/>
          <line num="682" count="0" type="stmt"/>
          <line num="684" count="0" type="cond" truecount="0" falsecount="2"/>
          <line num="685" count="0" type="stmt"/>
          <line num="692" count="0" type="cond" truecount="0" falsecount="2"/>
          <line num="693" count="0" type="cond" truecount="0" falsecount="4"/>
          <line num="694" count="0" type="stmt"/>
          <line num="696" count="0" type="cond" truecount="0" falsecount="2"/>
          <line num="697" count="0" type="stmt"/>
          <line num="699" count="0" type="cond" truecount="0" falsecount="2"/>
          <line num="700" count="0" type="stmt"/>
          <line num="705" count="0" type="cond" truecount="0" falsecount="4"/>
          <line num="706" count="0" type="stmt"/>
          <line num="708" count="0" type="cond" truecount="0" falsecount="2"/>
          <line num="709" count="0" type="stmt"/>
          <line num="711" count="0" type="cond" truecount="0" falsecount="2"/>
          <line num="712" count="0" type="stmt"/>
          <line num="720" count="0" type="stmt"/>
          <line num="723" count="0" type="stmt"/>
          <line num="724" count="0" type="stmt"/>
          <line num="725" count="0" type="stmt"/>
          <line num="726" count="0" type="stmt"/>
          <line num="727" count="0" type="stmt"/>
          <line num="728" count="0" type="stmt"/>
          <line num="729" count="0" type="stmt"/>
          <line num="730" count="0" type="cond" truecount="0" falsecount="4"/>
          <line num="731" count="0" type="stmt"/>
          <line num="748" count="0" type="stmt"/>
          <line num="749" count="0" type="stmt"/>
          <line num="750" count="0" type="stmt"/>
          <line num="751" count="0" type="stmt"/>
          <line num="752" count="0" type="stmt"/>
          <line num="753" count="0" type="stmt"/>
          <line num="754" count="0" type="cond" truecount="0" falsecount="4"/>
          <line num="755" count="0" type="stmt"/>
          <line num="768" count="0" type="stmt"/>
          <line num="769" count="0" type="cond" truecount="0" falsecount="2"/>
          <line num="770" count="0" type="stmt"/>
          <line num="774" count="0" type="stmt"/>
          <line num="775" count="0" type="cond" truecount="0" falsecount="2"/>
          <line num="776" count="0" type="stmt"/>
          <line num="777" count="0" type="stmt"/>
          <line num="778" count="0" type="stmt"/>
          <line num="779" count="0" type="stmt"/>
          <line num="780" count="0" type="stmt"/>
          <line num="781" count="0" type="stmt"/>
          <line num="783" count="0" type="stmt"/>
          <line num="786" count="0" type="stmt"/>
          <line num="787" count="0" type="cond" truecount="0" falsecount="2"/>
          <line num="788" count="0" type="stmt"/>
          <line num="789" count="0" type="stmt"/>
          <line num="790" count="0" type="stmt"/>
          <line num="791" count="0" type="stmt"/>
          <line num="792" count="0" type="cond" truecount="0" falsecount="2"/>
          <line num="793" count="0" type="stmt"/>
          <line num="794" count="0" type="stmt"/>
          <line num="795" count="0" type="cond" truecount="0" falsecount="2"/>
          <line num="796" count="0" type="stmt"/>
          <line num="800" count="0" type="stmt"/>
          <line num="803" count="0" type="stmt"/>
          <line num="804" count="0" type="cond" truecount="0" falsecount="2"/>
          <line num="805" count="0" type="stmt"/>
          <line num="810" count="0" type="stmt"/>
          <line num="811" count="0" type="cond" truecount="0" falsecount="2"/>
          <line num="812" count="0" type="stmt"/>
          <line num="816" count="0" type="stmt"/>
          <line num="817" count="0" type="stmt"/>
          <line num="818" count="0" type="stmt"/>
          <line num="819" count="0" type="stmt"/>
          <line num="823" count="0" type="stmt"/>
          <line num="824" count="0" type="stmt"/>
          <line num="828" count="0" type="stmt"/>
          <line num="829" count="0" type="stmt"/>
          <line num="830" count="0" type="stmt"/>
          <line num="833" count="0" type="stmt"/>
          <line num="838" count="0" type="stmt"/>
          <line num="839" count="0" type="stmt"/>
          <line num="843" count="0" type="stmt"/>
          <line num="844" count="0" type="stmt"/>
          <line num="846" count="0" type="stmt"/>
          <line num="848" count="0" type="stmt"/>
          <line num="849" count="0" type="cond" truecount="0" falsecount="5"/>
          <line num="850" count="0" type="stmt"/>
          <line num="851" count="0" type="stmt"/>
          <line num="852" count="0" type="stmt"/>
          <line num="853" count="0" type="stmt"/>
          <line num="854" count="0" type="cond" truecount="0" falsecount="2"/>
          <line num="855" count="0" type="stmt"/>
          <line num="857" count="0" type="stmt"/>
          <line num="860" count="0" type="stmt"/>
          <line num="864" count="0" type="stmt"/>
          <line num="865" count="0" type="stmt"/>
          <line num="866" count="0" type="stmt"/>
          <line num="867" count="0" type="stmt"/>
          <line num="868" count="0" type="stmt"/>
          <line num="869" count="0" type="cond" truecount="0" falsecount="2"/>
          <line num="870" count="0" type="stmt"/>
          <line num="871" count="0" type="stmt"/>
          <line num="872" count="0" type="stmt"/>
          <line num="873" count="0" type="stmt"/>
          <line num="874" count="0" type="stmt"/>
          <line num="875" count="0" type="stmt"/>
          <line num="876" count="0" type="stmt"/>
          <line num="877" count="0" type="stmt"/>
          <line num="878" count="0" type="stmt"/>
          <line num="879" count="0" type="stmt"/>
          <line num="880" count="0" type="stmt"/>
          <line num="881" count="0" type="stmt"/>
          <line num="882" count="0" type="stmt"/>
          <line num="883" count="0" type="stmt"/>
          <line num="884" count="0" type="stmt"/>
          <line num="887" count="0" type="stmt"/>
          <line num="888" count="0" type="stmt"/>
          <line num="889" count="0" type="stmt"/>
          <line num="890" count="0" type="stmt"/>
          <line num="891" count="0" type="stmt"/>
          <line num="894" count="0" type="stmt"/>
          <line num="895" count="0" type="cond" truecount="0" falsecount="2"/>
          <line num="896" count="0" type="stmt"/>
          <line num="899" count="0" type="stmt"/>
          <line num="901" count="0" type="cond" truecount="0" falsecount="2"/>
          <line num="902" count="0" type="stmt"/>
          <line num="905" count="0" type="stmt"/>
          <line num="916" count="0" type="stmt"/>
          <line num="917" count="0" type="cond" truecount="0" falsecount="2"/>
          <line num="919" count="0" type="stmt"/>
          <line num="921" count="0" type="cond" truecount="0" falsecount="2"/>
          <line num="922" count="0" type="stmt"/>
          <line num="924" count="0" type="cond" truecount="0" falsecount="2"/>
          <line num="925" count="0" type="stmt"/>
          <line num="929" count="0" type="stmt"/>
          <line num="930" count="0" type="stmt"/>
          <line num="931" count="0" type="stmt"/>
          <line num="934" count="0" type="stmt"/>
          <line num="935" count="0" type="stmt"/>
          <line num="936" count="0" type="cond" truecount="0" falsecount="2"/>
          <line num="937" count="0" type="stmt"/>
          <line num="939" count="0" type="stmt"/>
          <line num="943" count="0" type="stmt"/>
          <line num="944" count="0" type="stmt"/>
          <line num="945" count="0" type="cond" truecount="0" falsecount="2"/>
          <line num="946" count="0" type="stmt"/>
          <line num="948" count="0" type="stmt"/>
          <line num="953" count="0" type="stmt"/>
          <line num="954" count="0" type="stmt"/>
          <line num="955" count="0" type="cond" truecount="0" falsecount="2"/>
          <line num="956" count="0" type="stmt"/>
          <line num="958" count="0" type="stmt"/>
          <line num="959" count="0" type="stmt"/>
          <line num="966" count="0" type="cond" truecount="0" falsecount="2"/>
          <line num="967" count="0" type="stmt"/>
          <line num="974" count="0" type="stmt"/>
          <line num="975" count="0" type="stmt"/>
          <line num="976" count="0" type="cond" truecount="0" falsecount="4"/>
          <line num="977" count="0" type="stmt"/>
          <line num="979" count="0" type="cond" truecount="0" falsecount="2"/>
          <line num="980" count="0" type="stmt"/>
          <line num="985" count="0" type="stmt"/>
          <line num="987" count="0" type="cond" truecount="0" falsecount="4"/>
          <line num="988" count="0" type="stmt"/>
          <line num="990" count="0" type="cond" truecount="0" falsecount="2"/>
          <line num="991" count="0" type="stmt"/>
          <line num="996" count="0" type="cond" truecount="0" falsecount="2"/>
          <line num="997" count="0" type="stmt"/>
          <line num="998" count="0" type="stmt"/>
          <line num="999" count="0" type="cond" truecount="0" falsecount="2"/>
          <line num="1000" count="0" type="stmt"/>
          <line num="1001" count="0" type="stmt"/>
          <line num="1002" count="0" type="stmt"/>
          <line num="1003" count="0" type="stmt"/>
          <line num="1005" count="0" type="stmt"/>
          <line num="1006" count="0" type="stmt"/>
          <line num="1007" count="0" type="stmt"/>
          <line num="1011" count="0" type="stmt"/>
          <line num="1012" count="0" type="cond" truecount="0" falsecount="4"/>
          <line num="1014" count="0" type="stmt"/>
          <line num="1015" count="0" type="stmt"/>
          <line num="1016" count="0" type="cond" truecount="0" falsecount="2"/>
          <line num="1017" count="0" type="stmt"/>
          <line num="1018" count="0" type="stmt"/>
          <line num="1021" count="0" type="stmt"/>
          <line num="1023" count="0" type="stmt"/>
          <line num="1025" count="0" type="stmt"/>
          <line num="1026" count="0" type="stmt"/>
          <line num="1027" count="0" type="stmt"/>
          <line num="1028" count="0" type="stmt"/>
          <line num="1029" count="0" type="stmt"/>
          <line num="1031" count="0" type="stmt"/>
          <line num="1033" count="0" type="stmt"/>
          <line num="1034" count="0" type="stmt"/>
          <line num="1035" count="0" type="stmt"/>
          <line num="1036" count="0" type="stmt"/>
          <line num="1037" count="0" type="stmt"/>
          <line num="1038" count="0" type="cond" truecount="0" falsecount="4"/>
          <line num="1039" count="0" type="stmt"/>
          <line num="1040" count="0" type="cond" truecount="0" falsecount="2"/>
          <line num="1041" count="0" type="stmt"/>
          <line num="1050" count="0" type="cond" truecount="0" falsecount="2"/>
          <line num="1051" count="0" type="stmt"/>
          <line num="1053" count="0" type="stmt"/>
          <line num="1059" count="0" type="stmt"/>
          <line num="1061" count="0" type="stmt"/>
          <line num="1063" count="0" type="stmt"/>
          <line num="1064" count="0" type="stmt"/>
          <line num="1066" count="0" type="stmt"/>
          <line num="1068" count="0" type="stmt"/>
          <line num="1070" count="0" type="stmt"/>
          <line num="1072" count="0" type="stmt"/>
          <line num="1073" count="0" type="stmt"/>
          <line num="1074" count="0" type="cond" truecount="0" falsecount="2"/>
          <line num="1075" count="0" type="stmt"/>
          <line num="1076" count="0" type="cond" truecount="0" falsecount="2"/>
          <line num="1077" count="0" type="stmt"/>
          <line num="1083" count="0" type="stmt"/>
          <line num="1084" count="0" type="cond" truecount="0" falsecount="4"/>
          <line num="1086" count="0" type="stmt"/>
          <line num="1087" count="0" type="stmt"/>
          <line num="1088" count="0" type="cond" truecount="0" falsecount="2"/>
          <line num="1089" count="0" type="stmt"/>
          <line num="1090" count="0" type="stmt"/>
          <line num="1093" count="0" type="stmt"/>
          <line num="1095" count="0" type="stmt"/>
          <line num="1097" count="0" type="stmt"/>
          <line num="1098" count="0" type="stmt"/>
          <line num="1099" count="0" type="stmt"/>
          <line num="1100" count="0" type="stmt"/>
          <line num="1101" count="0" type="stmt"/>
          <line num="1103" count="0" type="stmt"/>
          <line num="1105" count="0" type="stmt"/>
          <line num="1107" count="0" type="stmt"/>
          <line num="1108" count="0" type="stmt"/>
          <line num="1109" count="0" type="stmt"/>
          <line num="1110" count="0" type="stmt"/>
          <line num="1111" count="0" type="cond" truecount="0" falsecount="4"/>
          <line num="1112" count="0" type="stmt"/>
          <line num="1113" count="0" type="cond" truecount="0" falsecount="2"/>
          <line num="1114" count="0" type="stmt"/>
          <line num="1125" count="0" type="cond" truecount="0" falsecount="2"/>
          <line num="1126" count="0" type="stmt"/>
          <line num="1128" count="0" type="stmt"/>
          <line num="1133" count="0" type="stmt"/>
          <line num="1135" count="0" type="stmt"/>
          <line num="1137" count="0" type="stmt"/>
          <line num="1138" count="0" type="stmt"/>
          <line num="1140" count="0" type="stmt"/>
          <line num="1142" count="0" type="stmt"/>
          <line num="1143" count="0" type="stmt"/>
        </file>
        <file name="home.vue" path="/Users/mac/businessSystem/src/views/home.vue">
          <metrics statements="21" coveredstatements="0" conditionals="8" coveredconditionals="0" methods="1" coveredmethods="0"/>
          <line num="75" count="0" type="stmt"/>
          <line num="80" count="0" type="stmt"/>
          <line num="87" count="0" type="stmt"/>
          <line num="88" count="0" type="stmt"/>
          <line num="89" count="0" type="cond" truecount="0" falsecount="2"/>
          <line num="90" count="0" type="stmt"/>
          <line num="91" count="0" type="stmt"/>
          <line num="95" count="0" type="stmt"/>
          <line num="96" count="0" type="stmt"/>
          <line num="98" count="0" type="cond" truecount="0" falsecount="2"/>
          <line num="99" count="0" type="stmt"/>
          <line num="100" count="0" type="stmt"/>
          <line num="101" count="0" type="cond" truecount="0" falsecount="2"/>
          <line num="104" count="0" type="stmt"/>
          <line num="111" count="0" type="stmt"/>
          <line num="115" count="0" type="stmt"/>
          <line num="116" count="0" type="stmt"/>
          <line num="117" count="0" type="stmt"/>
          <line num="118" count="0" type="stmt"/>
          <line num="119" count="0" type="cond" truecount="0" falsecount="2"/>
          <line num="120" count="0" type="stmt"/>
        </file>
        <file name="register.vue" path="/Users/mac/businessSystem/src/views/register.vue">
          <metrics statements="50" coveredstatements="0" conditionals="24" coveredconditionals="0" methods="3" coveredmethods="0"/>
          <line num="36" count="0" type="stmt"/>
          <line num="42" count="0" type="stmt"/>
          <line num="55" count="0" type="stmt"/>
          <line num="58" count="0" type="stmt"/>
          <line num="59" count="0" type="cond" truecount="0" falsecount="4"/>
          <line num="60" count="0" type="stmt"/>
          <line num="61" count="0" type="stmt"/>
          <line num="62" count="0" type="cond" truecount="0" falsecount="2"/>
          <line num="63" count="0" type="stmt"/>
          <line num="64" count="0" type="stmt"/>
          <line num="66" count="0" type="stmt"/>
          <line num="67" count="0" type="cond" truecount="0" falsecount="2"/>
          <line num="68" count="0" type="stmt"/>
          <line num="69" count="0" type="stmt"/>
          <line num="71" count="0" type="stmt"/>
          <line num="72" count="0" type="stmt"/>
          <line num="73" count="0" type="stmt"/>
          <line num="74" count="0" type="stmt"/>
          <line num="78" count="0" type="cond" truecount="0" falsecount="2"/>
          <line num="79" count="0" type="stmt"/>
          <line num="80" count="0" type="stmt"/>
          <line num="84" count="0" type="stmt"/>
          <line num="85" count="0" type="cond" truecount="0" falsecount="2"/>
          <line num="86" count="0" type="stmt"/>
          <line num="87" count="0" type="stmt"/>
          <line num="88" count="0" type="cond" truecount="0" falsecount="2"/>
          <line num="89" count="0" type="stmt"/>
          <line num="90" count="0" type="stmt"/>
          <line num="91" count="0" type="cond" truecount="0" falsecount="2"/>
          <line num="92" count="0" type="stmt"/>
          <line num="93" count="0" type="stmt"/>
          <line num="94" count="0" type="cond" truecount="0" falsecount="2"/>
          <line num="95" count="0" type="stmt"/>
          <line num="96" count="0" type="stmt"/>
          <line num="97" count="0" type="cond" truecount="0" falsecount="2"/>
          <line num="98" count="0" type="stmt"/>
          <line num="99" count="0" type="stmt"/>
          <line num="101" count="0" type="stmt"/>
          <line num="102" count="0" type="stmt"/>
          <line num="103" count="0" type="cond" truecount="0" falsecount="2"/>
          <line num="104" count="0" type="stmt"/>
          <line num="105" count="0" type="stmt"/>
          <line num="106" count="0" type="stmt"/>
          <line num="108" count="0" type="stmt"/>
          <line num="112" count="0" type="stmt"/>
          <line num="114" count="0" type="stmt"/>
          <line num="122" count="0" type="stmt"/>
          <line num="123" count="0" type="stmt"/>
          <line num="124" count="0" type="cond" truecount="0" falsecount="2"/>
          <line num="125" count="0" type="stmt"/>
        </file>
      </package>
    </metrics>
  </project>
</coverage>
