TN:
SF:/Users/mac/businessSystem/src/api/AfterSale.js
FN:5,goodsReturnList
FN:15,goodsReturnListb
FN:24,goodsReturnUnFinishCount
FNF:3
FNH:0
FNDA:0,goodsReturnList
FNDA:0,goodsReturnListb
FNDA:0,goodsReturnUnFinishCount
DA:5,0
DA:15,0
DA:24,0
LF:3
LH:0
BRF:0
BRH:0
end_of_record
TN:
SF:/Users/mac/businessSystem/src/api/DeliverGoods.js
FN:5,sellerReturnAddressList
FNF:1
FNH:0
FNDA:0,sellerReturnAddressList
DA:5,0
LF:1
LH:0
BRF:0
BRH:0
end_of_record
TN:
SF:/Users/mac/businessSystem/src/api/EditGoods.js
FN:5,goodstypeAdd
FN:15,goodstypeList
FN:25,goodstypeUpdate
FN:36,goodsspecificationAdd
FN:46,goodsspecificationList
FN:56,goodsspecificationGet
FN:66,goodsspecificationUpdate
FN:76,goodsspecificationDelete
FN:87,goodsspecificationAddS
FN:98,goodsspecpropertyAdd
FN:109,goodsspecpropertyUpdate
FN:119,goodsspecpropertyDelete
FNF:12
FNH:0
FNDA:0,goodstypeAdd
FNDA:0,goodstypeList
FNDA:0,goodstypeUpdate
FNDA:0,goodsspecificationAdd
FNDA:0,goodsspecificationList
FNDA:0,goodsspecificationGet
FNDA:0,goodsspecificationUpdate
FNDA:0,goodsspecificationDelete
FNDA:0,goodsspecificationAddS
FNDA:0,goodsspecpropertyAdd
FNDA:0,goodsspecpropertyUpdate
FNDA:0,goodsspecpropertyDelete
DA:5,0
DA:15,0
DA:25,0
DA:36,0
DA:46,0
DA:56,0
DA:66,0
DA:76,0
DA:87,0
DA:98,0
DA:109,0
DA:119,0
LF:12
LH:0
BRF:0
BRH:0
end_of_record
TN:
SF:/Users/mac/businessSystem/src/api/LogisticsTools.js
FN:5,sellerReturnAddressAdd
FN:16,transAreaGetProvinceArea
FN:26,transAreaGetCityArea
FN:37,transAreaGetDistrictArea
FN:50,sellerReturnAddressList
FN:60,sellerReturnAddressDelete
FN:72,sellerReturnAddressUpdate
FN:82,transportList
FN:91,transportAdd
FN:101,transportDelete
FN:111,transportSelectById
FN:121,transportUpdate
FNF:12
FNH:0
FNDA:0,sellerReturnAddressAdd
FNDA:0,transAreaGetProvinceArea
FNDA:0,transAreaGetCityArea
FNDA:0,transAreaGetDistrictArea
FNDA:0,sellerReturnAddressList
FNDA:0,sellerReturnAddressDelete
FNDA:0,sellerReturnAddressUpdate
FNDA:0,transportList
FNDA:0,transportAdd
FNDA:0,transportDelete
FNDA:0,transportSelectById
FNDA:0,transportUpdate
DA:5,0
DA:16,0
DA:26,0
DA:37,0
DA:50,0
DA:60,0
DA:72,0
DA:82,0
DA:91,0
DA:101,0
DA:111,0
DA:121,0
LF:12
LH:0
BRF:0
BRH:0
end_of_record
TN:
SF:/Users/mac/businessSystem/src/api/NewGoods.js
FN:5,goodsGetSpec
FN:16,goodsPropertyAddOne
FN:28,goodsPropertyDelOne
FN:40,photoAdds
FN:48,goodsAddas
FN:60,goodsBrandAdminList
FNF:6
FNH:0
FNDA:0,goodsGetSpec
FNDA:0,goodsPropertyAddOne
FNDA:0,goodsPropertyDelOne
FNDA:0,photoAdds
FNDA:0,goodsAddas
FNDA:0,goodsBrandAdminList
DA:5,0
DA:16,0
DA:28,0
DA:40,0
DA:48,0
DA:60,0
LF:6
LH:0
BRF:0
BRH:0
end_of_record
TN:
SF:/Users/mac/businessSystem/src/api/PutQuestionsTo.js
FN:5,questionsWholeList
FN:14,questionsDetail
FN:24,questionsDelete
FN:34,questionCommentList
FN:44,questionCommentDelete
FNF:5
FNH:0
FNDA:0,questionsWholeList
FNDA:0,questionsDetail
FNDA:0,questionsDelete
FNDA:0,questionCommentList
FNDA:0,questionCommentDelete
DA:5,0
DA:14,0
DA:24,0
DA:34,0
DA:44,0
LF:5
LH:0
BRF:0
BRH:0
end_of_record
TN:
SF:/Users/mac/businessSystem/src/api/Shop.js
FN:5,storeApplyAdd
FN:18,photoAdd
FN:26,storeApplyApplyStatus
FNF:3
FNH:0
FNDA:0,storeApplyAdd
FNDA:0,photoAdd
FNDA:0,storeApplyApplyStatus
DA:5,0
DA:18,0
DA:26,0
LF:3
LH:0
BRF:0
BRH:0
end_of_record
TN:
SF:/Users/mac/businessSystem/src/api/Sign_in.js
FN:5,loginByUsername
FN:15,Exitlogon
FN:24,isLogin
FNF:3
FNH:0
FNDA:0,loginByUsername
FNDA:0,Exitlogon
FNDA:0,isLogin
DA:5,0
DA:15,0
DA:24,0
LF:3
LH:0
BRF:0
BRH:0
end_of_record
TN:
SF:/Users/mac/businessSystem/src/api/TutorialsManagement.js
FN:5,courseList
FN:14,waittingCheckList
FN:24,courseDetail
FN:34,coursEaudit
FN:44,coursEauditNO
FN:54,courseDelete
FN:64,courseCommentList
FN:74,commentList
FN:84,courseCommentDelete
FNF:9
FNH:0
FNDA:0,courseList
FNDA:0,waittingCheckList
FNDA:0,courseDetail
FNDA:0,coursEaudit
FNDA:0,coursEauditNO
FNDA:0,courseDelete
FNDA:0,courseCommentList
FNDA:0,commentList
FNDA:0,courseCommentDelete
DA:5,0
DA:14,0
DA:24,0
DA:34,0
DA:44,0
DA:54,0
DA:64,0
DA:74,0
DA:84,0
LF:9
LH:0
BRF:0
BRH:0
end_of_record
TN:
SF:/Users/mac/businessSystem/src/api/babyList.js
FN:5,goodsList
FN:14,goodsUpdateStatus
FN:25,goodsUpdateStatuss
FN:36,goodsUpdateStatusss
FNF:4
FNH:0
FNDA:0,goodsList
FNDA:0,goodsUpdateStatus
FNDA:0,goodsUpdateStatuss
FNDA:0,goodsUpdateStatusss
DA:5,0
DA:14,0
DA:25,0
DA:36,0
LF:4
LH:0
BRF:0
BRH:0
end_of_record
TN:
SF:/Users/mac/businessSystem/src/api/edit_commodity.js
FN:6,goodsFindForUpdate
FN:16,goodsUpdate
FN:29,photoAddsss
FN:38,goodsPropertyAddOnes
FN:51,goodsPropertyDelOnes
FNF:5
FNH:0
FNDA:0,goodsFindForUpdate
FNDA:0,goodsUpdate
FNDA:0,photoAddsss
FNDA:0,goodsPropertyAddOnes
FNDA:0,goodsPropertyDelOnes
DA:6,0
DA:16,0
DA:29,0
DA:38,0
DA:51,0
LF:5
LH:0
BRF:0
BRH:0
end_of_record
TN:
SF:/Users/mac/businessSystem/src/api/global.js
FNF:0
FNH:0
DA:1,0
LF:1
LH:0
BRF:0
BRH:0
end_of_record
TN:
SF:/Users/mac/businessSystem/src/api/register.js
FN:5,usrRegiSend
FN:15,usrRegister
FNF:2
FNH:0
FNDA:0,usrRegiSend
FNDA:0,usrRegister
DA:5,0
DA:15,0
LF:2
LH:0
BRF:0
BRH:0
end_of_record
TN:
SF:/Users/mac/businessSystem/src/api/share.js
FN:5,worldList
FN:14,friendCircleDetail
FN:24,friendCircleDelete
FN:34,commentList
FN:44,commentDelete
FNF:5
FNH:0
FNDA:0,worldList
FNDA:0,friendCircleDetail
FNDA:0,friendCircleDelete
FNDA:0,commentList
FNDA:0,commentDelete
DA:5,0
DA:14,0
DA:24,0
DA:34,0
DA:44,0
LF:5
LH:0
BRF:0
BRH:0
end_of_record
TN:
SF:/Users/mac/businessSystem/src/api/user.js
FN:5,Users
FN:14,Userfrozen
FN:24,usrUnFrozen
FNF:3
FNH:0
FNDA:0,Users
FNDA:0,Userfrozen
FNDA:0,usrUnFrozen
DA:5,0
DA:14,0
DA:24,0
LF:3
LH:0
BRF:0
BRH:0
end_of_record
TN:
SF:/Users/mac/businessSystem/src/js/hotkeys.min.js
FN:1,(anonymous_1)
FN:1,(anonymous_2)
FN:1,(anonymous_3)
FN:1,e
FN:1,c
FN:1,(anonymous_6)
FN:1,c
FN:1,(anonymous_8)
FN:1,(anonymous_9)
FN:1,(anonymous_10)
FN:1,(anonymous_11)
FN:1,(anonymous_12)
FN:1,(anonymous_13)
FN:1,(anonymous_14)
FN:1,(anonymous_15)
FN:1,(anonymous_16)
FN:1,d
FNF:17
FNH:0
FNDA:0,(anonymous_1)
FNDA:0,(anonymous_2)
FNDA:0,(anonymous_3)
FNDA:0,e
FNDA:0,c
FNDA:0,(anonymous_6)
FNDA:0,c
FNDA:0,(anonymous_8)
FNDA:0,(anonymous_9)
FNDA:0,(anonymous_10)
FNDA:0,(anonymous_11)
FNDA:0,(anonymous_12)
FNDA:0,(anonymous_13)
FNDA:0,(anonymous_14)
FNDA:0,(anonymous_15)
FNDA:0,(anonymous_16)
FNDA:0,d
DA:1,0
LF:1
LH:0
BRDA:1,0,0,0
BRDA:1,0,1,0
BRDA:1,1,0,0
BRDA:1,1,1,0
BRDA:1,2,0,0
BRDA:1,2,1,0
BRDA:1,3,0,0
BRDA:1,3,1,0
BRDA:1,4,0,0
BRDA:1,4,1,0
BRDA:1,5,0,0
BRDA:1,5,1,0
BRDA:1,6,0,0
BRDA:1,6,1,0
BRDA:1,7,0,0
BRDA:1,7,1,0
BRDA:1,8,0,0
BRDA:1,8,1,0
BRDA:1,9,0,0
BRDA:1,9,1,0
BRDA:1,10,0,0
BRDA:1,10,1,0
BRDA:1,11,0,0
BRDA:1,11,1,0
BRDA:1,12,0,0
BRDA:1,12,1,0
BRDA:1,13,0,0
BRDA:1,13,1,0
BRDA:1,14,0,0
BRDA:1,14,1,0
BRF:30
BRH:0
end_of_record
TN:
SF:/Users/mac/businessSystem/src/js/jquery-3.2.1.min.js
FN:2,(anonymous_1)
FN:2,(anonymous_2)
FN:2,(anonymous_3)
FN:2,p
FN:2,r
FN:2,v
FN:2,toArray
FN:2,get
FN:2,pushStack
FN:2,each
FN:2,map
FN:2,(anonymous_12)
FN:2,slice
FN:2,first
FN:2,last
FN:2,eq
FN:2,end
FN:2,(anonymous_18)
FN:2,error
FN:2,noop
FN:2,isFunction
FN:2,isWindow
FN:2,isNumeric
FN:2,isPlainObject
FN:2,isEmptyObject
FN:2,type
FN:2,globalEval
FN:2,camelCase
FN:2,each
FN:2,trim
FN:2,makeArray
FN:2,inArray
FN:2,merge
FN:2,grep
FN:2,map
FN:2,proxy
FN:2,e
FN:2,(anonymous_38)
FN:2,w
FN:2,(anonymous_40)
FN:2,B
FN:2,I
FN:2,aa
FN:2,ca
FN:2,da
FN:2,(anonymous_46)
FN:2,(anonymous_47)
FN:2,(anonymous_48)
FN:2,ga
FN:2,ha
FN:2,b
FN:2,ia
FN:2,ja
FN:2,ka
FN:2,la
FN:2,ma
FN:2,(anonymous_57)
FN:2,na
FN:2,(anonymous_59)
FN:2,oa
FN:2,(anonymous_61)
FN:2,pa
FN:2,(anonymous_63)
FN:2,(anonymous_64)
FN:2,qa
FN:2,(anonymous_66)
FN:2,(anonymous_67)
FN:2,(anonymous_68)
FN:2,(anonymous_69)
FN:2,(anonymous_70)
FN:2,(anonymous_71)
FN:2,(anonymous_72)
FN:2,(anonymous_73)
FN:2,(anonymous_74)
FN:2,(anonymous_75)
FN:2,(anonymous_76)
FN:2,(anonymous_77)
FN:2,(anonymous_78)
FN:2,(anonymous_79)
FN:2,(anonymous_80)
FN:2,(anonymous_81)
FN:2,(anonymous_82)
FN:2,(anonymous_83)
FN:2,(anonymous_84)
FN:2,(anonymous_85)
FN:2,(anonymous_86)
FN:2,(anonymous_87)
FN:2,(anonymous_88)
FN:2,(anonymous_89)
FN:2,(anonymous_90)
FN:2,(anonymous_91)
FN:2,(anonymous_92)
FN:2,(anonymous_93)
FN:2,(anonymous_94)
FN:2,ATTR
FN:2,CHILD
FN:2,PSEUDO
FN:2,TAG
FN:2,(anonymous_99)
FN:2,(anonymous_100)
FN:2,CLASS
FN:2,(anonymous_102)
FN:2,ATTR
FN:2,(anonymous_104)
FN:2,CHILD
FN:2,(anonymous_106)
FN:2,(anonymous_107)
FN:2,PSEUDO
FN:2,(anonymous_109)
FN:2,(anonymous_110)
FN:2,(anonymous_111)
FN:2,(anonymous_112)
FN:2,(anonymous_113)
FN:2,(anonymous_114)
FN:2,(anonymous_115)
FN:2,(anonymous_116)
FN:2,(anonymous_117)
FN:2,(anonymous_118)
FN:2,(anonymous_119)
FN:2,target
FN:2,root
FN:2,focus
FN:2,checked
FN:2,selected
FN:2,empty
FN:2,parent
FN:2,header
FN:2,input
FN:2,button
FN:2,text
FN:2,(anonymous_131)
FN:2,(anonymous_132)
FN:2,(anonymous_133)
FN:2,(anonymous_134)
FN:2,(anonymous_135)
FN:2,(anonymous_136)
FN:2,(anonymous_137)
FN:2,ra
FN:2,(anonymous_139)
FN:2,sa
FN:2,ta
FN:2,(anonymous_142)
FN:2,(anonymous_143)
FN:2,ua
FN:2,(anonymous_145)
FN:2,va
FN:2,wa
FN:2,xa
FN:2,(anonymous_149)
FN:2,ya
FN:2,za
FN:2,f
FN:2,(anonymous_153)
FN:2,(anonymous_154)
FN:2,(anonymous_155)
FN:2,(anonymous_156)
FN:2,(anonymous_157)
FN:2,(anonymous_158)
FN:2,(anonymous_159)
FN:2,(anonymous_160)
FN:2,(anonymous_161)
FN:2,y
FN:2,z
FN:2,B
FN:2,E
FN:2,(anonymous_166)
FN:2,(anonymous_167)
FN:2,(anonymous_168)
FN:2,(anonymous_169)
FN:2,(anonymous_170)
FN:2,(anonymous_171)
FN:2,find
FN:2,(anonymous_173)
FN:2,filter
FN:2,not
FN:2,is
FN:2,(anonymous_177)
FN:2,has
FN:2,(anonymous_179)
FN:2,closest
FN:2,index
FN:2,add
FN:2,addBack
FN:2,K
FN:2,parent
FN:2,parents
FN:2,parentsUntil
FN:2,next
FN:2,prev
FN:2,nextAll
FN:2,prevAll
FN:2,nextUntil
FN:2,prevUntil
FN:2,siblings
FN:2,children
FN:2,contents
FN:2,(anonymous_197)
FN:2,(anonymous_198)
FN:2,M
FN:2,(anonymous_200)
FN:2,(anonymous_201)
FN:2,i
FN:2,add
FN:2,d
FN:2,(anonymous_205)
FN:2,remove
FN:2,(anonymous_207)
FN:2,has
FN:2,empty
FN:2,disable
FN:2,disabled
FN:2,lock
FN:2,locked
FN:2,fireWith
FN:2,fire
FN:2,fired
FN:2,N
FN:2,O
FN:2,P
FN:2,Deferred
FN:2,state
FN:2,always
FN:2,_catch
FN:2,pipe
FN:2,(anonymous_225)
FN:2,(anonymous_226)
FN:2,(anonymous_227)
FN:2,then
FN:2,g
FN:2,(anonymous_230)
FN:2,j
FN:2,(anonymous_232)
FN:2,(anonymous_233)
FN:2,promise
FN:2,(anonymous_235)
FN:2,(anonymous_236)
FN:2,(anonymous_237)
FN:2,when
FN:2,h
FN:2,(anonymous_240)
FN:2,(anonymous_241)
FN:2,(anonymous_242)
FN:2,(anonymous_243)
FN:2,(anonymous_244)
FN:2,(anonymous_245)
FN:2,ready
FN:2,S
FN:3,T
FN:3,b
FN:3,U
FN:3,V
FN:3,cache
FN:3,set
FN:3,get
FN:3,access
FN:3,remove
FN:3,hasData
FN:3,$
FN:3,_
FN:3,hasData
FN:3,data
FN:3,removeData
FN:3,_data
FN:3,_removeData
FN:3,data
FN:3,(anonymous_266)
FN:3,(anonymous_267)
FN:3,(anonymous_268)
FN:3,removeData
FN:3,(anonymous_270)
FN:3,queue
FN:3,dequeue
FN:3,g
FN:3,_queueHooks
FN:3,(anonymous_275)
FN:3,queue
FN:3,(anonymous_277)
FN:3,dequeue
FN:3,(anonymous_279)
FN:3,clearQueue
FN:3,promise
FN:3,h
FN:3,da
FN:3,ea
FN:3,fa
FN:3,(anonymous_286)
FN:3,(anonymous_287)
FN:3,ha
FN:3,ia
FN:3,show
FN:3,hide
FN:3,toggle
FN:3,(anonymous_293)
FN:3,na
FN:3,oa
FN:3,qa
FN:3,(anonymous_297)
FN:3,va
FN:3,wa
FN:3,xa
FN:3,ya
FN:3,e
FN:3,(anonymous_303)
FN:3,add
FN:3,(anonymous_305)
FN:3,remove
FN:3,dispatch
FN:3,handlers
FN:3,addProp
FN:3,(anonymous_310)
FN:3,(anonymous_311)
FN:3,set
FN:3,fix
FN:3,trigger
FN:3,trigger
FN:3,trigger
FN:3,_default
FN:3,postDispatch
FN:3,(anonymous_319)
FN:3,(anonymous_320)
FN:3,preventDefault
FN:3,stopPropagation
FN:3,stopImmediatePropagation
FN:3,which
FN:3,(anonymous_325)
FN:3,handle
FN:3,on
FN:3,one
FN:3,off
FN:3,(anonymous_330)
FN:3,Ea
FN:3,Fa
FN:3,Ga
FN:3,Ha
FN:3,Ia
FN:3,Ja
FN:3,(anonymous_337)
FN:3,Ka
FN:3,htmlPrefilter
FN:3,clone
FN:3,cleanData
FN:3,detach
FN:3,remove
FN:3,text
FN:3,(anonymous_345)
FN:3,(anonymous_346)
FN:3,append
FN:3,(anonymous_348)
FN:3,prepend
FN:3,(anonymous_350)
FN:3,before
FN:3,(anonymous_352)
FN:3,after
FN:3,(anonymous_354)
FN:3,empty
FN:3,clone
FN:3,(anonymous_357)
FN:3,html
FN:3,(anonymous_359)
FN:3,replaceWith
FN:3,(anonymous_361)
FN:3,(anonymous_362)
FN:3,(anonymous_363)
FN:3,Na
FN:3,(anonymous_365)
FN:3,b
FN:3,pixelPosition
FN:3,boxSizingReliable
FN:3,pixelMarginRight
FN:3,reliableMarginLeft
FN:3,Oa
FN:3,Pa
FN:3,get
FN:3,Wa
FN:3,Xa
FN:3,Ya
FN:3,Za
FN:3,$a
FN:3,get
FN:3,style
FN:3,css
FN:3,(anonymous_382)
FN:3,get
FN:3,(anonymous_384)
FN:3,set
FN:3,(anonymous_386)
FN:3,(anonymous_387)
FN:3,(anonymous_388)
FN:3,expand
FN:3,css
FN:3,(anonymous_391)
FN:3,_a
FN:3,init
FN:3,cur
FN:3,run
FN:3,get
FN:3,set
FN:3,set
FN:3,linear
FN:3,swing
FN:3,eb
FN:3,fb
FN:3,(anonymous_403)
FN:3,gb
FN:3,hb
FN:3,ib
FN:3,(anonymous_407)
FN:3,(anonymous_408)
FN:3,(anonymous_409)
FN:3,(anonymous_410)
FN:3,(anonymous_411)
FN:3,(anonymous_412)
FN:3,jb
FN:3,kb
FN:3,(anonymous_415)
FN:3,i
FN:3,createTween
FN:3,stop
FN:3,(anonymous_419)
FN:3,tweener
FN:3,prefilter
FN:3,(anonymous_422)
FN:3,(anonymous_423)
FN:3,fadeTo
FN:3,animate
FN:3,g
FN:3,stop
FN:3,d
FN:3,(anonymous_429)
FN:3,finish
FN:3,(anonymous_431)
FN:3,(anonymous_432)
FN:3,(anonymous_433)
FN:3,(anonymous_434)
FN:3,(anonymous_435)
FN:3,(anonymous_436)
FN:3,(anonymous_437)
FN:3,(anonymous_438)
FN:3,(anonymous_439)
FN:3,(anonymous_440)
FN:3,(anonymous_441)
FN:3,(anonymous_442)
FN:3,(anonymous_443)
FN:3,attr
FN:3,removeAttr
FN:3,(anonymous_446)
FN:3,attr
FN:4,set
FN:4,removeAttr
FN:4,set
FN:4,(anonymous_451)
FN:4,(anonymous_452)
FN:4,prop
FN:4,removeProp
FN:4,(anonymous_455)
FN:4,prop
FN:4,get
FN:4,get
FN:4,set
FN:4,(anonymous_460)
FN:4,pb
FN:4,qb
FN:4,addClass
FN:4,(anonymous_464)
FN:4,removeClass
FN:4,(anonymous_466)
FN:4,toggleClass
FN:4,(anonymous_468)
FN:4,(anonymous_469)
FN:4,hasClass
FN:4,val
FN:4,(anonymous_472)
FN:4,(anonymous_473)
FN:4,get
FN:4,get
FN:4,set
FN:4,(anonymous_477)
FN:4,set
FN:4,(anonymous_479)
FN:4,trigger
FN:4,simulate
FN:4,trigger
FN:4,(anonymous_483)
FN:4,triggerHandler
FN:4,(anonymous_485)
FN:4,(anonymous_486)
FN:4,hover
FN:4,(anonymous_488)
FN:4,c
FN:4,setup
FN:4,teardown
FN:4,(anonymous_492)
FN:4,Ab
FN:4,(anonymous_494)
FN:4,(anonymous_495)
FN:4,e
FN:4,(anonymous_497)
FN:4,serialize
FN:4,serializeArray
FN:4,(anonymous_500)
FN:4,(anonymous_501)
FN:4,(anonymous_502)
FN:4,(anonymous_503)
FN:4,Mb
FN:4,(anonymous_505)
FN:4,Nb
FN:4,g
FN:4,(anonymous_508)
FN:4,Ob
FN:4,Pb
FN:4,Qb
FN:4,ajaxSetup
FN:4,ajax
FN:4,getResponseHeader
FN:4,getAllResponseHeaders
FN:4,setRequestHeader
FN:4,overrideMimeType
FN:4,statusCode
FN:4,abort
FN:4,(anonymous_520)
FN:4,A
FN:4,getJSON
FN:4,getScript
FN:4,(anonymous_524)
FN:4,(anonymous_525)
FN:4,(anonymous_526)
FN:4,wrapAll
FN:4,(anonymous_528)
FN:4,wrapInner
FN:4,(anonymous_530)
FN:4,(anonymous_531)
FN:4,wrap
FN:4,(anonymous_533)
FN:4,unwrap
FN:4,(anonymous_535)
FN:4,(anonymous_536)
FN:4,(anonymous_537)
FN:4,(anonymous_538)
FN:4,(anonymous_539)
FN:4,send
FN:4,c
FN:4,(anonymous_542)
FN:4,(anonymous_543)
FN:4,(anonymous_544)
FN:4,abort
FN:4,(anonymous_546)
FN:4,textScript
FN:4,(anonymous_548)
FN:4,(anonymous_549)
FN:4,send
FN:4,c
FN:4,abort
FN:4,jsonpCallback
FN:4,(anonymous_554)
FN:4,(anonymous_555)
FN:4,(anonymous_556)
FN:4,(anonymous_557)
FN:4,(anonymous_558)
FN:4,(anonymous_559)
FN:4,(anonymous_560)
FN:4,(anonymous_561)
FN:4,(anonymous_562)
FN:4,(anonymous_563)
FN:4,(anonymous_564)
FN:4,(anonymous_565)
FN:4,(anonymous_566)
FN:4,(anonymous_567)
FN:4,setOffset
FN:4,offset
FN:4,(anonymous_570)
FN:4,position
FN:4,offsetParent
FN:4,(anonymous_573)
FN:4,(anonymous_574)
FN:4,(anonymous_575)
FN:4,(anonymous_576)
FN:4,(anonymous_577)
FN:4,(anonymous_578)
FN:4,(anonymous_579)
FN:4,(anonymous_580)
FN:4,(anonymous_581)
FN:4,(anonymous_582)
FN:4,bind
FN:4,unbind
FN:4,delegate
FN:4,undelegate
FN:4,(anonymous_587)
FN:4,(anonymous_588)
FN:4,(anonymous_589)
FNF:589
FNH:0
FNDA:0,(anonymous_1)
FNDA:0,(anonymous_2)
FNDA:0,(anonymous_3)
FNDA:0,p
FNDA:0,r
FNDA:0,v
FNDA:0,toArray
FNDA:0,get
FNDA:0,pushStack
FNDA:0,each
FNDA:0,map
FNDA:0,(anonymous_12)
FNDA:0,slice
FNDA:0,first
FNDA:0,last
FNDA:0,eq
FNDA:0,end
FNDA:0,(anonymous_18)
FNDA:0,error
FNDA:0,noop
FNDA:0,isFunction
FNDA:0,isWindow
FNDA:0,isNumeric
FNDA:0,isPlainObject
FNDA:0,isEmptyObject
FNDA:0,type
FNDA:0,globalEval
FNDA:0,camelCase
FNDA:0,each
FNDA:0,trim
FNDA:0,makeArray
FNDA:0,inArray
FNDA:0,merge
FNDA:0,grep
FNDA:0,map
FNDA:0,proxy
FNDA:0,e
FNDA:0,(anonymous_38)
FNDA:0,w
FNDA:0,(anonymous_40)
FNDA:0,B
FNDA:0,I
FNDA:0,aa
FNDA:0,ca
FNDA:0,da
FNDA:0,(anonymous_46)
FNDA:0,(anonymous_47)
FNDA:0,(anonymous_48)
FNDA:0,ga
FNDA:0,ha
FNDA:0,b
FNDA:0,ia
FNDA:0,ja
FNDA:0,ka
FNDA:0,la
FNDA:0,ma
FNDA:0,(anonymous_57)
FNDA:0,na
FNDA:0,(anonymous_59)
FNDA:0,oa
FNDA:0,(anonymous_61)
FNDA:0,pa
FNDA:0,(anonymous_63)
FNDA:0,(anonymous_64)
FNDA:0,qa
FNDA:0,(anonymous_66)
FNDA:0,(anonymous_67)
FNDA:0,(anonymous_68)
FNDA:0,(anonymous_69)
FNDA:0,(anonymous_70)
FNDA:0,(anonymous_71)
FNDA:0,(anonymous_72)
FNDA:0,(anonymous_73)
FNDA:0,(anonymous_74)
FNDA:0,(anonymous_75)
FNDA:0,(anonymous_76)
FNDA:0,(anonymous_77)
FNDA:0,(anonymous_78)
FNDA:0,(anonymous_79)
FNDA:0,(anonymous_80)
FNDA:0,(anonymous_81)
FNDA:0,(anonymous_82)
FNDA:0,(anonymous_83)
FNDA:0,(anonymous_84)
FNDA:0,(anonymous_85)
FNDA:0,(anonymous_86)
FNDA:0,(anonymous_87)
FNDA:0,(anonymous_88)
FNDA:0,(anonymous_89)
FNDA:0,(anonymous_90)
FNDA:0,(anonymous_91)
FNDA:0,(anonymous_92)
FNDA:0,(anonymous_93)
FNDA:0,(anonymous_94)
FNDA:0,ATTR
FNDA:0,CHILD
FNDA:0,PSEUDO
FNDA:0,TAG
FNDA:0,(anonymous_99)
FNDA:0,(anonymous_100)
FNDA:0,CLASS
FNDA:0,(anonymous_102)
FNDA:0,ATTR
FNDA:0,(anonymous_104)
FNDA:0,CHILD
FNDA:0,(anonymous_106)
FNDA:0,(anonymous_107)
FNDA:0,PSEUDO
FNDA:0,(anonymous_109)
FNDA:0,(anonymous_110)
FNDA:0,(anonymous_111)
FNDA:0,(anonymous_112)
FNDA:0,(anonymous_113)
FNDA:0,(anonymous_114)
FNDA:0,(anonymous_115)
FNDA:0,(anonymous_116)
FNDA:0,(anonymous_117)
FNDA:0,(anonymous_118)
FNDA:0,(anonymous_119)
FNDA:0,target
FNDA:0,root
FNDA:0,focus
FNDA:0,checked
FNDA:0,selected
FNDA:0,empty
FNDA:0,parent
FNDA:0,header
FNDA:0,input
FNDA:0,button
FNDA:0,text
FNDA:0,(anonymous_131)
FNDA:0,(anonymous_132)
FNDA:0,(anonymous_133)
FNDA:0,(anonymous_134)
FNDA:0,(anonymous_135)
FNDA:0,(anonymous_136)
FNDA:0,(anonymous_137)
FNDA:0,ra
FNDA:0,(anonymous_139)
FNDA:0,sa
FNDA:0,ta
FNDA:0,(anonymous_142)
FNDA:0,(anonymous_143)
FNDA:0,ua
FNDA:0,(anonymous_145)
FNDA:0,va
FNDA:0,wa
FNDA:0,xa
FNDA:0,(anonymous_149)
FNDA:0,ya
FNDA:0,za
FNDA:0,f
FNDA:0,(anonymous_153)
FNDA:0,(anonymous_154)
FNDA:0,(anonymous_155)
FNDA:0,(anonymous_156)
FNDA:0,(anonymous_157)
FNDA:0,(anonymous_158)
FNDA:0,(anonymous_159)
FNDA:0,(anonymous_160)
FNDA:0,(anonymous_161)
FNDA:0,y
FNDA:0,z
FNDA:0,B
FNDA:0,E
FNDA:0,(anonymous_166)
FNDA:0,(anonymous_167)
FNDA:0,(anonymous_168)
FNDA:0,(anonymous_169)
FNDA:0,(anonymous_170)
FNDA:0,(anonymous_171)
FNDA:0,find
FNDA:0,(anonymous_173)
FNDA:0,filter
FNDA:0,not
FNDA:0,is
FNDA:0,(anonymous_177)
FNDA:0,has
FNDA:0,(anonymous_179)
FNDA:0,closest
FNDA:0,index
FNDA:0,add
FNDA:0,addBack
FNDA:0,K
FNDA:0,parent
FNDA:0,parents
FNDA:0,parentsUntil
FNDA:0,next
FNDA:0,prev
FNDA:0,nextAll
FNDA:0,prevAll
FNDA:0,nextUntil
FNDA:0,prevUntil
FNDA:0,siblings
FNDA:0,children
FNDA:0,contents
FNDA:0,(anonymous_197)
FNDA:0,(anonymous_198)
FNDA:0,M
FNDA:0,(anonymous_200)
FNDA:0,(anonymous_201)
FNDA:0,i
FNDA:0,add
FNDA:0,d
FNDA:0,(anonymous_205)
FNDA:0,remove
FNDA:0,(anonymous_207)
FNDA:0,has
FNDA:0,empty
FNDA:0,disable
FNDA:0,disabled
FNDA:0,lock
FNDA:0,locked
FNDA:0,fireWith
FNDA:0,fire
FNDA:0,fired
FNDA:0,N
FNDA:0,O
FNDA:0,P
FNDA:0,Deferred
FNDA:0,state
FNDA:0,always
FNDA:0,_catch
FNDA:0,pipe
FNDA:0,(anonymous_225)
FNDA:0,(anonymous_226)
FNDA:0,(anonymous_227)
FNDA:0,then
FNDA:0,g
FNDA:0,(anonymous_230)
FNDA:0,j
FNDA:0,(anonymous_232)
FNDA:0,(anonymous_233)
FNDA:0,promise
FNDA:0,(anonymous_235)
FNDA:0,(anonymous_236)
FNDA:0,(anonymous_237)
FNDA:0,when
FNDA:0,h
FNDA:0,(anonymous_240)
FNDA:0,(anonymous_241)
FNDA:0,(anonymous_242)
FNDA:0,(anonymous_243)
FNDA:0,(anonymous_244)
FNDA:0,(anonymous_245)
FNDA:0,ready
FNDA:0,S
FNDA:0,T
FNDA:0,b
FNDA:0,U
FNDA:0,V
FNDA:0,cache
FNDA:0,set
FNDA:0,get
FNDA:0,access
FNDA:0,remove
FNDA:0,hasData
FNDA:0,$
FNDA:0,_
FNDA:0,hasData
FNDA:0,data
FNDA:0,removeData
FNDA:0,_data
FNDA:0,_removeData
FNDA:0,data
FNDA:0,(anonymous_266)
FNDA:0,(anonymous_267)
FNDA:0,(anonymous_268)
FNDA:0,removeData
FNDA:0,(anonymous_270)
FNDA:0,queue
FNDA:0,dequeue
FNDA:0,g
FNDA:0,_queueHooks
FNDA:0,(anonymous_275)
FNDA:0,queue
FNDA:0,(anonymous_277)
FNDA:0,dequeue
FNDA:0,(anonymous_279)
FNDA:0,clearQueue
FNDA:0,promise
FNDA:0,h
FNDA:0,da
FNDA:0,ea
FNDA:0,fa
FNDA:0,(anonymous_286)
FNDA:0,(anonymous_287)
FNDA:0,ha
FNDA:0,ia
FNDA:0,show
FNDA:0,hide
FNDA:0,toggle
FNDA:0,(anonymous_293)
FNDA:0,na
FNDA:0,oa
FNDA:0,qa
FNDA:0,(anonymous_297)
FNDA:0,va
FNDA:0,wa
FNDA:0,xa
FNDA:0,ya
FNDA:0,e
FNDA:0,(anonymous_303)
FNDA:0,add
FNDA:0,(anonymous_305)
FNDA:0,remove
FNDA:0,dispatch
FNDA:0,handlers
FNDA:0,addProp
FNDA:0,(anonymous_310)
FNDA:0,(anonymous_311)
FNDA:0,set
FNDA:0,fix
FNDA:0,trigger
FNDA:0,trigger
FNDA:0,trigger
FNDA:0,_default
FNDA:0,postDispatch
FNDA:0,(anonymous_319)
FNDA:0,(anonymous_320)
FNDA:0,preventDefault
FNDA:0,stopPropagation
FNDA:0,stopImmediatePropagation
FNDA:0,which
FNDA:0,(anonymous_325)
FNDA:0,handle
FNDA:0,on
FNDA:0,one
FNDA:0,off
FNDA:0,(anonymous_330)
FNDA:0,Ea
FNDA:0,Fa
FNDA:0,Ga
FNDA:0,Ha
FNDA:0,Ia
FNDA:0,Ja
FNDA:0,(anonymous_337)
FNDA:0,Ka
FNDA:0,htmlPrefilter
FNDA:0,clone
FNDA:0,cleanData
FNDA:0,detach
FNDA:0,remove
FNDA:0,text
FNDA:0,(anonymous_345)
FNDA:0,(anonymous_346)
FNDA:0,append
FNDA:0,(anonymous_348)
FNDA:0,prepend
FNDA:0,(anonymous_350)
FNDA:0,before
FNDA:0,(anonymous_352)
FNDA:0,after
FNDA:0,(anonymous_354)
FNDA:0,empty
FNDA:0,clone
FNDA:0,(anonymous_357)
FNDA:0,html
FNDA:0,(anonymous_359)
FNDA:0,replaceWith
FNDA:0,(anonymous_361)
FNDA:0,(anonymous_362)
FNDA:0,(anonymous_363)
FNDA:0,Na
FNDA:0,(anonymous_365)
FNDA:0,b
FNDA:0,pixelPosition
FNDA:0,boxSizingReliable
FNDA:0,pixelMarginRight
FNDA:0,reliableMarginLeft
FNDA:0,Oa
FNDA:0,Pa
FNDA:0,get
FNDA:0,Wa
FNDA:0,Xa
FNDA:0,Ya
FNDA:0,Za
FNDA:0,$a
FNDA:0,get
FNDA:0,style
FNDA:0,css
FNDA:0,(anonymous_382)
FNDA:0,get
FNDA:0,(anonymous_384)
FNDA:0,set
FNDA:0,(anonymous_386)
FNDA:0,(anonymous_387)
FNDA:0,(anonymous_388)
FNDA:0,expand
FNDA:0,css
FNDA:0,(anonymous_391)
FNDA:0,_a
FNDA:0,init
FNDA:0,cur
FNDA:0,run
FNDA:0,get
FNDA:0,set
FNDA:0,set
FNDA:0,linear
FNDA:0,swing
FNDA:0,eb
FNDA:0,fb
FNDA:0,(anonymous_403)
FNDA:0,gb
FNDA:0,hb
FNDA:0,ib
FNDA:0,(anonymous_407)
FNDA:0,(anonymous_408)
FNDA:0,(anonymous_409)
FNDA:0,(anonymous_410)
FNDA:0,(anonymous_411)
FNDA:0,(anonymous_412)
FNDA:0,jb
FNDA:0,kb
FNDA:0,(anonymous_415)
FNDA:0,i
FNDA:0,createTween
FNDA:0,stop
FNDA:0,(anonymous_419)
FNDA:0,tweener
FNDA:0,prefilter
FNDA:0,(anonymous_422)
FNDA:0,(anonymous_423)
FNDA:0,fadeTo
FNDA:0,animate
FNDA:0,g
FNDA:0,stop
FNDA:0,d
FNDA:0,(anonymous_429)
FNDA:0,finish
FNDA:0,(anonymous_431)
FNDA:0,(anonymous_432)
FNDA:0,(anonymous_433)
FNDA:0,(anonymous_434)
FNDA:0,(anonymous_435)
FNDA:0,(anonymous_436)
FNDA:0,(anonymous_437)
FNDA:0,(anonymous_438)
FNDA:0,(anonymous_439)
FNDA:0,(anonymous_440)
FNDA:0,(anonymous_441)
FNDA:0,(anonymous_442)
FNDA:0,(anonymous_443)
FNDA:0,attr
FNDA:0,removeAttr
FNDA:0,(anonymous_446)
FNDA:0,attr
FNDA:0,set
FNDA:0,removeAttr
FNDA:0,set
FNDA:0,(anonymous_451)
FNDA:0,(anonymous_452)
FNDA:0,prop
FNDA:0,removeProp
FNDA:0,(anonymous_455)
FNDA:0,prop
FNDA:0,get
FNDA:0,get
FNDA:0,set
FNDA:0,(anonymous_460)
FNDA:0,pb
FNDA:0,qb
FNDA:0,addClass
FNDA:0,(anonymous_464)
FNDA:0,removeClass
FNDA:0,(anonymous_466)
FNDA:0,toggleClass
FNDA:0,(anonymous_468)
FNDA:0,(anonymous_469)
FNDA:0,hasClass
FNDA:0,val
FNDA:0,(anonymous_472)
FNDA:0,(anonymous_473)
FNDA:0,get
FNDA:0,get
FNDA:0,set
FNDA:0,(anonymous_477)
FNDA:0,set
FNDA:0,(anonymous_479)
FNDA:0,trigger
FNDA:0,simulate
FNDA:0,trigger
FNDA:0,(anonymous_483)
FNDA:0,triggerHandler
FNDA:0,(anonymous_485)
FNDA:0,(anonymous_486)
FNDA:0,hover
FNDA:0,(anonymous_488)
FNDA:0,c
FNDA:0,setup
FNDA:0,teardown
FNDA:0,(anonymous_492)
FNDA:0,Ab
FNDA:0,(anonymous_494)
FNDA:0,(anonymous_495)
FNDA:0,e
FNDA:0,(anonymous_497)
FNDA:0,serialize
FNDA:0,serializeArray
FNDA:0,(anonymous_500)
FNDA:0,(anonymous_501)
FNDA:0,(anonymous_502)
FNDA:0,(anonymous_503)
FNDA:0,Mb
FNDA:0,(anonymous_505)
FNDA:0,Nb
FNDA:0,g
FNDA:0,(anonymous_508)
FNDA:0,Ob
FNDA:0,Pb
FNDA:0,Qb
FNDA:0,ajaxSetup
FNDA:0,ajax
FNDA:0,getResponseHeader
FNDA:0,getAllResponseHeaders
FNDA:0,setRequestHeader
FNDA:0,overrideMimeType
FNDA:0,statusCode
FNDA:0,abort
FNDA:0,(anonymous_520)
FNDA:0,A
FNDA:0,getJSON
FNDA:0,getScript
FNDA:0,(anonymous_524)
FNDA:0,(anonymous_525)
FNDA:0,(anonymous_526)
FNDA:0,wrapAll
FNDA:0,(anonymous_528)
FNDA:0,wrapInner
FNDA:0,(anonymous_530)
FNDA:0,(anonymous_531)
FNDA:0,wrap
FNDA:0,(anonymous_533)
FNDA:0,unwrap
FNDA:0,(anonymous_535)
FNDA:0,(anonymous_536)
FNDA:0,(anonymous_537)
FNDA:0,(anonymous_538)
FNDA:0,(anonymous_539)
FNDA:0,send
FNDA:0,c
FNDA:0,(anonymous_542)
FNDA:0,(anonymous_543)
FNDA:0,(anonymous_544)
FNDA:0,abort
FNDA:0,(anonymous_546)
FNDA:0,textScript
FNDA:0,(anonymous_548)
FNDA:0,(anonymous_549)
FNDA:0,send
FNDA:0,c
FNDA:0,abort
FNDA:0,jsonpCallback
FNDA:0,(anonymous_554)
FNDA:0,(anonymous_555)
FNDA:0,(anonymous_556)
FNDA:0,(anonymous_557)
FNDA:0,(anonymous_558)
FNDA:0,(anonymous_559)
FNDA:0,(anonymous_560)
FNDA:0,(anonymous_561)
FNDA:0,(anonymous_562)
FNDA:0,(anonymous_563)
FNDA:0,(anonymous_564)
FNDA:0,(anonymous_565)
FNDA:0,(anonymous_566)
FNDA:0,(anonymous_567)
FNDA:0,setOffset
FNDA:0,offset
FNDA:0,(anonymous_570)
FNDA:0,position
FNDA:0,offsetParent
FNDA:0,(anonymous_573)
FNDA:0,(anonymous_574)
FNDA:0,(anonymous_575)
FNDA:0,(anonymous_576)
FNDA:0,(anonymous_577)
FNDA:0,(anonymous_578)
FNDA:0,(anonymous_579)
FNDA:0,(anonymous_580)
FNDA:0,(anonymous_581)
FNDA:0,(anonymous_582)
FNDA:0,bind
FNDA:0,unbind
FNDA:0,delegate
FNDA:0,undelegate
FNDA:0,(anonymous_587)
FNDA:0,(anonymous_588)
FNDA:0,(anonymous_589)
DA:2,0
DA:3,0
DA:4,0
LF:3
LH:0
BRDA:2,0,0,0
BRDA:2,0,1,0
BRDA:2,1,0,0
BRDA:2,1,1,0
BRDA:2,2,0,0
BRDA:2,2,1,0
BRDA:2,3,0,0
BRDA:2,3,1,0
BRDA:2,4,0,0
BRDA:2,4,1,0
BRDA:2,5,0,0
BRDA:2,5,1,0
BRDA:2,6,0,0
BRDA:2,6,1,0
BRDA:2,7,0,0
BRDA:2,7,1,0
BRDA:2,8,0,0
BRDA:2,8,1,0
BRDA:2,9,0,0
BRDA:2,9,1,0
BRDA:2,10,0,0
BRDA:2,10,1,0
BRDA:2,11,0,0
BRDA:2,11,1,0
BRDA:2,12,0,0
BRDA:2,12,1,0
BRDA:2,13,0,0
BRDA:2,13,1,0
BRDA:2,14,0,0
BRDA:2,14,1,0
BRDA:2,15,0,0
BRDA:2,15,1,0
BRDA:2,16,0,0
BRDA:2,16,1,0
BRDA:2,16,2,0
BRDA:2,17,0,0
BRDA:2,17,1,0
BRDA:2,18,0,0
BRDA:2,18,1,0
BRDA:2,19,0,0
BRDA:2,19,1,0
BRDA:2,20,0,0
BRDA:2,20,1,0
BRDA:2,21,0,0
BRDA:2,21,1,0
BRDA:2,22,0,0
BRDA:2,22,1,0
BRDA:2,22,2,0
BRDA:2,22,3,0
BRDA:2,23,0,0
BRDA:2,23,1,0
BRDA:2,24,0,0
BRDA:2,24,1,0
BRDA:2,25,0,0
BRDA:2,25,1,0
BRDA:2,26,0,0
BRDA:2,26,1,0
BRDA:2,27,0,0
BRDA:2,27,1,0
BRDA:2,28,0,0
BRDA:2,28,1,0
BRDA:2,29,0,0
BRDA:2,29,1,0
BRDA:2,30,0,0
BRDA:2,30,1,0
BRDA:2,30,2,0
BRDA:2,31,0,0
BRDA:2,31,1,0
BRDA:2,31,2,0
BRDA:2,32,0,0
BRDA:2,32,1,0
BRDA:2,33,0,0
BRDA:2,33,1,0
BRDA:2,34,0,0
BRDA:2,34,1,0
BRDA:2,35,0,0
BRDA:2,35,1,0
BRDA:2,36,0,0
BRDA:2,36,1,0
BRDA:2,37,0,0
BRDA:2,37,1,0
BRDA:2,38,0,0
BRDA:2,38,1,0
BRDA:2,39,0,0
BRDA:2,39,1,0
BRDA:2,40,0,0
BRDA:2,40,1,0
BRDA:2,41,0,0
BRDA:2,41,1,0
BRDA:2,42,0,0
BRDA:2,42,1,0
BRDA:2,43,0,0
BRDA:2,43,1,0
BRDA:2,44,0,0
BRDA:2,44,1,0
BRDA:2,45,0,0
BRDA:2,45,1,0
BRDA:2,46,0,0
BRDA:2,46,1,0
BRDA:2,47,0,0
BRDA:2,47,1,0
BRDA:2,48,0,0
BRDA:2,48,1,0
BRDA:2,49,0,0
BRDA:2,49,1,0
BRDA:2,50,0,0
BRDA:2,50,1,0
BRDA:2,51,0,0
BRDA:2,51,1,0
BRDA:2,52,0,0
BRDA:2,52,1,0
BRDA:2,53,0,0
BRDA:2,53,1,0
BRDA:2,54,0,0
BRDA:2,54,1,0
BRDA:2,55,0,0
BRDA:2,55,1,0
BRDA:2,56,0,0
BRDA:2,56,1,0
BRDA:2,57,0,0
BRDA:2,57,1,0
BRDA:2,58,0,0
BRDA:2,58,1,0
BRDA:2,59,0,0
BRDA:2,59,1,0
BRDA:2,59,2,0
BRDA:2,60,0,0
BRDA:2,60,1,0
BRDA:2,60,2,0
BRDA:2,60,3,0
BRDA:2,60,4,0
BRDA:2,60,5,0
BRDA:2,60,6,0
BRDA:2,61,0,0
BRDA:2,61,1,0
BRDA:2,62,0,0
BRDA:2,62,1,0
BRDA:2,63,0,0
BRDA:2,63,1,0
BRDA:2,64,0,0
BRDA:2,64,1,0
BRDA:2,65,0,0
BRDA:2,65,1,0
BRDA:2,66,0,0
BRDA:2,66,1,0
BRDA:2,67,0,0
BRDA:2,67,1,0
BRDA:2,68,0,0
BRDA:2,68,1,0
BRDA:2,68,2,0
BRDA:2,69,0,0
BRDA:2,69,1,0
BRDA:2,70,0,0
BRDA:2,70,1,0
BRDA:2,71,0,0
BRDA:2,71,1,0
BRDA:2,72,0,0
BRDA:2,72,1,0
BRDA:2,73,0,0
BRDA:2,73,1,0
BRDA:2,74,0,0
BRDA:2,74,1,0
BRDA:2,74,2,0
BRDA:2,74,3,0
BRDA:2,74,4,0
BRDA:2,75,0,0
BRDA:2,75,1,0
BRDA:2,76,0,0
BRDA:2,76,1,0
BRDA:2,77,0,0
BRDA:2,77,1,0
BRDA:2,78,0,0
BRDA:2,78,1,0
BRDA:2,79,0,0
BRDA:2,79,1,0
BRDA:2,80,0,0
BRDA:2,80,1,0
BRDA:2,81,0,0
BRDA:2,81,1,0
BRDA:2,82,0,0
BRDA:2,82,1,0
BRDA:2,83,0,0
BRDA:2,83,1,0
BRDA:2,84,0,0
BRDA:2,84,1,0
BRDA:2,85,0,0
BRDA:2,85,1,0
BRDA:2,86,0,0
BRDA:2,86,1,0
BRDA:2,87,0,0
BRDA:2,87,1,0
BRDA:2,88,0,0
BRDA:2,88,1,0
BRDA:2,88,2,0
BRDA:2,88,3,0
BRDA:2,89,0,0
BRDA:2,89,1,0
BRDA:2,90,0,0
BRDA:2,90,1,0
BRDA:2,91,0,0
BRDA:2,91,1,0
BRDA:2,91,2,0
BRDA:2,92,0,0
BRDA:2,92,1,0
BRDA:2,93,0,0
BRDA:2,93,1,0
BRDA:2,93,2,0
BRDA:2,93,3,0
BRDA:2,94,0,0
BRDA:2,94,1,0
BRDA:2,95,0,0
BRDA:2,95,1,0
BRDA:2,96,0,0
BRDA:2,96,1,0
BRDA:2,97,0,0
BRDA:2,97,1,0
BRDA:2,97,2,0
BRDA:2,98,0,0
BRDA:2,98,1,0
BRDA:2,99,0,0
BRDA:2,99,1,0
BRDA:2,100,0,0
BRDA:2,100,1,0
BRDA:2,101,0,0
BRDA:2,101,1,0
BRDA:2,102,0,0
BRDA:2,102,1,0
BRDA:2,103,0,0
BRDA:2,103,1,0
BRDA:2,103,2,0
BRDA:2,103,3,0
BRDA:2,104,0,0
BRDA:2,104,1,0
BRDA:2,105,0,0
BRDA:2,105,1,0
BRDA:2,106,0,0
BRDA:2,106,1,0
BRDA:2,107,0,0
BRDA:2,107,1,0
BRDA:2,108,0,0
BRDA:2,108,1,0
BRDA:2,109,0,0
BRDA:2,109,1,0
BRDA:2,109,2,0
BRDA:2,110,0,0
BRDA:2,110,1,0
BRDA:2,111,0,0
BRDA:2,111,1,0
BRDA:2,112,0,0
BRDA:2,112,1,0
BRDA:2,113,0,0
BRDA:2,113,1,0
BRDA:2,114,0,0
BRDA:2,114,1,0
BRDA:2,115,0,0
BRDA:2,115,1,0
BRDA:2,115,2,0
BRDA:2,116,0,0
BRDA:2,116,1,0
BRDA:2,117,0,0
BRDA:2,117,1,0
BRDA:2,118,0,0
BRDA:2,118,1,0
BRDA:2,118,2,0
BRDA:2,119,0,0
BRDA:2,119,1,0
BRDA:2,120,0,0
BRDA:2,120,1,0
BRDA:2,121,0,0
BRDA:2,121,1,0
BRDA:2,122,0,0
BRDA:2,122,1,0
BRDA:2,123,0,0
BRDA:2,123,1,0
BRDA:2,124,0,0
BRDA:2,124,1,0
BRDA:2,125,0,0
BRDA:2,125,1,0
BRDA:2,125,2,0
BRDA:2,126,0,0
BRDA:2,126,1,0
BRDA:2,126,2,0
BRDA:2,126,3,0
BRDA:2,127,0,0
BRDA:2,127,1,0
BRDA:2,128,0,0
BRDA:2,128,1,0
BRDA:2,129,0,0
BRDA:2,129,1,0
BRDA:2,130,0,0
BRDA:2,130,1,0
BRDA:2,131,0,0
BRDA:2,131,1,0
BRDA:2,132,0,0
BRDA:2,132,1,0
BRDA:2,133,0,0
BRDA:2,133,1,0
BRDA:2,134,0,0
BRDA:2,134,1,0
BRDA:2,135,0,0
BRDA:2,135,1,0
BRDA:2,136,0,0
BRDA:2,136,1,0
BRDA:2,137,0,0
BRDA:2,137,1,0
BRDA:2,138,0,0
BRDA:2,138,1,0
BRDA:2,139,0,0
BRDA:2,139,1,0
BRDA:2,140,0,0
BRDA:2,140,1,0
BRDA:2,141,0,0
BRDA:2,141,1,0
BRDA:2,142,0,0
BRDA:2,142,1,0
BRDA:2,143,0,0
BRDA:2,143,1,0
BRDA:2,144,0,0
BRDA:2,144,1,0
BRDA:2,145,0,0
BRDA:2,145,1,0
BRDA:2,146,0,0
BRDA:2,146,1,0
BRDA:2,147,0,0
BRDA:2,147,1,0
BRDA:2,148,0,0
BRDA:2,148,1,0
BRDA:2,149,0,0
BRDA:2,149,1,0
BRDA:2,150,0,0
BRDA:2,150,1,0
BRDA:2,151,0,0
BRDA:2,151,1,0
BRDA:2,152,0,0
BRDA:2,152,1,0
BRDA:2,153,0,0
BRDA:2,153,1,0
BRDA:2,154,0,0
BRDA:2,154,1,0
BRDA:2,155,0,0
BRDA:2,155,1,0
BRDA:2,156,0,0
BRDA:2,156,1,0
BRDA:2,157,0,0
BRDA:2,157,1,0
BRDA:2,158,0,0
BRDA:2,158,1,0
BRDA:2,159,0,0
BRDA:2,159,1,0
BRDA:2,160,0,0
BRDA:2,160,1,0
BRDA:2,161,0,0
BRDA:2,161,1,0
BRDA:2,161,2,0
BRDA:2,161,3,0
BRDA:2,161,4,0
BRDA:2,162,0,0
BRDA:2,162,1,0
BRDA:2,163,0,0
BRDA:2,163,1,0
BRDA:2,164,0,0
BRDA:2,164,1,0
BRDA:2,165,0,0
BRDA:2,165,1,0
BRDA:2,166,0,0
BRDA:2,166,1,0
BRDA:2,167,0,0
BRDA:2,167,1,0
BRDA:2,168,0,0
BRDA:2,168,1,0
BRDA:2,169,0,0
BRDA:2,169,1,0
BRDA:2,169,2,0
BRDA:2,170,0,0
BRDA:2,170,1,0
BRDA:2,171,0,0
BRDA:2,171,1,0
BRDA:2,172,0,0
BRDA:2,172,1,0
BRDA:2,173,0,0
BRDA:2,173,1,0
BRDA:2,174,0,0
BRDA:2,174,1,0
BRDA:2,175,0,0
BRDA:2,175,1,0
BRDA:2,176,0,0
BRDA:2,176,1,0
BRDA:2,177,0,0
BRDA:2,177,1,0
BRDA:2,178,0,0
BRDA:2,178,1,0
BRDA:2,179,0,0
BRDA:2,179,1,0
BRDA:2,180,0,0
BRDA:2,180,1,0
BRDA:2,181,0,0
BRDA:2,181,1,0
BRDA:2,181,2,0
BRDA:2,182,0,0
BRDA:2,182,1,0
BRDA:2,183,0,0
BRDA:2,183,1,0
BRDA:2,183,2,0
BRDA:2,184,0,0
BRDA:2,184,1,0
BRDA:2,185,0,0
BRDA:2,185,1,0
BRDA:2,185,2,0
BRDA:2,186,0,0
BRDA:2,186,1,0
BRDA:2,187,0,0
BRDA:2,187,1,0
BRDA:2,188,0,0
BRDA:2,188,1,0
BRDA:2,189,0,0
BRDA:2,189,1,0
BRDA:2,190,0,0
BRDA:2,190,1,0
BRDA:2,191,0,0
BRDA:2,191,1,0
BRDA:2,192,0,0
BRDA:2,192,1,0
BRDA:2,193,0,0
BRDA:2,193,1,0
BRDA:2,194,0,0
BRDA:2,194,1,0
BRDA:2,195,0,0
BRDA:2,195,1,0
BRDA:2,196,0,0
BRDA:2,196,1,0
BRDA:2,197,0,0
BRDA:2,197,1,0
BRDA:2,198,0,0
BRDA:2,198,1,0
BRDA:2,199,0,0
BRDA:2,199,1,0
BRDA:2,200,0,0
BRDA:2,200,1,0
BRDA:2,201,0,0
BRDA:2,201,1,0
BRDA:2,202,0,0
BRDA:2,202,1,0
BRDA:2,203,0,0
BRDA:2,203,1,0
BRDA:2,203,2,0
BRDA:2,203,3,0
BRDA:2,203,4,0
BRDA:2,203,5,0
BRDA:2,203,6,0
BRDA:2,204,0,0
BRDA:2,204,1,0
BRDA:2,205,0,0
BRDA:2,205,1,0
BRDA:2,205,2,0
BRDA:2,205,3,0
BRDA:2,206,0,0
BRDA:2,206,1,0
BRDA:2,207,0,0
BRDA:2,207,1,0
BRDA:2,208,0,0
BRDA:2,208,1,0
BRDA:2,209,0,0
BRDA:2,209,1,0
BRDA:2,210,0,0
BRDA:2,210,1,0
BRDA:2,211,0,0
BRDA:2,211,1,0
BRDA:2,212,0,0
BRDA:2,212,1,0
BRDA:2,213,0,0
BRDA:2,213,1,0
BRDA:2,214,0,0
BRDA:2,214,1,0
BRDA:2,215,0,0
BRDA:2,215,1,0
BRDA:2,216,0,0
BRDA:2,216,1,0
BRDA:2,217,0,0
BRDA:2,217,1,0
BRDA:2,218,0,0
BRDA:2,218,1,0
BRDA:2,219,0,0
BRDA:2,219,1,0
BRDA:2,220,0,0
BRDA:2,220,1,0
BRDA:2,221,0,0
BRDA:2,221,1,0
BRDA:2,222,0,0
BRDA:2,222,1,0
BRDA:2,222,2,0
BRDA:2,223,0,0
BRDA:2,223,1,0
BRDA:2,224,0,0
BRDA:2,224,1,0
BRDA:2,225,0,0
BRDA:2,225,1,0
BRDA:2,226,0,0
BRDA:2,226,1,0
BRDA:2,226,2,0
BRDA:2,226,3,0
BRDA:2,227,0,0
BRDA:2,227,1,0
BRDA:2,228,0,0
BRDA:2,228,1,0
BRDA:2,229,0,0
BRDA:2,229,1,0
BRDA:2,230,0,0
BRDA:2,230,1,0
BRDA:2,231,0,0
BRDA:2,231,1,0
BRDA:2,232,0,0
BRDA:2,232,1,0
BRDA:2,233,0,0
BRDA:2,233,1,0
BRDA:2,234,0,0
BRDA:2,234,1,0
BRDA:2,235,0,0
BRDA:2,235,1,0
BRDA:2,236,0,0
BRDA:2,236,1,0
BRDA:2,237,0,0
BRDA:2,237,1,0
BRDA:2,238,0,0
BRDA:2,238,1,0
BRDA:2,238,2,0
BRDA:2,239,0,0
BRDA:2,239,1,0
BRDA:2,239,2,0
BRDA:2,239,3,0
BRDA:2,239,4,0
BRDA:2,240,0,0
BRDA:2,240,1,0
BRDA:2,241,0,0
BRDA:2,241,1,0
BRDA:2,242,0,0
BRDA:2,242,1,0
BRDA:2,242,2,0
BRDA:2,243,0,0
BRDA:2,243,1,0
BRDA:2,243,2,0
BRDA:2,243,3,0
BRDA:2,243,4,0
BRDA:2,244,0,0
BRDA:2,244,1,0
BRDA:2,245,0,0
BRDA:2,245,1,0
BRDA:2,246,0,0
BRDA:2,246,1,0
BRDA:2,247,0,0
BRDA:2,247,1,0
BRDA:2,248,0,0
BRDA:2,248,1,0
BRDA:2,249,0,0
BRDA:2,249,1,0
BRDA:2,250,0,0
BRDA:2,250,1,0
BRDA:2,251,0,0
BRDA:2,251,1,0
BRDA:2,252,0,0
BRDA:2,252,1,0
BRDA:2,253,0,0
BRDA:2,253,1,0
BRDA:2,254,0,0
BRDA:2,254,1,0
BRDA:2,255,0,0
BRDA:2,255,1,0
BRDA:2,255,2,0
BRDA:2,256,0,0
BRDA:2,256,1,0
BRDA:2,257,0,0
BRDA:2,257,1,0
BRDA:2,258,0,0
BRDA:2,258,1,0
BRDA:2,259,0,0
BRDA:2,259,1,0
BRDA:2,260,0,0
BRDA:2,260,1,0
BRDA:2,261,0,0
BRDA:2,261,1,0
BRDA:2,262,0,0
BRDA:2,262,1,0
BRDA:2,263,0,0
BRDA:2,263,1,0
BRDA:2,264,0,0
BRDA:2,264,1,0
BRDA:2,265,0,0
BRDA:2,265,1,0
BRDA:2,265,2,0
BRDA:2,266,0,0
BRDA:2,266,1,0
BRDA:2,267,0,0
BRDA:2,267,1,0
BRDA:2,268,0,0
BRDA:2,268,1,0
BRDA:2,269,0,0
BRDA:2,269,1,0
BRDA:2,270,0,0
BRDA:2,270,1,0
BRDA:2,271,0,0
BRDA:2,271,1,0
BRDA:2,272,0,0
BRDA:2,272,1,0
BRDA:2,273,0,0
BRDA:2,273,1,0
BRDA:2,274,0,0
BRDA:2,274,1,0
BRDA:2,275,0,0
BRDA:2,275,1,0
BRDA:2,275,2,0
BRDA:2,275,3,0
BRDA:2,275,4,0
BRDA:2,276,0,0
BRDA:2,276,1,0
BRDA:2,277,0,0
BRDA:2,277,1,0
BRDA:2,277,2,0
BRDA:2,278,0,0
BRDA:2,278,1,0
BRDA:2,279,0,0
BRDA:2,279,1,0
BRDA:2,280,0,0
BRDA:2,280,1,0
BRDA:2,281,0,0
BRDA:2,281,1,0
BRDA:2,282,0,0
BRDA:2,282,1,0
BRDA:2,283,0,0
BRDA:2,283,1,0
BRDA:2,284,0,0
BRDA:2,284,1,0
BRDA:2,284,2,0
BRDA:2,284,3,0
BRDA:2,284,4,0
BRDA:2,285,0,0
BRDA:2,285,1,0
BRDA:2,286,0,0
BRDA:2,286,1,0
BRDA:2,286,2,0
BRDA:2,287,0,0
BRDA:2,287,1,0
BRDA:2,288,0,0
BRDA:2,288,1,0
BRDA:2,289,0,0
BRDA:2,289,1,0
BRDA:2,290,0,0
BRDA:2,290,1,0
BRDA:2,291,0,0
BRDA:2,291,1,0
BRDA:2,291,2,0
BRDA:2,292,0,0
BRDA:2,292,1,0
BRDA:2,292,2,0
BRDA:2,293,0,0
BRDA:2,293,1,0
BRDA:2,294,0,0
BRDA:2,294,1,0
BRDA:2,295,0,0
BRDA:2,295,1,0
BRDA:2,296,0,0
BRDA:2,296,1,0
BRDA:2,297,0,0
BRDA:2,297,1,0
BRDA:2,298,0,0
BRDA:2,298,1,0
BRDA:2,298,2,0
BRDA:2,299,0,0
BRDA:2,299,1,0
BRDA:2,300,0,0
BRDA:2,300,1,0
BRDA:2,301,0,0
BRDA:2,301,1,0
BRDA:2,302,0,0
BRDA:2,302,1,0
BRDA:2,303,0,0
BRDA:2,303,1,0
BRDA:2,304,0,0
BRDA:2,304,1,0
BRDA:2,305,0,0
BRDA:2,305,1,0
BRDA:2,306,0,0
BRDA:2,306,1,0
BRDA:2,307,0,0
BRDA:2,307,1,0
BRDA:2,308,0,0
BRDA:2,308,1,0
BRDA:2,308,2,0
BRDA:2,308,3,0
BRDA:2,309,0,0
BRDA:2,309,1,0
BRDA:2,309,2,0
BRDA:2,310,0,0
BRDA:2,310,1,0
BRDA:2,310,2,0
BRDA:2,310,3,0
BRDA:2,311,0,0
BRDA:2,311,1,0
BRDA:2,312,0,0
BRDA:2,312,1,0
BRDA:2,313,0,0
BRDA:2,313,1,0
BRDA:2,313,2,0
BRDA:2,314,0,0
BRDA:2,314,1,0
BRDA:2,314,2,0
BRDA:2,314,3,0
BRDA:2,315,0,0
BRDA:2,315,1,0
BRDA:2,316,0,0
BRDA:2,316,1,0
BRDA:2,317,0,0
BRDA:2,317,1,0
BRDA:2,318,0,0
BRDA:2,318,1,0
BRDA:2,318,2,0
BRDA:2,319,0,0
BRDA:2,319,1,0
BRDA:2,320,0,0
BRDA:2,320,1,0
BRDA:2,321,0,0
BRDA:2,321,1,0
BRDA:2,322,0,0
BRDA:2,322,1,0
BRDA:2,322,2,0
BRDA:2,322,3,0
BRDA:2,323,0,0
BRDA:2,323,1,0
BRDA:2,324,0,0
BRDA:2,324,1,0
BRDA:2,325,0,0
BRDA:2,325,1,0
BRDA:2,326,0,0
BRDA:2,326,1,0
BRDA:2,327,0,0
BRDA:2,327,1,0
BRDA:2,328,0,0
BRDA:2,328,1,0
BRDA:2,329,0,0
BRDA:2,329,1,0
BRDA:2,330,0,0
BRDA:2,330,1,0
BRDA:2,331,0,0
BRDA:2,331,1,0
BRDA:2,332,0,0
BRDA:2,332,1,0
BRDA:2,333,0,0
BRDA:2,333,1,0
BRDA:2,333,2,0
BRDA:2,334,0,0
BRDA:2,334,1,0
BRDA:2,335,0,0
BRDA:2,335,1,0
BRDA:2,336,0,0
BRDA:2,336,1,0
BRDA:2,337,0,0
BRDA:2,337,1,0
BRDA:2,338,0,0
BRDA:2,338,1,0
BRDA:2,339,0,0
BRDA:2,339,1,0
BRDA:2,340,0,0
BRDA:2,340,1,0
BRDA:2,341,0,0
BRDA:2,341,1,0
BRDA:2,342,0,0
BRDA:2,342,1,0
BRDA:2,342,2,0
BRDA:2,343,0,0
BRDA:2,343,1,0
BRDA:2,344,0,0
BRDA:2,344,1,0
BRDA:2,345,0,0
BRDA:2,345,1,0
BRDA:2,346,0,0
BRDA:2,346,1,0
BRDA:2,346,2,0
BRDA:2,346,3,0
BRDA:2,347,0,0
BRDA:2,347,1,0
BRDA:2,348,0,0
BRDA:2,348,1,0
BRDA:2,348,2,0
BRDA:2,349,0,0
BRDA:2,349,1,0
BRDA:2,349,2,0
BRDA:2,350,0,0
BRDA:2,350,1,0
BRDA:2,351,0,0
BRDA:2,351,1,0
BRDA:2,352,0,0
BRDA:2,352,1,0
BRDA:2,353,0,0
BRDA:2,353,1,0
BRDA:2,354,0,0
BRDA:2,354,1,0
BRDA:2,354,2,0
BRDA:2,355,0,0
BRDA:2,355,1,0
BRDA:2,356,0,0
BRDA:2,356,1,0
BRDA:2,357,0,0
BRDA:2,357,1,0
BRDA:2,358,0,0
BRDA:2,358,1,0
BRDA:2,359,0,0
BRDA:2,359,1,0
BRDA:2,360,0,0
BRDA:2,360,1,0
BRDA:2,361,0,0
BRDA:2,361,1,0
BRDA:2,362,0,0
BRDA:2,362,1,0
BRDA:2,363,0,0
BRDA:2,363,1,0
BRDA:2,364,0,0
BRDA:2,364,1,0
BRDA:2,365,0,0
BRDA:2,365,1,0
BRDA:2,366,0,0
BRDA:2,366,1,0
BRDA:2,367,0,0
BRDA:2,367,1,0
BRDA:2,368,0,0
BRDA:2,368,1,0
BRDA:2,368,2,0
BRDA:2,369,0,0
BRDA:2,369,1,0
BRDA:2,370,0,0
BRDA:2,370,1,0
BRDA:2,371,0,0
BRDA:2,371,1,0
BRDA:2,372,0,0
BRDA:2,372,1,0
BRDA:2,373,0,0
BRDA:2,373,1,0
BRDA:2,374,0,0
BRDA:2,374,1,0
BRDA:2,375,0,0
BRDA:2,375,1,0
BRDA:2,376,0,0
BRDA:2,376,1,0
BRDA:2,377,0,0
BRDA:2,377,1,0
BRDA:2,378,0,0
BRDA:2,378,1,0
BRDA:2,379,0,0
BRDA:2,379,1,0
BRDA:2,380,0,0
BRDA:2,380,1,0
BRDA:2,381,0,0
BRDA:2,381,1,0
BRDA:2,382,0,0
BRDA:2,382,1,0
BRDA:2,382,2,0
BRDA:2,383,0,0
BRDA:2,383,1,0
BRDA:2,384,0,0
BRDA:2,384,1,0
BRDA:2,385,0,0
BRDA:2,385,1,0
BRDA:2,386,0,0
BRDA:2,386,1,0
BRDA:2,387,0,0
BRDA:2,387,1,0
BRDA:2,388,0,0
BRDA:2,388,1,0
BRDA:2,388,2,0
BRDA:2,389,0,0
BRDA:2,389,1,0
BRDA:2,390,0,0
BRDA:2,390,1,0
BRDA:2,391,0,0
BRDA:2,391,1,0
BRDA:2,392,0,0
BRDA:2,392,1,0
BRDA:2,393,0,0
BRDA:2,393,1,0
BRDA:2,394,0,0
BRDA:2,394,1,0
BRDA:2,395,0,0
BRDA:2,395,1,0
BRDA:2,396,0,0
BRDA:2,396,1,0
BRDA:2,397,0,0
BRDA:2,397,1,0
BRDA:2,398,0,0
BRDA:2,398,1,0
BRDA:2,399,0,0
BRDA:2,399,1,0
BRDA:2,400,0,0
BRDA:2,400,1,0
BRDA:2,400,2,0
BRDA:2,401,0,0
BRDA:2,401,1,0
BRDA:2,401,2,0
BRDA:2,401,3,0
BRDA:2,401,4,0
BRDA:2,402,0,0
BRDA:2,402,1,0
BRDA:2,403,0,0
BRDA:2,403,1,0
BRDA:2,404,0,0
BRDA:2,404,1,0
BRDA:2,405,0,0
BRDA:2,405,1,0
BRDA:2,406,0,0
BRDA:2,406,1,0
BRDA:2,407,0,0
BRDA:2,407,1,0
BRDA:2,408,0,0
BRDA:2,408,1,0
BRDA:2,409,0,0
BRDA:2,409,1,0
BRDA:2,410,0,0
BRDA:2,410,1,0
BRDA:2,411,0,0
BRDA:2,411,1,0
BRDA:2,412,0,0
BRDA:2,412,1,0
BRDA:2,413,0,0
BRDA:2,413,1,0
BRDA:2,413,2,0
BRDA:2,413,3,0
BRDA:2,413,4,0
BRDA:2,414,0,0
BRDA:2,414,1,0
BRDA:2,415,0,0
BRDA:2,415,1,0
BRDA:2,416,0,0
BRDA:2,416,1,0
BRDA:2,417,0,0
BRDA:2,417,1,0
BRDA:2,418,0,0
BRDA:2,418,1,0
BRDA:2,419,0,0
BRDA:2,419,1,0
BRDA:2,420,0,0
BRDA:2,420,1,0
BRDA:2,421,0,0
BRDA:2,421,1,0
BRDA:2,421,2,0
BRDA:2,422,0,0
BRDA:2,422,1,0
BRDA:2,423,0,0
BRDA:2,423,1,0
BRDA:2,424,0,0
BRDA:2,424,1,0
BRDA:2,425,0,0
BRDA:2,425,1,0
BRDA:2,425,2,0
BRDA:2,425,3,0
BRDA:2,426,0,0
BRDA:2,426,1,0
BRDA:2,427,0,0
BRDA:2,427,1,0
BRDA:2,428,0,0
BRDA:2,428,1,0
BRDA:2,429,0,0
BRDA:2,429,1,0
BRDA:2,429,2,0
BRDA:2,430,0,0
BRDA:2,430,1,0
BRDA:2,431,0,0
BRDA:2,431,1,0
BRDA:2,432,0,0
BRDA:2,432,1,0
BRDA:2,433,0,0
BRDA:2,433,1,0
BRDA:2,434,0,0
BRDA:2,434,1,0
BRDA:2,435,0,0
BRDA:2,435,1,0
BRDA:2,436,0,0
BRDA:2,436,1,0
BRDA:2,437,0,0
BRDA:2,437,1,0
BRDA:2,438,0,0
BRDA:2,438,1,0
BRDA:2,439,0,0
BRDA:2,439,1,0
BRDA:2,440,0,0
BRDA:2,440,1,0
BRDA:2,441,0,0
BRDA:2,441,1,0
BRDA:2,441,2,0
BRDA:2,442,0,0
BRDA:2,442,1,0
BRDA:2,443,0,0
BRDA:2,443,1,0
BRDA:2,444,0,0
BRDA:2,444,1,0
BRDA:2,445,0,0
BRDA:2,445,1,0
BRDA:2,446,0,0
BRDA:2,446,1,0
BRDA:2,447,0,0
BRDA:2,447,1,0
BRDA:2,448,0,0
BRDA:2,448,1,0
BRDA:2,449,0,0
BRDA:2,449,1,0
BRDA:2,450,0,0
BRDA:2,450,1,0
BRDA:2,451,0,0
BRDA:2,451,1,0
BRDA:2,452,0,0
BRDA:2,452,1,0
BRDA:2,453,0,0
BRDA:2,453,1,0
BRDA:2,454,0,0
BRDA:2,454,1,0
BRDA:2,455,0,0
BRDA:2,455,1,0
BRDA:2,456,0,0
BRDA:2,456,1,0
BRDA:2,457,0,0
BRDA:2,457,1,0
BRDA:2,458,0,0
BRDA:2,458,1,0
BRDA:2,459,0,0
BRDA:2,459,1,0
BRDA:2,460,0,0
BRDA:2,460,1,0
BRDA:2,461,0,0
BRDA:2,461,1,0
BRDA:2,462,0,0
BRDA:2,462,1,0
BRDA:2,463,0,0
BRDA:2,463,1,0
BRDA:2,464,0,0
BRDA:2,464,1,0
BRDA:2,465,0,0
BRDA:2,465,1,0
BRDA:2,465,2,0
BRDA:2,466,0,0
BRDA:2,466,1,0
BRDA:2,466,2,0
BRDA:2,467,0,0
BRDA:2,467,1,0
BRDA:2,468,0,0
BRDA:2,468,1,0
BRDA:2,469,0,0
BRDA:2,469,1,0
BRDA:2,470,0,0
BRDA:2,470,1,0
BRDA:2,471,0,0
BRDA:2,471,1,0
BRDA:2,472,0,0
BRDA:2,472,1,0
BRDA:2,473,0,0
BRDA:2,473,1,0
BRDA:2,474,0,0
BRDA:2,474,1,0
BRDA:2,475,0,0
BRDA:2,475,1,0
BRDA:2,476,0,0
BRDA:2,476,1,0
BRDA:2,477,0,0
BRDA:2,477,1,0
BRDA:2,478,0,0
BRDA:2,478,1,0
BRDA:2,479,0,0
BRDA:2,479,1,0
BRDA:2,480,0,0
BRDA:2,480,1,0
BRDA:2,481,0,0
BRDA:2,481,1,0
BRDA:2,482,0,0
BRDA:2,482,1,0
BRDA:2,483,0,0
BRDA:2,483,1,0
BRDA:2,484,0,0
BRDA:2,484,1,0
BRDA:2,485,0,0
BRDA:2,485,1,0
BRDA:2,486,0,0
BRDA:2,486,1,0
BRDA:2,487,0,0
BRDA:2,487,1,0
BRDA:2,488,0,0
BRDA:2,488,1,0
BRDA:2,489,0,0
BRDA:2,489,1,0
BRDA:2,490,0,0
BRDA:2,490,1,0
BRDA:2,491,0,0
BRDA:2,491,1,0
BRDA:2,492,0,0
BRDA:2,492,1,0
BRDA:2,493,0,0
BRDA:2,493,1,0
BRDA:2,494,0,0
BRDA:2,494,1,0
BRDA:2,495,0,0
BRDA:2,495,1,0
BRDA:2,496,0,0
BRDA:2,496,1,0
BRDA:2,497,0,0
BRDA:2,497,1,0
BRDA:2,498,0,0
BRDA:2,498,1,0
BRDA:2,499,0,0
BRDA:2,499,1,0
BRDA:2,500,0,0
BRDA:2,500,1,0
BRDA:2,501,0,0
BRDA:2,501,1,0
BRDA:2,502,0,0
BRDA:2,502,1,0
BRDA:2,503,0,0
BRDA:2,503,1,0
BRDA:2,504,0,0
BRDA:2,504,1,0
BRDA:2,505,0,0
BRDA:2,505,1,0
BRDA:2,505,2,0
BRDA:2,506,0,0
BRDA:2,506,1,0
BRDA:2,507,0,0
BRDA:2,507,1,0
BRDA:2,508,0,0
BRDA:2,508,1,0
BRDA:2,509,0,0
BRDA:2,509,1,0
BRDA:2,510,0,0
BRDA:2,510,1,0
BRDA:2,511,0,0
BRDA:2,511,1,0
BRDA:2,512,0,0
BRDA:2,512,1,0
BRDA:2,512,2,0
BRDA:2,513,0,0
BRDA:2,513,1,0
BRDA:2,514,0,0
BRDA:2,514,1,0
BRDA:2,515,0,0
BRDA:2,515,1,0
BRDA:2,516,0,0
BRDA:2,516,1,0
BRDA:2,517,0,0
BRDA:2,517,1,0
BRDA:2,517,2,0
BRDA:2,518,0,0
BRDA:2,518,1,0
BRDA:2,519,0,0
BRDA:2,519,1,0
BRDA:2,519,2,0
BRDA:2,520,0,0
BRDA:2,520,1,0
BRDA:2,520,2,0
BRDA:2,520,3,0
BRDA:2,521,0,0
BRDA:2,521,1,0
BRDA:2,521,2,0
BRDA:2,522,0,0
BRDA:2,522,1,0
BRDA:2,523,0,0
BRDA:2,523,1,0
BRDA:2,524,0,0
BRDA:2,524,1,0
BRDA:2,525,0,0
BRDA:2,525,1,0
BRDA:2,525,2,0
BRDA:2,526,0,0
BRDA:2,526,1,0
BRDA:2,527,0,0
BRDA:2,527,1,0
BRDA:2,528,0,0
BRDA:2,528,1,0
BRDA:2,529,0,0
BRDA:2,529,1,0
BRDA:2,530,0,0
BRDA:2,530,1,0
BRDA:2,531,0,0
BRDA:2,531,1,0
BRDA:2,532,0,0
BRDA:2,532,1,0
BRDA:2,533,0,0
BRDA:2,533,1,0
BRDA:2,534,0,0
BRDA:2,534,1,0
BRDA:2,535,0,0
BRDA:2,535,1,0
BRDA:2,536,0,0
BRDA:2,536,1,0
BRDA:2,537,0,0
BRDA:2,537,1,0
BRDA:2,538,0,0
BRDA:2,538,1,0
BRDA:2,539,0,0
BRDA:2,539,1,0
BRDA:2,540,0,0
BRDA:2,540,1,0
BRDA:2,541,0,0
BRDA:2,541,1,0
BRDA:2,541,2,0
BRDA:2,541,3,0
BRDA:2,542,0,0
BRDA:2,542,1,0
BRDA:2,543,0,0
BRDA:2,543,1,0
BRDA:2,544,0,0
BRDA:2,544,1,0
BRDA:2,545,0,0
BRDA:2,545,1,0
BRDA:2,546,0,0
BRDA:2,546,1,0
BRDA:2,547,0,0
BRDA:2,547,1,0
BRDA:2,548,0,0
BRDA:2,548,1,0
BRDA:2,549,0,0
BRDA:2,549,1,0
BRDA:2,550,0,0
BRDA:2,550,1,0
BRDA:2,551,0,0
BRDA:2,551,1,0
BRDA:2,552,0,0
BRDA:2,552,1,0
BRDA:2,553,0,0
BRDA:2,553,1,0
BRDA:2,554,0,0
BRDA:2,554,1,0
BRDA:2,555,0,0
BRDA:2,555,1,0
BRDA:2,556,0,0
BRDA:2,556,1,0
BRDA:2,557,0,0
BRDA:2,557,1,0
BRDA:2,558,0,0
BRDA:2,558,1,0
BRDA:2,559,0,0
BRDA:2,559,1,0
BRDA:2,560,0,0
BRDA:2,560,1,0
BRDA:2,561,0,0
BRDA:2,561,1,0
BRDA:2,562,0,0
BRDA:2,562,1,0
BRDA:2,563,0,0
BRDA:2,563,1,0
BRDA:2,564,0,0
BRDA:2,564,1,0
BRDA:2,565,0,0
BRDA:2,565,1,0
BRDA:2,566,0,0
BRDA:2,566,1,0
BRDA:2,566,2,0
BRDA:2,566,3,0
BRDA:2,566,4,0
BRDA:2,567,0,0
BRDA:2,567,1,0
BRDA:2,568,0,0
BRDA:2,568,1,0
BRDA:2,569,0,0
BRDA:2,569,1,0
BRDA:2,569,2,0
BRDA:3,570,0,0
BRDA:3,570,1,0
BRDA:3,571,0,0
BRDA:3,571,1,0
BRDA:3,571,2,0
BRDA:3,572,0,0
BRDA:3,572,1,0
BRDA:3,573,0,0
BRDA:3,573,1,0
BRDA:3,574,0,0
BRDA:3,574,1,0
BRDA:3,575,0,0
BRDA:3,575,1,0
BRDA:3,576,0,0
BRDA:3,576,1,0
BRDA:3,577,0,0
BRDA:3,577,1,0
BRDA:3,578,0,0
BRDA:3,578,1,0
BRDA:3,579,0,0
BRDA:3,579,1,0
BRDA:3,580,0,0
BRDA:3,580,1,0
BRDA:3,581,0,0
BRDA:3,581,1,0
BRDA:3,582,0,0
BRDA:3,582,1,0
BRDA:3,582,2,0
BRDA:3,583,0,0
BRDA:3,583,1,0
BRDA:3,584,0,0
BRDA:3,584,1,0
BRDA:3,585,0,0
BRDA:3,585,1,0
BRDA:3,586,0,0
BRDA:3,586,1,0
BRDA:3,587,0,0
BRDA:3,587,1,0
BRDA:3,588,0,0
BRDA:3,588,1,0
BRDA:3,589,0,0
BRDA:3,589,1,0
BRDA:3,590,0,0
BRDA:3,590,1,0
BRDA:3,590,2,0
BRDA:3,590,3,0
BRDA:3,591,0,0
BRDA:3,591,1,0
BRDA:3,592,0,0
BRDA:3,592,1,0
BRDA:3,593,0,0
BRDA:3,593,1,0
BRDA:3,594,0,0
BRDA:3,594,1,0
BRDA:3,595,0,0
BRDA:3,595,1,0
BRDA:3,596,0,0
BRDA:3,596,1,0
BRDA:3,597,0,0
BRDA:3,597,1,0
BRDA:3,597,2,0
BRDA:3,598,0,0
BRDA:3,598,1,0
BRDA:3,599,0,0
BRDA:3,599,1,0
BRDA:3,600,0,0
BRDA:3,600,1,0
BRDA:3,600,2,0
BRDA:3,601,0,0
BRDA:3,601,1,0
BRDA:3,602,0,0
BRDA:3,602,1,0
BRDA:3,603,0,0
BRDA:3,603,1,0
BRDA:3,604,0,0
BRDA:3,604,1,0
BRDA:3,605,0,0
BRDA:3,605,1,0
BRDA:3,606,0,0
BRDA:3,606,1,0
BRDA:3,607,0,0
BRDA:3,607,1,0
BRDA:3,608,0,0
BRDA:3,608,1,0
BRDA:3,609,0,0
BRDA:3,609,1,0
BRDA:3,610,0,0
BRDA:3,610,1,0
BRDA:3,611,0,0
BRDA:3,611,1,0
BRDA:3,612,0,0
BRDA:3,612,1,0
BRDA:3,613,0,0
BRDA:3,613,1,0
BRDA:3,614,0,0
BRDA:3,614,1,0
BRDA:3,615,0,0
BRDA:3,615,1,0
BRDA:3,616,0,0
BRDA:3,616,1,0
BRDA:3,617,0,0
BRDA:3,617,1,0
BRDA:3,618,0,0
BRDA:3,618,1,0
BRDA:3,619,0,0
BRDA:3,619,1,0
BRDA:3,620,0,0
BRDA:3,620,1,0
BRDA:3,621,0,0
BRDA:3,621,1,0
BRDA:3,622,0,0
BRDA:3,622,1,0
BRDA:3,623,0,0
BRDA:3,623,1,0
BRDA:3,624,0,0
BRDA:3,624,1,0
BRDA:3,625,0,0
BRDA:3,625,1,0
BRDA:3,626,0,0
BRDA:3,626,1,0
BRDA:3,627,0,0
BRDA:3,627,1,0
BRDA:3,628,0,0
BRDA:3,628,1,0
BRDA:3,629,0,0
BRDA:3,629,1,0
BRDA:3,630,0,0
BRDA:3,630,1,0
BRDA:3,631,0,0
BRDA:3,631,1,0
BRDA:3,631,2,0
BRDA:3,632,0,0
BRDA:3,632,1,0
BRDA:3,633,0,0
BRDA:3,633,1,0
BRDA:3,634,0,0
BRDA:3,634,1,0
BRDA:3,635,0,0
BRDA:3,635,1,0
BRDA:3,636,0,0
BRDA:3,636,1,0
BRDA:3,636,2,0
BRDA:3,637,0,0
BRDA:3,637,1,0
BRDA:3,638,0,0
BRDA:3,638,1,0
BRDA:3,639,0,0
BRDA:3,639,1,0
BRDA:3,640,0,0
BRDA:3,640,1,0
BRDA:3,641,0,0
BRDA:3,641,1,0
BRDA:3,641,2,0
BRDA:3,642,0,0
BRDA:3,642,1,0
BRDA:3,643,0,0
BRDA:3,643,1,0
BRDA:3,643,2,0
BRDA:3,643,3,0
BRDA:3,644,0,0
BRDA:3,644,1,0
BRDA:3,645,0,0
BRDA:3,645,1,0
BRDA:3,646,0,0
BRDA:3,646,1,0
BRDA:3,646,2,0
BRDA:3,647,0,0
BRDA:3,647,1,0
BRDA:3,648,0,0
BRDA:3,648,1,0
BRDA:3,648,2,0
BRDA:3,648,3,0
BRDA:3,649,0,0
BRDA:3,649,1,0
BRDA:3,650,0,0
BRDA:3,650,1,0
BRDA:3,651,0,0
BRDA:3,651,1,0
BRDA:3,652,0,0
BRDA:3,652,1,0
BRDA:3,653,0,0
BRDA:3,653,1,0
BRDA:3,654,0,0
BRDA:3,654,1,0
BRDA:3,654,2,0
BRDA:3,655,0,0
BRDA:3,655,1,0
BRDA:3,656,0,0
BRDA:3,656,1,0
BRDA:3,657,0,0
BRDA:3,657,1,0
BRDA:3,657,2,0
BRDA:3,658,0,0
BRDA:3,658,1,0
BRDA:3,659,0,0
BRDA:3,659,1,0
BRDA:3,660,0,0
BRDA:3,660,1,0
BRDA:3,661,0,0
BRDA:3,661,1,0
BRDA:3,662,0,0
BRDA:3,662,1,0
BRDA:3,663,0,0
BRDA:3,663,1,0
BRDA:3,664,0,0
BRDA:3,664,1,0
BRDA:3,665,0,0
BRDA:3,665,1,0
BRDA:3,666,0,0
BRDA:3,666,1,0
BRDA:3,667,0,0
BRDA:3,667,1,0
BRDA:3,667,2,0
BRDA:3,668,0,0
BRDA:3,668,1,0
BRDA:3,669,0,0
BRDA:3,669,1,0
BRDA:3,670,0,0
BRDA:3,670,1,0
BRDA:3,671,0,0
BRDA:3,671,1,0
BRDA:3,672,0,0
BRDA:3,672,1,0
BRDA:3,673,0,0
BRDA:3,673,1,0
BRDA:3,674,0,0
BRDA:3,674,1,0
BRDA:3,675,0,0
BRDA:3,675,1,0
BRDA:3,676,0,0
BRDA:3,676,1,0
BRDA:3,677,0,0
BRDA:3,677,1,0
BRDA:3,678,0,0
BRDA:3,678,1,0
BRDA:3,678,2,0
BRDA:3,679,0,0
BRDA:3,679,1,0
BRDA:3,680,0,0
BRDA:3,680,1,0
BRDA:3,681,0,0
BRDA:3,681,1,0
BRDA:3,682,0,0
BRDA:3,682,1,0
BRDA:3,683,0,0
BRDA:3,683,1,0
BRDA:3,684,0,0
BRDA:3,684,1,0
BRDA:3,685,0,0
BRDA:3,685,1,0
BRDA:3,686,0,0
BRDA:3,686,1,0
BRDA:3,687,0,0
BRDA:3,687,1,0
BRDA:3,688,0,0
BRDA:3,688,1,0
BRDA:3,689,0,0
BRDA:3,689,1,0
BRDA:3,690,0,0
BRDA:3,690,1,0
BRDA:3,691,0,0
BRDA:3,691,1,0
BRDA:3,692,0,0
BRDA:3,692,1,0
BRDA:3,693,0,0
BRDA:3,693,1,0
BRDA:3,694,0,0
BRDA:3,694,1,0
BRDA:3,695,0,0
BRDA:3,695,1,0
BRDA:3,696,0,0
BRDA:3,696,1,0
BRDA:3,697,0,0
BRDA:3,697,1,0
BRDA:3,698,0,0
BRDA:3,698,1,0
BRDA:3,699,0,0
BRDA:3,699,1,0
BRDA:3,700,0,0
BRDA:3,700,1,0
BRDA:3,701,0,0
BRDA:3,701,1,0
BRDA:3,702,0,0
BRDA:3,702,1,0
BRDA:3,703,0,0
BRDA:3,703,1,0
BRDA:3,704,0,0
BRDA:3,704,1,0
BRDA:3,705,0,0
BRDA:3,705,1,0
BRDA:3,706,0,0
BRDA:3,706,1,0
BRDA:3,707,0,0
BRDA:3,707,1,0
BRDA:3,708,0,0
BRDA:3,708,1,0
BRDA:3,709,0,0
BRDA:3,709,1,0
BRDA:3,710,0,0
BRDA:3,710,1,0
BRDA:3,711,0,0
BRDA:3,711,1,0
BRDA:3,712,0,0
BRDA:3,712,1,0
BRDA:3,713,0,0
BRDA:3,713,1,0
BRDA:3,714,0,0
BRDA:3,714,1,0
BRDA:3,715,0,0
BRDA:3,715,1,0
BRDA:3,716,0,0
BRDA:3,716,1,0
BRDA:3,717,0,0
BRDA:3,717,1,0
BRDA:3,718,0,0
BRDA:3,718,1,0
BRDA:3,719,0,0
BRDA:3,719,1,0
BRDA:3,720,0,0
BRDA:3,720,1,0
BRDA:3,721,0,0
BRDA:3,721,1,0
BRDA:3,722,0,0
BRDA:3,722,1,0
BRDA:3,723,0,0
BRDA:3,723,1,0
BRDA:3,724,0,0
BRDA:3,724,1,0
BRDA:3,725,0,0
BRDA:3,725,1,0
BRDA:3,726,0,0
BRDA:3,726,1,0
BRDA:3,726,2,0
BRDA:3,726,3,0
BRDA:3,727,0,0
BRDA:3,727,1,0
BRDA:3,728,0,0
BRDA:3,728,1,0
BRDA:3,729,0,0
BRDA:3,729,1,0
BRDA:3,730,0,0
BRDA:3,730,1,0
BRDA:3,731,0,0
BRDA:3,731,1,0
BRDA:3,732,0,0
BRDA:3,732,1,0
BRDA:3,733,0,0
BRDA:3,733,1,0
BRDA:3,734,0,0
BRDA:3,734,1,0
BRDA:3,735,0,0
BRDA:3,735,1,0
BRDA:3,736,0,0
BRDA:3,736,1,0
BRDA:3,737,0,0
BRDA:3,737,1,0
BRDA:3,738,0,0
BRDA:3,738,1,0
BRDA:3,739,0,0
BRDA:3,739,1,0
BRDA:3,740,0,0
BRDA:3,740,1,0
BRDA:3,741,0,0
BRDA:3,741,1,0
BRDA:3,742,0,0
BRDA:3,742,1,0
BRDA:3,743,0,0
BRDA:3,743,1,0
BRDA:3,743,2,0
BRDA:3,743,3,0
BRDA:3,743,4,0
BRDA:3,743,5,0
BRDA:3,743,6,0
BRDA:3,743,7,0
BRDA:3,743,8,0
BRDA:3,743,9,0
BRDA:3,743,10,0
BRDA:3,744,0,0
BRDA:3,744,1,0
BRDA:3,745,0,0
BRDA:3,745,1,0
BRDA:3,746,0,0
BRDA:3,746,1,0
BRDA:3,746,2,0
BRDA:3,747,0,0
BRDA:3,747,1,0
BRDA:3,747,2,0
BRDA:3,748,0,0
BRDA:3,748,1,0
BRDA:3,749,0,0
BRDA:3,749,1,0
BRDA:3,750,0,0
BRDA:3,750,1,0
BRDA:3,751,0,0
BRDA:3,751,1,0
BRDA:3,752,0,0
BRDA:3,752,1,0
BRDA:3,753,0,0
BRDA:3,753,1,0
BRDA:3,754,0,0
BRDA:3,754,1,0
BRDA:3,755,0,0
BRDA:3,755,1,0
BRDA:3,756,0,0
BRDA:3,756,1,0
BRDA:3,756,2,0
BRDA:3,757,0,0
BRDA:3,757,1,0
BRDA:3,758,0,0
BRDA:3,758,1,0
BRDA:3,759,0,0
BRDA:3,759,1,0
BRDA:3,759,2,0
BRDA:3,760,0,0
BRDA:3,760,1,0
BRDA:3,761,0,0
BRDA:3,761,1,0
BRDA:3,762,0,0
BRDA:3,762,1,0
BRDA:3,762,2,0
BRDA:3,763,0,0
BRDA:3,763,1,0
BRDA:3,764,0,0
BRDA:3,764,1,0
BRDA:3,765,0,0
BRDA:3,765,1,0
BRDA:3,766,0,0
BRDA:3,766,1,0
BRDA:3,766,2,0
BRDA:3,767,0,0
BRDA:3,767,1,0
BRDA:3,768,0,0
BRDA:3,768,1,0
BRDA:3,769,0,0
BRDA:3,769,1,0
BRDA:3,770,0,0
BRDA:3,770,1,0
BRDA:3,771,0,0
BRDA:3,771,1,0
BRDA:3,772,0,0
BRDA:3,772,1,0
BRDA:3,773,0,0
BRDA:3,773,1,0
BRDA:3,774,0,0
BRDA:3,774,1,0
BRDA:3,775,0,0
BRDA:3,775,1,0
BRDA:3,776,0,0
BRDA:3,776,1,0
BRDA:3,777,0,0
BRDA:3,777,1,0
BRDA:3,778,0,0
BRDA:3,778,1,0
BRDA:3,779,0,0
BRDA:3,779,1,0
BRDA:3,780,0,0
BRDA:3,780,1,0
BRDA:3,781,0,0
BRDA:3,781,1,0
BRDA:3,781,2,0
BRDA:3,782,0,0
BRDA:3,782,1,0
BRDA:3,782,2,0
BRDA:3,783,0,0
BRDA:3,783,1,0
BRDA:3,784,0,0
BRDA:3,784,1,0
BRDA:3,785,0,0
BRDA:3,785,1,0
BRDA:3,786,0,0
BRDA:3,786,1,0
BRDA:3,787,0,0
BRDA:3,787,1,0
BRDA:3,788,0,0
BRDA:3,788,1,0
BRDA:3,788,2,0
BRDA:3,789,0,0
BRDA:3,789,1,0
BRDA:3,790,0,0
BRDA:3,790,1,0
BRDA:3,791,0,0
BRDA:3,791,1,0
BRDA:3,792,0,0
BRDA:3,792,1,0
BRDA:3,792,2,0
BRDA:3,793,0,0
BRDA:3,793,1,0
BRDA:3,793,2,0
BRDA:3,794,0,0
BRDA:3,794,1,0
BRDA:3,794,2,0
BRDA:3,795,0,0
BRDA:3,795,1,0
BRDA:3,795,2,0
BRDA:3,796,0,0
BRDA:3,796,1,0
BRDA:3,797,0,0
BRDA:3,797,1,0
BRDA:3,798,0,0
BRDA:3,798,1,0
BRDA:3,799,0,0
BRDA:3,799,1,0
BRDA:3,800,0,0
BRDA:3,800,1,0
BRDA:3,800,2,0
BRDA:3,801,0,0
BRDA:3,801,1,0
BRDA:3,802,0,0
BRDA:3,802,1,0
BRDA:3,803,0,0
BRDA:3,803,1,0
BRDA:3,804,0,0
BRDA:3,804,1,0
BRDA:3,804,2,0
BRDA:3,804,3,0
BRDA:3,805,0,0
BRDA:3,805,1,0
BRDA:3,806,0,0
BRDA:3,806,1,0
BRDA:3,806,2,0
BRDA:3,807,0,0
BRDA:3,807,1,0
BRDA:3,808,0,0
BRDA:3,808,1,0
BRDA:3,809,0,0
BRDA:3,809,1,0
BRDA:3,810,0,0
BRDA:3,810,1,0
BRDA:3,810,2,0
BRDA:3,811,0,0
BRDA:3,811,1,0
BRDA:3,812,0,0
BRDA:3,812,1,0
BRDA:3,813,0,0
BRDA:3,813,1,0
BRDA:3,814,0,0
BRDA:3,814,1,0
BRDA:3,815,0,0
BRDA:3,815,1,0
BRDA:3,816,0,0
BRDA:3,816,1,0
BRDA:3,817,0,0
BRDA:3,817,1,0
BRDA:3,818,0,0
BRDA:3,818,1,0
BRDA:3,819,0,0
BRDA:3,819,1,0
BRDA:3,820,0,0
BRDA:3,820,1,0
BRDA:3,821,0,0
BRDA:3,821,1,0
BRDA:3,822,0,0
BRDA:3,822,1,0
BRDA:3,823,0,0
BRDA:3,823,1,0
BRDA:3,823,2,0
BRDA:3,824,0,0
BRDA:3,824,1,0
BRDA:3,825,0,0
BRDA:3,825,1,0
BRDA:3,825,2,0
BRDA:3,825,3,0
BRDA:3,825,4,0
BRDA:3,826,0,0
BRDA:3,826,1,0
BRDA:3,827,0,0
BRDA:3,827,1,0
BRDA:3,828,0,0
BRDA:3,828,1,0
BRDA:3,829,0,0
BRDA:3,829,1,0
BRDA:3,830,0,0
BRDA:3,830,1,0
BRDA:3,831,0,0
BRDA:3,831,1,0
BRDA:3,832,0,0
BRDA:3,832,1,0
BRDA:3,833,0,0
BRDA:3,833,1,0
BRDA:3,834,0,0
BRDA:3,834,1,0
BRDA:3,834,2,0
BRDA:3,834,3,0
BRDA:3,835,0,0
BRDA:3,835,1,0
BRDA:3,836,0,0
BRDA:3,836,1,0
BRDA:3,837,0,0
BRDA:3,837,1,0
BRDA:3,838,0,0
BRDA:3,838,1,0
BRDA:3,838,2,0
BRDA:3,839,0,0
BRDA:3,839,1,0
BRDA:3,840,0,0
BRDA:3,840,1,0
BRDA:3,840,2,0
BRDA:3,841,0,0
BRDA:3,841,1,0
BRDA:3,842,0,0
BRDA:3,842,1,0
BRDA:3,842,2,0
BRDA:3,842,3,0
BRDA:3,843,0,0
BRDA:3,843,1,0
BRDA:3,844,0,0
BRDA:3,844,1,0
BRDA:3,845,0,0
BRDA:3,845,1,0
BRDA:3,846,0,0
BRDA:3,846,1,0
BRDA:3,847,0,0
BRDA:3,847,1,0
BRDA:3,848,0,0
BRDA:3,848,1,0
BRDA:3,849,0,0
BRDA:3,849,1,0
BRDA:3,850,0,0
BRDA:3,850,1,0
BRDA:3,851,0,0
BRDA:3,851,1,0
BRDA:3,852,0,0
BRDA:3,852,1,0
BRDA:3,853,0,0
BRDA:3,853,1,0
BRDA:3,854,0,0
BRDA:3,854,1,0
BRDA:3,855,0,0
BRDA:3,855,1,0
BRDA:3,855,2,0
BRDA:3,855,3,0
BRDA:3,856,0,0
BRDA:3,856,1,0
BRDA:3,857,0,0
BRDA:3,857,1,0
BRDA:3,857,2,0
BRDA:3,858,0,0
BRDA:3,858,1,0
BRDA:3,859,0,0
BRDA:3,859,1,0
BRDA:3,859,2,0
BRDA:3,860,0,0
BRDA:3,860,1,0
BRDA:3,861,0,0
BRDA:3,861,1,0
BRDA:3,862,0,0
BRDA:3,862,1,0
BRDA:3,863,0,0
BRDA:3,863,1,0
BRDA:3,864,0,0
BRDA:3,864,1,0
BRDA:3,865,0,0
BRDA:3,865,1,0
BRDA:3,866,0,0
BRDA:3,866,1,0
BRDA:3,867,0,0
BRDA:3,867,1,0
BRDA:3,868,0,0
BRDA:3,868,1,0
BRDA:3,869,0,0
BRDA:3,869,1,0
BRDA:3,869,2,0
BRDA:3,870,0,0
BRDA:3,870,1,0
BRDA:3,871,0,0
BRDA:3,871,1,0
BRDA:3,872,0,0
BRDA:3,872,1,0
BRDA:3,873,0,0
BRDA:3,873,1,0
BRDA:3,874,0,0
BRDA:3,874,1,0
BRDA:3,875,0,0
BRDA:3,875,1,0
BRDA:3,876,0,0
BRDA:3,876,1,0
BRDA:3,877,0,0
BRDA:3,877,1,0
BRDA:3,877,2,0
BRDA:3,878,0,0
BRDA:3,878,1,0
BRDA:3,879,0,0
BRDA:3,879,1,0
BRDA:3,880,0,0
BRDA:3,880,1,0
BRDA:3,881,0,0
BRDA:3,881,1,0
BRDA:3,882,0,0
BRDA:3,882,1,0
BRDA:3,883,0,0
BRDA:3,883,1,0
BRDA:3,883,2,0
BRDA:3,884,0,0
BRDA:3,884,1,0
BRDA:3,884,2,0
BRDA:3,884,3,0
BRDA:3,885,0,0
BRDA:3,885,1,0
BRDA:3,886,0,0
BRDA:3,886,1,0
BRDA:3,887,0,0
BRDA:3,887,1,0
BRDA:3,888,0,0
BRDA:3,888,1,0
BRDA:3,889,0,0
BRDA:3,889,1,0
BRDA:3,890,0,0
BRDA:3,890,1,0
BRDA:3,891,0,0
BRDA:3,891,1,0
BRDA:3,892,0,0
BRDA:3,892,1,0
BRDA:3,893,0,0
BRDA:3,893,1,0
BRDA:3,894,0,0
BRDA:3,894,1,0
BRDA:3,895,0,0
BRDA:3,895,1,0
BRDA:3,896,0,0
BRDA:3,896,1,0
BRDA:3,897,0,0
BRDA:3,897,1,0
BRDA:3,898,0,0
BRDA:3,898,1,0
BRDA:3,899,0,0
BRDA:3,899,1,0
BRDA:3,900,0,0
BRDA:3,900,1,0
BRDA:3,901,0,0
BRDA:3,901,1,0
BRDA:3,902,0,0
BRDA:3,902,1,0
BRDA:3,903,0,0
BRDA:3,903,1,0
BRDA:3,903,2,0
BRDA:3,904,0,0
BRDA:3,904,1,0
BRDA:3,905,0,0
BRDA:3,905,1,0
BRDA:3,906,0,0
BRDA:3,906,1,0
BRDA:3,907,0,0
BRDA:3,907,1,0
BRDA:3,908,0,0
BRDA:3,908,1,0
BRDA:3,909,0,0
BRDA:3,909,1,0
BRDA:3,910,0,0
BRDA:3,910,1,0
BRDA:3,911,0,0
BRDA:3,911,1,0
BRDA:3,911,2,0
BRDA:3,911,3,0
BRDA:3,912,0,0
BRDA:3,912,1,0
BRDA:3,913,0,0
BRDA:3,913,1,0
BRDA:3,914,0,0
BRDA:3,914,1,0
BRDA:3,915,0,0
BRDA:3,915,1,0
BRDA:3,916,0,0
BRDA:3,916,1,0
BRDA:3,916,2,0
BRDA:3,917,0,0
BRDA:3,917,1,0
BRDA:3,918,0,0
BRDA:3,918,1,0
BRDA:3,918,2,0
BRDA:3,918,3,0
BRDA:3,919,0,0
BRDA:3,919,1,0
BRDA:3,919,2,0
BRDA:3,920,0,0
BRDA:3,920,1,0
BRDA:3,921,0,0
BRDA:3,921,1,0
BRDA:3,921,2,0
BRDA:3,922,0,0
BRDA:3,922,1,0
BRDA:3,923,0,0
BRDA:3,923,1,0
BRDA:3,923,2,0
BRDA:3,923,3,0
BRDA:3,924,0,0
BRDA:3,924,1,0
BRDA:3,924,2,0
BRDA:3,924,3,0
BRDA:3,925,0,0
BRDA:3,925,1,0
BRDA:3,926,0,0
BRDA:3,926,1,0
BRDA:3,927,0,0
BRDA:3,927,1,0
BRDA:3,928,0,0
BRDA:3,928,1,0
BRDA:3,928,2,0
BRDA:3,929,0,0
BRDA:3,929,1,0
BRDA:3,930,0,0
BRDA:3,930,1,0
BRDA:3,930,2,0
BRDA:3,931,0,0
BRDA:3,931,1,0
BRDA:3,932,0,0
BRDA:3,932,1,0
BRDA:3,933,0,0
BRDA:3,933,1,0
BRDA:3,934,0,0
BRDA:3,934,1,0
BRDA:3,935,0,0
BRDA:3,935,1,0
BRDA:3,936,0,0
BRDA:3,936,1,0
BRDA:3,937,0,0
BRDA:3,937,1,0
BRDA:3,938,0,0
BRDA:3,938,1,0
BRDA:3,938,2,0
BRDA:3,939,0,0
BRDA:3,939,1,0
BRDA:3,940,0,0
BRDA:3,940,1,0
BRDA:3,941,0,0
BRDA:3,941,1,0
BRDA:3,941,2,0
BRDA:3,941,3,0
BRDA:3,942,0,0
BRDA:3,942,1,0
BRDA:3,943,0,0
BRDA:3,943,1,0
BRDA:3,944,0,0
BRDA:3,944,1,0
BRDA:3,945,0,0
BRDA:3,945,1,0
BRDA:3,945,2,0
BRDA:3,946,0,0
BRDA:3,946,1,0
BRDA:3,947,0,0
BRDA:3,947,1,0
BRDA:3,948,0,0
BRDA:3,948,1,0
BRDA:3,949,0,0
BRDA:3,949,1,0
BRDA:3,950,0,0
BRDA:3,950,1,0
BRDA:3,951,0,0
BRDA:3,951,1,0
BRDA:3,952,0,0
BRDA:3,952,1,0
BRDA:3,953,0,0
BRDA:3,953,1,0
BRDA:3,954,0,0
BRDA:3,954,1,0
BRDA:3,955,0,0
BRDA:3,955,1,0
BRDA:3,956,0,0
BRDA:3,956,1,0
BRDA:3,957,0,0
BRDA:3,957,1,0
BRDA:3,958,0,0
BRDA:3,958,1,0
BRDA:3,959,0,0
BRDA:3,959,1,0
BRDA:3,959,2,0
BRDA:3,960,0,0
BRDA:3,960,1,0
BRDA:3,961,0,0
BRDA:3,961,1,0
BRDA:3,962,0,0
BRDA:3,962,1,0
BRDA:3,963,0,0
BRDA:3,963,1,0
BRDA:3,964,0,0
BRDA:3,964,1,0
BRDA:3,964,2,0
BRDA:3,965,0,0
BRDA:3,965,1,0
BRDA:3,965,2,0
BRDA:3,966,0,0
BRDA:3,966,1,0
BRDA:3,967,0,0
BRDA:3,967,1,0
BRDA:3,968,0,0
BRDA:3,968,1,0
BRDA:3,969,0,0
BRDA:3,969,1,0
BRDA:3,970,0,0
BRDA:3,970,1,0
BRDA:3,971,0,0
BRDA:3,971,1,0
BRDA:3,972,0,0
BRDA:3,972,1,0
BRDA:3,973,0,0
BRDA:3,973,1,0
BRDA:3,974,0,0
BRDA:3,974,1,0
BRDA:3,975,0,0
BRDA:3,975,1,0
BRDA:3,976,0,0
BRDA:3,976,1,0
BRDA:3,977,0,0
BRDA:3,977,1,0
BRDA:3,978,0,0
BRDA:3,978,1,0
BRDA:3,979,0,0
BRDA:3,979,1,0
BRDA:3,980,0,0
BRDA:3,980,1,0
BRDA:3,981,0,0
BRDA:3,981,1,0
BRDA:3,982,0,0
BRDA:3,982,1,0
BRDA:3,983,0,0
BRDA:3,983,1,0
BRDA:3,983,2,0
BRDA:3,984,0,0
BRDA:3,984,1,0
BRDA:3,984,2,0
BRDA:3,985,0,0
BRDA:3,985,1,0
BRDA:3,986,0,0
BRDA:3,986,1,0
BRDA:3,987,0,0
BRDA:3,987,1,0
BRDA:3,987,2,0
BRDA:3,988,0,0
BRDA:3,988,1,0
BRDA:3,989,0,0
BRDA:3,989,1,0
BRDA:3,990,0,0
BRDA:3,990,1,0
BRDA:3,991,0,0
BRDA:3,991,1,0
BRDA:3,992,0,0
BRDA:3,992,1,0
BRDA:3,993,0,0
BRDA:3,993,1,0
BRDA:3,993,2,0
BRDA:3,993,3,0
BRDA:3,993,4,0
BRDA:3,994,0,0
BRDA:3,994,1,0
BRDA:3,995,0,0
BRDA:3,995,1,0
BRDA:3,996,0,0
BRDA:3,996,1,0
BRDA:3,997,0,0
BRDA:3,997,1,0
BRDA:3,998,0,0
BRDA:3,998,1,0
BRDA:3,999,0,0
BRDA:3,999,1,0
BRDA:3,1000,0,0
BRDA:3,1000,1,0
BRDA:3,1001,0,0
BRDA:3,1001,1,0
BRDA:3,1002,0,0
BRDA:3,1002,1,0
BRDA:3,1003,0,0
BRDA:3,1003,1,0
BRDA:3,1004,0,0
BRDA:3,1004,1,0
BRDA:3,1005,0,0
BRDA:3,1005,1,0
BRDA:3,1006,0,0
BRDA:3,1006,1,0
BRDA:3,1007,0,0
BRDA:3,1007,1,0
BRDA:3,1008,0,0
BRDA:3,1008,1,0
BRDA:3,1009,0,0
BRDA:3,1009,1,0
BRDA:3,1010,0,0
BRDA:3,1010,1,0
BRDA:3,1011,0,0
BRDA:3,1011,1,0
BRDA:3,1012,0,0
BRDA:3,1012,1,0
BRDA:3,1013,0,0
BRDA:3,1013,1,0
BRDA:3,1014,0,0
BRDA:3,1014,1,0
BRDA:3,1015,0,0
BRDA:3,1015,1,0
BRDA:3,1016,0,0
BRDA:3,1016,1,0
BRDA:3,1017,0,0
BRDA:3,1017,1,0
BRDA:3,1018,0,0
BRDA:3,1018,1,0
BRDA:3,1019,0,0
BRDA:3,1019,1,0
BRDA:3,1020,0,0
BRDA:3,1020,1,0
BRDA:3,1021,0,0
BRDA:3,1021,1,0
BRDA:3,1022,0,0
BRDA:3,1022,1,0
BRDA:3,1023,0,0
BRDA:3,1023,1,0
BRDA:3,1024,0,0
BRDA:3,1024,1,0
BRDA:3,1025,0,0
BRDA:3,1025,1,0
BRDA:3,1026,0,0
BRDA:3,1026,1,0
BRDA:3,1027,0,0
BRDA:3,1027,1,0
BRDA:3,1028,0,0
BRDA:3,1028,1,0
BRDA:3,1029,0,0
BRDA:3,1029,1,0
BRDA:3,1030,0,0
BRDA:3,1030,1,0
BRDA:3,1030,2,0
BRDA:3,1030,3,0
BRDA:3,1030,4,0
BRDA:3,1031,0,0
BRDA:3,1031,1,0
BRDA:3,1031,2,0
BRDA:3,1031,3,0
BRDA:3,1031,4,0
BRDA:3,1032,0,0
BRDA:3,1032,1,0
BRDA:3,1033,0,0
BRDA:3,1033,1,0
BRDA:3,1034,0,0
BRDA:3,1034,1,0
BRDA:3,1035,0,0
BRDA:3,1035,1,0
BRDA:3,1035,2,0
BRDA:3,1036,0,0
BRDA:3,1036,1,0
BRDA:3,1037,0,0
BRDA:3,1037,1,0
BRDA:3,1038,0,0
BRDA:3,1038,1,0
BRDA:3,1038,2,0
BRDA:3,1039,0,0
BRDA:3,1039,1,0
BRDA:3,1040,0,0
BRDA:3,1040,1,0
BRDA:3,1041,0,0
BRDA:3,1041,1,0
BRDA:3,1042,0,0
BRDA:3,1042,1,0
BRDA:3,1042,2,0
BRDA:3,1043,0,0
BRDA:3,1043,1,0
BRDA:3,1044,0,0
BRDA:3,1044,1,0
BRDA:3,1045,0,0
BRDA:3,1045,1,0
BRDA:3,1046,0,0
BRDA:3,1046,1,0
BRDA:3,1046,2,0
BRDA:3,1047,0,0
BRDA:3,1047,1,0
BRDA:3,1047,2,0
BRDA:3,1047,3,0
BRDA:3,1048,0,0
BRDA:3,1048,1,0
BRDA:3,1048,2,0
BRDA:3,1048,3,0
BRDA:3,1049,0,0
BRDA:3,1049,1,0
BRDA:3,1049,2,0
BRDA:3,1050,0,0
BRDA:3,1050,1,0
BRDA:3,1051,0,0
BRDA:3,1051,1,0
BRDA:3,1052,0,0
BRDA:3,1052,1,0
BRDA:3,1053,0,0
BRDA:3,1053,1,0
BRDA:3,1053,2,0
BRDA:3,1054,0,0
BRDA:3,1054,1,0
BRDA:3,1054,2,0
BRDA:3,1055,0,0
BRDA:3,1055,1,0
BRDA:3,1055,2,0
BRDA:3,1056,0,0
BRDA:3,1056,1,0
BRDA:3,1057,0,0
BRDA:3,1057,1,0
BRDA:3,1058,0,0
BRDA:3,1058,1,0
BRDA:3,1058,2,0
BRDA:3,1059,0,0
BRDA:3,1059,1,0
BRDA:3,1060,0,0
BRDA:3,1060,1,0
BRDA:3,1061,0,0
BRDA:3,1061,1,0
BRDA:3,1062,0,0
BRDA:3,1062,1,0
BRDA:3,1063,0,0
BRDA:3,1063,1,0
BRDA:3,1064,0,0
BRDA:3,1064,1,0
BRDA:3,1065,0,0
BRDA:3,1065,1,0
BRDA:3,1065,2,0
BRDA:3,1066,0,0
BRDA:3,1066,1,0
BRDA:3,1067,0,0
BRDA:3,1067,1,0
BRDA:3,1067,2,0
BRDA:3,1068,0,0
BRDA:3,1068,1,0
BRDA:3,1069,0,0
BRDA:3,1069,1,0
BRDA:3,1070,0,0
BRDA:3,1070,1,0
BRDA:3,1071,0,0
BRDA:3,1071,1,0
BRDA:3,1072,0,0
BRDA:3,1072,1,0
BRDA:3,1073,0,0
BRDA:3,1073,1,0
BRDA:3,1073,2,0
BRDA:3,1074,0,0
BRDA:3,1074,1,0
BRDA:3,1075,0,0
BRDA:3,1075,1,0
BRDA:3,1075,2,0
BRDA:4,1076,0,0
BRDA:4,1076,1,0
BRDA:4,1077,0,0
BRDA:4,1077,1,0
BRDA:4,1078,0,0
BRDA:4,1078,1,0
BRDA:4,1078,2,0
BRDA:4,1079,0,0
BRDA:4,1079,1,0
BRDA:4,1080,0,0
BRDA:4,1080,1,0
BRDA:4,1081,0,0
BRDA:4,1081,1,0
BRDA:4,1082,0,0
BRDA:4,1082,1,0
BRDA:4,1083,0,0
BRDA:4,1083,1,0
BRDA:4,1084,0,0
BRDA:4,1084,1,0
BRDA:4,1085,0,0
BRDA:4,1085,1,0
BRDA:4,1086,0,0
BRDA:4,1086,1,0
BRDA:4,1087,0,0
BRDA:4,1087,1,0
BRDA:4,1088,0,0
BRDA:4,1088,1,0
BRDA:4,1089,0,0
BRDA:4,1089,1,0
BRDA:4,1089,2,0
BRDA:4,1090,0,0
BRDA:4,1090,1,0
BRDA:4,1090,2,0
BRDA:4,1091,0,0
BRDA:4,1091,1,0
BRDA:4,1092,0,0
BRDA:4,1092,1,0
BRDA:4,1093,0,0
BRDA:4,1093,1,0
BRDA:4,1094,0,0
BRDA:4,1094,1,0
BRDA:4,1094,2,0
BRDA:4,1095,0,0
BRDA:4,1095,1,0
BRDA:4,1096,0,0
BRDA:4,1096,1,0
BRDA:4,1096,2,0
BRDA:4,1097,0,0
BRDA:4,1097,1,0
BRDA:4,1098,0,0
BRDA:4,1098,1,0
BRDA:4,1099,0,0
BRDA:4,1099,1,0
BRDA:4,1099,2,0
BRDA:4,1100,0,0
BRDA:4,1100,1,0
BRDA:4,1101,0,0
BRDA:4,1101,1,0
BRDA:4,1101,2,0
BRDA:4,1102,0,0
BRDA:4,1102,1,0
BRDA:4,1103,0,0
BRDA:4,1103,1,0
BRDA:4,1104,0,0
BRDA:4,1104,1,0
BRDA:4,1105,0,0
BRDA:4,1105,1,0
BRDA:4,1105,2,0
BRDA:4,1106,0,0
BRDA:4,1106,1,0
BRDA:4,1107,0,0
BRDA:4,1107,1,0
BRDA:4,1108,0,0
BRDA:4,1108,1,0
BRDA:4,1109,0,0
BRDA:4,1109,1,0
BRDA:4,1110,0,0
BRDA:4,1110,1,0
BRDA:4,1111,0,0
BRDA:4,1111,1,0
BRDA:4,1112,0,0
BRDA:4,1112,1,0
BRDA:4,1113,0,0
BRDA:4,1113,1,0
BRDA:4,1114,0,0
BRDA:4,1114,1,0
BRDA:4,1115,0,0
BRDA:4,1115,1,0
BRDA:4,1116,0,0
BRDA:4,1116,1,0
BRDA:4,1117,0,0
BRDA:4,1117,1,0
BRDA:4,1118,0,0
BRDA:4,1118,1,0
BRDA:4,1119,0,0
BRDA:4,1119,1,0
BRDA:4,1120,0,0
BRDA:4,1120,1,0
BRDA:4,1121,0,0
BRDA:4,1121,1,0
BRDA:4,1122,0,0
BRDA:4,1122,1,0
BRDA:4,1123,0,0
BRDA:4,1123,1,0
BRDA:4,1124,0,0
BRDA:4,1124,1,0
BRDA:4,1125,0,0
BRDA:4,1125,1,0
BRDA:4,1126,0,0
BRDA:4,1126,1,0
BRDA:4,1127,0,0
BRDA:4,1127,1,0
BRDA:4,1128,0,0
BRDA:4,1128,1,0
BRDA:4,1129,0,0
BRDA:4,1129,1,0
BRDA:4,1130,0,0
BRDA:4,1130,1,0
BRDA:4,1130,2,0
BRDA:4,1131,0,0
BRDA:4,1131,1,0
BRDA:4,1132,0,0
BRDA:4,1132,1,0
BRDA:4,1133,0,0
BRDA:4,1133,1,0
BRDA:4,1134,0,0
BRDA:4,1134,1,0
BRDA:4,1135,0,0
BRDA:4,1135,1,0
BRDA:4,1136,0,0
BRDA:4,1136,1,0
BRDA:4,1137,0,0
BRDA:4,1137,1,0
BRDA:4,1138,0,0
BRDA:4,1138,1,0
BRDA:4,1139,0,0
BRDA:4,1139,1,0
BRDA:4,1140,0,0
BRDA:4,1140,1,0
BRDA:4,1141,0,0
BRDA:4,1141,1,0
BRDA:4,1142,0,0
BRDA:4,1142,1,0
BRDA:4,1143,0,0
BRDA:4,1143,1,0
BRDA:4,1144,0,0
BRDA:4,1144,1,0
BRDA:4,1145,0,0
BRDA:4,1145,1,0
BRDA:4,1146,0,0
BRDA:4,1146,1,0
BRDA:4,1146,2,0
BRDA:4,1146,3,0
BRDA:4,1147,0,0
BRDA:4,1147,1,0
BRDA:4,1148,0,0
BRDA:4,1148,1,0
BRDA:4,1149,0,0
BRDA:4,1149,1,0
BRDA:4,1150,0,0
BRDA:4,1150,1,0
BRDA:4,1150,2,0
BRDA:4,1151,0,0
BRDA:4,1151,1,0
BRDA:4,1152,0,0
BRDA:4,1152,1,0
BRDA:4,1153,0,0
BRDA:4,1153,1,0
BRDA:4,1154,0,0
BRDA:4,1154,1,0
BRDA:4,1155,0,0
BRDA:4,1155,1,0
BRDA:4,1156,0,0
BRDA:4,1156,1,0
BRDA:4,1157,0,0
BRDA:4,1157,1,0
BRDA:4,1158,0,0
BRDA:4,1158,1,0
BRDA:4,1159,0,0
BRDA:4,1159,1,0
BRDA:4,1159,2,0
BRDA:4,1159,3,0
BRDA:4,1159,4,0
BRDA:4,1160,0,0
BRDA:4,1160,1,0
BRDA:4,1161,0,0
BRDA:4,1161,1,0
BRDA:4,1162,0,0
BRDA:4,1162,1,0
BRDA:4,1163,0,0
BRDA:4,1163,1,0
BRDA:4,1164,0,0
BRDA:4,1164,1,0
BRDA:4,1165,0,0
BRDA:4,1165,1,0
BRDA:4,1166,0,0
BRDA:4,1166,1,0
BRDA:4,1167,0,0
BRDA:4,1167,1,0
BRDA:4,1168,0,0
BRDA:4,1168,1,0
BRDA:4,1169,0,0
BRDA:4,1169,1,0
BRDA:4,1170,0,0
BRDA:4,1170,1,0
BRDA:4,1171,0,0
BRDA:4,1171,1,0
BRDA:4,1171,2,0
BRDA:4,1171,3,0
BRDA:4,1172,0,0
BRDA:4,1172,1,0
BRDA:4,1173,0,0
BRDA:4,1173,1,0
BRDA:4,1174,0,0
BRDA:4,1174,1,0
BRDA:4,1175,0,0
BRDA:4,1175,1,0
BRDA:4,1176,0,0
BRDA:4,1176,1,0
BRDA:4,1177,0,0
BRDA:4,1177,1,0
BRDA:4,1178,0,0
BRDA:4,1178,1,0
BRDA:4,1179,0,0
BRDA:4,1179,1,0
BRDA:4,1180,0,0
BRDA:4,1180,1,0
BRDA:4,1181,0,0
BRDA:4,1181,1,0
BRDA:4,1182,0,0
BRDA:4,1182,1,0
BRDA:4,1182,2,0
BRDA:4,1183,0,0
BRDA:4,1183,1,0
BRDA:4,1184,0,0
BRDA:4,1184,1,0
BRDA:4,1184,2,0
BRDA:4,1185,0,0
BRDA:4,1185,1,0
BRDA:4,1186,0,0
BRDA:4,1186,1,0
BRDA:4,1187,0,0
BRDA:4,1187,1,0
BRDA:4,1188,0,0
BRDA:4,1188,1,0
BRDA:4,1189,0,0
BRDA:4,1189,1,0
BRDA:4,1189,2,0
BRDA:4,1190,0,0
BRDA:4,1190,1,0
BRDA:4,1191,0,0
BRDA:4,1191,1,0
BRDA:4,1192,0,0
BRDA:4,1192,1,0
BRDA:4,1193,0,0
BRDA:4,1193,1,0
BRDA:4,1194,0,0
BRDA:4,1194,1,0
BRDA:4,1195,0,0
BRDA:4,1195,1,0
BRDA:4,1196,0,0
BRDA:4,1196,1,0
BRDA:4,1197,0,0
BRDA:4,1197,1,0
BRDA:4,1197,2,0
BRDA:4,1197,3,0
BRDA:4,1198,0,0
BRDA:4,1198,1,0
BRDA:4,1199,0,0
BRDA:4,1199,1,0
BRDA:4,1199,2,0
BRDA:4,1199,3,0
BRDA:4,1199,4,0
BRDA:4,1199,5,0
BRDA:4,1199,6,0
BRDA:4,1199,7,0
BRDA:4,1199,8,0
BRDA:4,1200,0,0
BRDA:4,1200,1,0
BRDA:4,1201,0,0
BRDA:4,1201,1,0
BRDA:4,1202,0,0
BRDA:4,1202,1,0
BRDA:4,1203,0,0
BRDA:4,1203,1,0
BRDA:4,1204,0,0
BRDA:4,1204,1,0
BRDA:4,1205,0,0
BRDA:4,1205,1,0
BRDA:4,1206,0,0
BRDA:4,1206,1,0
BRDA:4,1207,0,0
BRDA:4,1207,1,0
BRDA:4,1208,0,0
BRDA:4,1208,1,0
BRDA:4,1209,0,0
BRDA:4,1209,1,0
BRDA:4,1210,0,0
BRDA:4,1210,1,0
BRDA:4,1211,0,0
BRDA:4,1211,1,0
BRDA:4,1212,0,0
BRDA:4,1212,1,0
BRDA:4,1213,0,0
BRDA:4,1213,1,0
BRDA:4,1213,2,0
BRDA:4,1214,0,0
BRDA:4,1214,1,0
BRDA:4,1215,0,0
BRDA:4,1215,1,0
BRDA:4,1216,0,0
BRDA:4,1216,1,0
BRDA:4,1217,0,0
BRDA:4,1217,1,0
BRDA:4,1218,0,0
BRDA:4,1218,1,0
BRDA:4,1219,0,0
BRDA:4,1219,1,0
BRDA:4,1220,0,0
BRDA:4,1220,1,0
BRDA:4,1221,0,0
BRDA:4,1221,1,0
BRDA:4,1222,0,0
BRDA:4,1222,1,0
BRDA:4,1223,0,0
BRDA:4,1223,1,0
BRDA:4,1224,0,0
BRDA:4,1224,1,0
BRDA:4,1225,0,0
BRDA:4,1225,1,0
BRDA:4,1225,2,0
BRDA:4,1226,0,0
BRDA:4,1226,1,0
BRDA:4,1227,0,0
BRDA:4,1227,1,0
BRDA:4,1227,2,0
BRDA:4,1227,3,0
BRDA:4,1227,4,0
BRDA:4,1227,5,0
BRDA:4,1228,0,0
BRDA:4,1228,1,0
BRDA:4,1229,0,0
BRDA:4,1229,1,0
BRDA:4,1230,0,0
BRDA:4,1230,1,0
BRDA:4,1231,0,0
BRDA:4,1231,1,0
BRDA:4,1232,0,0
BRDA:4,1232,1,0
BRDA:4,1233,0,0
BRDA:4,1233,1,0
BRDA:4,1234,0,0
BRDA:4,1234,1,0
BRDA:4,1235,0,0
BRDA:4,1235,1,0
BRDA:4,1236,0,0
BRDA:4,1236,1,0
BRDA:4,1237,0,0
BRDA:4,1237,1,0
BRDA:4,1238,0,0
BRDA:4,1238,1,0
BRDA:4,1239,0,0
BRDA:4,1239,1,0
BRDA:4,1239,2,0
BRDA:4,1240,0,0
BRDA:4,1240,1,0
BRDA:4,1241,0,0
BRDA:4,1241,1,0
BRDA:4,1241,2,0
BRDA:4,1242,0,0
BRDA:4,1242,1,0
BRDA:4,1243,0,0
BRDA:4,1243,1,0
BRDA:4,1244,0,0
BRDA:4,1244,1,0
BRDA:4,1245,0,0
BRDA:4,1245,1,0
BRDA:4,1246,0,0
BRDA:4,1246,1,0
BRDA:4,1247,0,0
BRDA:4,1247,1,0
BRDA:4,1248,0,0
BRDA:4,1248,1,0
BRDA:4,1249,0,0
BRDA:4,1249,1,0
BRDA:4,1250,0,0
BRDA:4,1250,1,0
BRDA:4,1251,0,0
BRDA:4,1251,1,0
BRDA:4,1252,0,0
BRDA:4,1252,1,0
BRDA:4,1253,0,0
BRDA:4,1253,1,0
BRDA:4,1254,0,0
BRDA:4,1254,1,0
BRDA:4,1255,0,0
BRDA:4,1255,1,0
BRDA:4,1256,0,0
BRDA:4,1256,1,0
BRDA:4,1257,0,0
BRDA:4,1257,1,0
BRDA:4,1258,0,0
BRDA:4,1258,1,0
BRDA:4,1259,0,0
BRDA:4,1259,1,0
BRDA:4,1260,0,0
BRDA:4,1260,1,0
BRDA:4,1261,0,0
BRDA:4,1261,1,0
BRDA:4,1262,0,0
BRDA:4,1262,1,0
BRDA:4,1262,2,0
BRDA:4,1262,3,0
BRDA:4,1263,0,0
BRDA:4,1263,1,0
BRDA:4,1264,0,0
BRDA:4,1264,1,0
BRDA:4,1265,0,0
BRDA:4,1265,1,0
BRDA:4,1266,0,0
BRDA:4,1266,1,0
BRDA:4,1267,0,0
BRDA:4,1267,1,0
BRDA:4,1268,0,0
BRDA:4,1268,1,0
BRDA:4,1269,0,0
BRDA:4,1269,1,0
BRDA:4,1270,0,0
BRDA:4,1270,1,0
BRDA:4,1271,0,0
BRDA:4,1271,1,0
BRDA:4,1272,0,0
BRDA:4,1272,1,0
BRDA:4,1273,0,0
BRDA:4,1273,1,0
BRDA:4,1274,0,0
BRDA:4,1274,1,0
BRDA:4,1275,0,0
BRDA:4,1275,1,0
BRDA:4,1276,0,0
BRDA:4,1276,1,0
BRDA:4,1277,0,0
BRDA:4,1277,1,0
BRDA:4,1278,0,0
BRDA:4,1278,1,0
BRDA:4,1279,0,0
BRDA:4,1279,1,0
BRDA:4,1280,0,0
BRDA:4,1280,1,0
BRDA:4,1281,0,0
BRDA:4,1281,1,0
BRDA:4,1282,0,0
BRDA:4,1282,1,0
BRDA:4,1283,0,0
BRDA:4,1283,1,0
BRDA:4,1283,2,0
BRDA:4,1284,0,0
BRDA:4,1284,1,0
BRDA:4,1285,0,0
BRDA:4,1285,1,0
BRDA:4,1286,0,0
BRDA:4,1286,1,0
BRDA:4,1287,0,0
BRDA:4,1287,1,0
BRDA:4,1288,0,0
BRDA:4,1288,1,0
BRDA:4,1289,0,0
BRDA:4,1289,1,0
BRDA:4,1290,0,0
BRDA:4,1290,1,0
BRDA:4,1291,0,0
BRDA:4,1291,1,0
BRDA:4,1292,0,0
BRDA:4,1292,1,0
BRDA:4,1293,0,0
BRDA:4,1293,1,0
BRDA:4,1294,0,0
BRDA:4,1294,1,0
BRDA:4,1295,0,0
BRDA:4,1295,1,0
BRDA:4,1296,0,0
BRDA:4,1296,1,0
BRDA:4,1297,0,0
BRDA:4,1297,1,0
BRDA:4,1297,2,0
BRDA:4,1298,0,0
BRDA:4,1298,1,0
BRDA:4,1298,2,0
BRDA:4,1298,3,0
BRDA:4,1299,0,0
BRDA:4,1299,1,0
BRDA:4,1300,0,0
BRDA:4,1300,1,0
BRDA:4,1301,0,0
BRDA:4,1301,1,0
BRDA:4,1302,0,0
BRDA:4,1302,1,0
BRDA:4,1302,2,0
BRDA:4,1302,3,0
BRDA:4,1303,0,0
BRDA:4,1303,1,0
BRDA:4,1304,0,0
BRDA:4,1304,1,0
BRDA:4,1304,2,0
BRDA:4,1305,0,0
BRDA:4,1305,1,0
BRDA:4,1306,0,0
BRDA:4,1306,1,0
BRDA:4,1306,2,0
BRDA:4,1306,3,0
BRDA:4,1307,0,0
BRDA:4,1307,1,0
BRDA:4,1308,0,0
BRDA:4,1308,1,0
BRDA:4,1309,0,0
BRDA:4,1309,1,0
BRDA:4,1310,0,0
BRDA:4,1310,1,0
BRDA:4,1311,0,0
BRDA:4,1311,1,0
BRDA:4,1312,0,0
BRDA:4,1312,1,0
BRDA:4,1313,0,0
BRDA:4,1313,1,0
BRDA:4,1314,0,0
BRDA:4,1314,1,0
BRDA:4,1315,0,0
BRDA:4,1315,1,0
BRDA:4,1315,2,0
BRDA:4,1315,3,0
BRDA:4,1315,4,0
BRDA:4,1316,0,0
BRDA:4,1316,1,0
BRDA:4,1317,0,0
BRDA:4,1317,1,0
BRDA:4,1318,0,0
BRDA:4,1318,1,0
BRDA:4,1319,0,0
BRDA:4,1319,1,0
BRDA:4,1320,0,0
BRDA:4,1320,1,0
BRDA:4,1320,2,0
BRDA:4,1321,0,0
BRDA:4,1321,1,0
BRDA:4,1322,0,0
BRDA:4,1322,1,0
BRDA:4,1323,0,0
BRDA:4,1323,1,0
BRDA:4,1324,0,0
BRDA:4,1324,1,0
BRDA:4,1324,2,0
BRDA:4,1325,0,0
BRDA:4,1325,1,0
BRDA:4,1326,0,0
BRDA:4,1326,1,0
BRDA:4,1327,0,0
BRDA:4,1327,1,0
BRDA:4,1328,0,0
BRDA:4,1328,1,0
BRDA:4,1329,0,0
BRDA:4,1329,1,0
BRDA:4,1330,0,0
BRDA:4,1330,1,0
BRDA:4,1330,2,0
BRDA:4,1331,0,0
BRDA:4,1331,1,0
BRDA:4,1332,0,0
BRDA:4,1332,1,0
BRDA:4,1333,0,0
BRDA:4,1333,1,0
BRDA:4,1334,0,0
BRDA:4,1334,1,0
BRDA:4,1335,0,0
BRDA:4,1335,1,0
BRDA:4,1336,0,0
BRDA:4,1336,1,0
BRDA:4,1337,0,0
BRDA:4,1337,1,0
BRDA:4,1338,0,0
BRDA:4,1338,1,0
BRDA:4,1339,0,0
BRDA:4,1339,1,0
BRDA:4,1339,2,0
BRDA:4,1340,0,0
BRDA:4,1340,1,0
BRDA:4,1341,0,0
BRDA:4,1341,1,0
BRDA:4,1342,0,0
BRDA:4,1342,1,0
BRDA:4,1343,0,0
BRDA:4,1343,1,0
BRDA:4,1344,0,0
BRDA:4,1344,1,0
BRDA:4,1345,0,0
BRDA:4,1345,1,0
BRDA:4,1346,0,0
BRDA:4,1346,1,0
BRDA:4,1347,0,0
BRDA:4,1347,1,0
BRDA:4,1348,0,0
BRDA:4,1348,1,0
BRDA:4,1349,0,0
BRDA:4,1349,1,0
BRDA:4,1350,0,0
BRDA:4,1350,1,0
BRDA:4,1351,0,0
BRDA:4,1351,1,0
BRDA:4,1352,0,0
BRDA:4,1352,1,0
BRDA:4,1353,0,0
BRDA:4,1353,1,0
BRDA:4,1354,0,0
BRDA:4,1354,1,0
BRDA:4,1355,0,0
BRDA:4,1355,1,0
BRDA:4,1356,0,0
BRDA:4,1356,1,0
BRDA:4,1357,0,0
BRDA:4,1357,1,0
BRDA:4,1357,2,0
BRDA:4,1358,0,0
BRDA:4,1358,1,0
BRDA:4,1359,0,0
BRDA:4,1359,1,0
BRDA:4,1360,0,0
BRDA:4,1360,1,0
BRDA:4,1360,2,0
BRDA:4,1361,0,0
BRDA:4,1361,1,0
BRDA:4,1362,0,0
BRDA:4,1362,1,0
BRDA:4,1362,2,0
BRDA:4,1363,0,0
BRDA:4,1363,1,0
BRDA:4,1363,2,0
BRDA:4,1364,0,0
BRDA:4,1364,1,0
BRDA:4,1365,0,0
BRDA:4,1365,1,0
BRDA:4,1366,0,0
BRDA:4,1366,1,0
BRDA:4,1367,0,0
BRDA:4,1367,1,0
BRDA:4,1368,0,0
BRDA:4,1368,1,0
BRDA:4,1369,0,0
BRDA:4,1369,1,0
BRDA:4,1370,0,0
BRDA:4,1370,1,0
BRDA:4,1371,0,0
BRDA:4,1371,1,0
BRDA:4,1372,0,0
BRDA:4,1372,1,0
BRDA:4,1373,0,0
BRDA:4,1373,1,0
BRDA:4,1374,0,0
BRDA:4,1374,1,0
BRDA:4,1375,0,0
BRDA:4,1375,1,0
BRDA:4,1375,2,0
BRDA:4,1376,0,0
BRDA:4,1376,1,0
BRDA:4,1377,0,0
BRDA:4,1377,1,0
BRDA:4,1378,0,0
BRDA:4,1378,1,0
BRDA:4,1379,0,0
BRDA:4,1379,1,0
BRDA:4,1380,0,0
BRDA:4,1380,1,0
BRDA:4,1381,0,0
BRDA:4,1381,1,0
BRDA:4,1382,0,0
BRDA:4,1382,1,0
BRDA:4,1383,0,0
BRDA:4,1383,1,0
BRDA:4,1384,0,0
BRDA:4,1384,1,0
BRDA:4,1385,0,0
BRDA:4,1385,1,0
BRDA:4,1386,0,0
BRDA:4,1386,1,0
BRDA:4,1387,0,0
BRDA:4,1387,1,0
BRDA:4,1388,0,0
BRDA:4,1388,1,0
BRDA:4,1388,2,0
BRDA:4,1388,3,0
BRDA:4,1389,0,0
BRDA:4,1389,1,0
BRDA:4,1390,0,0
BRDA:4,1390,1,0
BRDA:4,1391,0,0
BRDA:4,1391,1,0
BRDA:4,1392,0,0
BRDA:4,1392,1,0
BRDA:4,1393,0,0
BRDA:4,1393,1,0
BRDA:4,1394,0,0
BRDA:4,1394,1,0
BRDA:4,1395,0,0
BRDA:4,1395,1,0
BRDA:4,1396,0,0
BRDA:4,1396,1,0
BRDA:4,1397,0,0
BRDA:4,1397,1,0
BRDA:4,1398,0,0
BRDA:4,1398,1,0
BRDA:4,1399,0,0
BRDA:4,1399,1,0
BRDA:4,1399,2,0
BRDA:4,1400,0,0
BRDA:4,1400,1,0
BRDA:4,1401,0,0
BRDA:4,1401,1,0
BRDA:4,1402,0,0
BRDA:4,1402,1,0
BRDA:4,1403,0,0
BRDA:4,1403,1,0
BRDA:4,1404,0,0
BRDA:4,1404,1,0
BRDA:4,1405,0,0
BRDA:4,1405,1,0
BRDA:4,1406,0,0
BRDA:4,1406,1,0
BRDA:4,1406,2,0
BRDA:4,1407,0,0
BRDA:4,1407,1,0
BRDA:4,1408,0,0
BRDA:4,1408,1,0
BRDA:4,1409,0,0
BRDA:4,1409,1,0
BRDA:4,1409,2,0
BRDA:4,1410,0,0
BRDA:4,1410,1,0
BRDA:4,1411,0,0
BRDA:4,1411,1,0
BRDA:4,1412,0,0
BRDA:4,1412,1,0
BRDA:4,1413,0,0
BRDA:4,1413,1,0
BRDA:4,1414,0,0
BRDA:4,1414,1,0
BRDA:4,1415,0,0
BRDA:4,1415,1,0
BRDA:4,1416,0,0
BRDA:4,1416,1,0
BRDA:4,1417,0,0
BRDA:4,1417,1,0
BRDA:4,1417,2,0
BRDA:4,1418,0,0
BRDA:4,1418,1,0
BRDA:4,1419,0,0
BRDA:4,1419,1,0
BRDA:4,1420,0,0
BRDA:4,1420,1,0
BRDA:4,1421,0,0
BRDA:4,1421,1,0
BRDA:4,1422,0,0
BRDA:4,1422,1,0
BRDA:4,1423,0,0
BRDA:4,1423,1,0
BRDA:4,1424,0,0
BRDA:4,1424,1,0
BRDA:4,1425,0,0
BRDA:4,1425,1,0
BRDA:4,1426,0,0
BRDA:4,1426,1,0
BRDA:4,1427,0,0
BRDA:4,1427,1,0
BRDA:4,1428,0,0
BRDA:4,1428,1,0
BRDA:4,1429,0,0
BRDA:4,1429,1,0
BRDA:4,1430,0,0
BRDA:4,1430,1,0
BRDA:4,1431,0,0
BRDA:4,1431,1,0
BRDA:4,1432,0,0
BRDA:4,1432,1,0
BRDA:4,1433,0,0
BRDA:4,1433,1,0
BRDA:4,1434,0,0
BRDA:4,1434,1,0
BRDA:4,1435,0,0
BRDA:4,1435,1,0
BRDA:4,1436,0,0
BRDA:4,1436,1,0
BRDA:4,1437,0,0
BRDA:4,1437,1,0
BRDA:4,1438,0,0
BRDA:4,1438,1,0
BRDA:4,1439,0,0
BRDA:4,1439,1,0
BRDA:4,1440,0,0
BRDA:4,1440,1,0
BRDA:4,1441,0,0
BRDA:4,1441,1,0
BRDA:4,1442,0,0
BRDA:4,1442,1,0
BRDA:4,1443,0,0
BRDA:4,1443,1,0
BRDA:4,1443,2,0
BRDA:4,1444,0,0
BRDA:4,1444,1,0
BRDA:4,1445,0,0
BRDA:4,1445,1,0
BRDA:4,1446,0,0
BRDA:4,1446,1,0
BRDA:4,1447,0,0
BRDA:4,1447,1,0
BRDA:4,1448,0,0
BRDA:4,1448,1,0
BRDA:4,1449,0,0
BRDA:4,1449,1,0
BRDA:4,1450,0,0
BRDA:4,1450,1,0
BRDA:4,1451,0,0
BRDA:4,1451,1,0
BRDA:4,1452,0,0
BRDA:4,1452,1,0
BRDA:4,1453,0,0
BRDA:4,1453,1,0
BRDA:4,1454,0,0
BRDA:4,1454,1,0
BRDA:4,1455,0,0
BRDA:4,1455,1,0
BRDA:4,1455,2,0
BRDA:4,1456,0,0
BRDA:4,1456,1,0
BRDA:4,1457,0,0
BRDA:4,1457,1,0
BRDA:4,1457,2,0
BRDA:4,1458,0,0
BRDA:4,1458,1,0
BRF:3219
BRH:0
end_of_record
TN:
SF:/Users/mac/businessSystem/src/js/jquery.cookie.js
FN:8,(anonymous_1)
FN:8,(anonymous_2)
FN:8,encode
FN:8,decode
FN:8,stringifyCookieValue
FN:8,parseCookieValue
FN:8,read
FN:8,(anonymous_8)
FN:8,(anonymous_9)
FNF:9
FNH:0
FNDA:0,(anonymous_1)
FNDA:0,(anonymous_2)
FNDA:0,encode
FNDA:0,decode
FNDA:0,stringifyCookieValue
FNDA:0,parseCookieValue
FNDA:0,read
FNDA:0,(anonymous_8)
FNDA:0,(anonymous_9)
DA:8,0
LF:1
LH:0
BRDA:8,0,0,0
BRDA:8,0,1,0
BRDA:8,1,0,0
BRDA:8,1,1,0
BRDA:8,2,0,0
BRDA:8,2,1,0
BRDA:8,3,0,0
BRDA:8,3,1,0
BRDA:8,4,0,0
BRDA:8,4,1,0
BRDA:8,5,0,0
BRDA:8,5,1,0
BRDA:8,6,0,0
BRDA:8,6,1,0
BRDA:8,7,0,0
BRDA:8,7,1,0
BRDA:8,8,0,0
BRDA:8,8,1,0
BRDA:8,9,0,0
BRDA:8,9,1,0
BRDA:8,10,0,0
BRDA:8,10,1,0
BRDA:8,11,0,0
BRDA:8,11,1,0
BRDA:8,12,0,0
BRDA:8,12,1,0
BRDA:8,13,0,0
BRDA:8,13,1,0
BRDA:8,14,0,0
BRDA:8,14,1,0
BRDA:8,15,0,0
BRDA:8,15,1,0
BRDA:8,16,0,0
BRDA:8,16,1,0
BRDA:8,17,0,0
BRDA:8,17,1,0
BRDA:8,18,0,0
BRDA:8,18,1,0
BRDA:8,19,0,0
BRDA:8,19,1,0
BRDA:8,20,0,0
BRDA:8,20,1,0
BRDA:8,21,0,0
BRDA:8,21,1,0
BRDA:8,22,0,0
BRDA:8,22,1,0
BRDA:8,23,0,0
BRDA:8,23,1,0
BRDA:8,24,0,0
BRDA:8,24,1,0
BRF:50
BRH:0
end_of_record
TN:
SF:/Users/mac/businessSystem/src/js/module.min.js
FN:1,(anonymous_1)
FN:1,(anonymous_2)
FN:1,(anonymous_3)
FN:1,(anonymous_4)
FN:1,b
FN:1,(anonymous_6)
FN:1,(anonymous_7)
FN:1,(anonymous_8)
FN:1,(anonymous_9)
FN:1,(anonymous_10)
FN:1,(anonymous_11)
FN:1,(anonymous_12)
FN:1,(anonymous_13)
FN:1,(anonymous_14)
FN:1,(anonymous_15)
FN:1,(anonymous_16)
FN:1,(anonymous_17)
FN:1,(anonymous_18)
FNF:18
FNH:0
FNDA:0,(anonymous_1)
FNDA:0,(anonymous_2)
FNDA:0,(anonymous_3)
FNDA:0,(anonymous_4)
FNDA:0,b
FNDA:0,(anonymous_6)
FNDA:0,(anonymous_7)
FNDA:0,(anonymous_8)
FNDA:0,(anonymous_9)
FNDA:0,(anonymous_10)
FNDA:0,(anonymous_11)
FNDA:0,(anonymous_12)
FNDA:0,(anonymous_13)
FNDA:0,(anonymous_14)
FNDA:0,(anonymous_15)
FNDA:0,(anonymous_16)
FNDA:0,(anonymous_17)
FNDA:0,(anonymous_18)
DA:1,0
LF:1
LH:0
BRDA:1,0,0,0
BRDA:1,0,1,0
BRDA:1,1,0,0
BRDA:1,1,1,0
BRDA:1,2,0,0
BRDA:1,2,1,0
BRDA:1,3,0,0
BRDA:1,3,1,0
BRDA:1,4,0,0
BRDA:1,4,1,0
BRDA:1,5,0,0
BRDA:1,5,1,0
BRDA:1,6,0,0
BRDA:1,6,1,0
BRDA:1,7,0,0
BRDA:1,7,1,0
BRDA:1,8,0,0
BRDA:1,8,1,0
BRDA:1,9,0,0
BRDA:1,9,1,0
BRDA:1,10,0,0
BRDA:1,10,1,0
BRDA:1,11,0,0
BRDA:1,11,1,0
BRDA:1,11,2,0
BRDA:1,12,0,0
BRDA:1,12,1,0
BRDA:1,13,0,0
BRDA:1,13,1,0
BRDA:1,14,0,0
BRDA:1,14,1,0
BRDA:1,15,0,0
BRDA:1,15,1,0
BRDA:1,16,0,0
BRDA:1,16,1,0
BRDA:1,16,2,0
BRDA:1,17,0,0
BRDA:1,17,1,0
BRDA:1,18,0,0
BRDA:1,18,1,0
BRDA:1,19,0,0
BRDA:1,19,1,0
BRDA:1,20,0,0
BRDA:1,20,1,0
BRDA:1,21,0,0
BRDA:1,21,1,0
BRDA:1,22,0,0
BRDA:1,22,1,0
BRDA:1,23,0,0
BRDA:1,23,1,0
BRDA:1,24,0,0
BRDA:1,24,1,0
BRDA:1,25,0,0
BRDA:1,25,1,0
BRDA:1,26,0,0
BRDA:1,26,1,0
BRDA:1,27,0,0
BRDA:1,27,1,0
BRDA:1,28,0,0
BRDA:1,28,1,0
BRDA:1,29,0,0
BRDA:1,29,1,0
BRDA:1,30,0,0
BRDA:1,30,1,0
BRDA:1,31,0,0
BRDA:1,31,1,0
BRDA:1,32,0,0
BRDA:1,32,1,0
BRF:68
BRH:0
end_of_record
TN:
SF:/Users/mac/businessSystem/src/js/pop.js
FN:1,(anonymous_1)
FN:4,(anonymous_2)
FN:15,(anonymous_3)
FN:18,extend
FN:18,ctor
FN:21,(anonymous_6)
FN:24,SimditorMark
FN:36,(anonymous_8)
FN:66,(anonymous_9)
FN:72,(anonymous_10)
FN:79,(anonymous_11)
FNF:11
FNH:0
FNDA:0,(anonymous_1)
FNDA:0,(anonymous_2)
FNDA:0,(anonymous_3)
FNDA:0,extend
FNDA:0,ctor
FNDA:0,(anonymous_6)
FNDA:0,SimditorMark
FNDA:0,(anonymous_8)
FNDA:0,(anonymous_9)
FNDA:0,(anonymous_10)
FNDA:0,(anonymous_11)
DA:1,0
DA:2,0
DA:4,0
DA:5,0
DA:7,0
DA:11,0
DA:13,0
DA:18,0
DA:19,0
DA:21,0
DA:22,0
DA:25,0
DA:28,0
DA:30,0
DA:32,0
DA:34,0
DA:36,0
DA:38,0
DA:39,0
DA:40,0
DA:41,0
DA:42,0
DA:43,0
DA:44,0
DA:46,0
DA:47,0
DA:49,0
DA:50,0
DA:51,0
DA:52,0
DA:53,0
DA:55,0
DA:56,0
DA:58,0
DA:59,0
DA:60,0
DA:61,0
DA:62,0
DA:66,0
DA:68,0
DA:69,0
DA:71,0
DA:72,0
DA:73,0
DA:75,0
DA:76,0
DA:79,0
DA:81,0
DA:82,0
DA:84,0
DA:85,0
DA:86,0
DA:87,0
DA:89,0
DA:90,0
DA:91,0
DA:92,0
DA:94,0
DA:97,0
DA:101,0
DA:103,0
LF:61
LH:0
BRDA:2,0,0,0
BRDA:2,0,1,0
BRDA:2,1,0,0
BRDA:2,1,1,0
BRDA:7,2,0,0
BRDA:7,2,1,0
BRDA:7,3,0,0
BRDA:7,3,1,0
BRDA:18,4,0,0
BRDA:18,4,1,0
BRDA:39,5,0,0
BRDA:39,5,1,0
BRDA:46,6,0,0
BRDA:46,6,1,0
BRDA:52,7,0,0
BRDA:52,7,1,0
BRDA:55,8,0,0
BRDA:55,8,1,0
BRDA:61,9,0,0
BRDA:61,9,1,0
BRDA:68,10,0,0
BRDA:68,10,1,0
BRDA:81,11,0,0
BRDA:81,11,1,0
BRDA:84,12,0,0
BRDA:84,12,1,0
BRDA:86,13,0,0
BRDA:86,13,1,0
BRDA:89,14,0,0
BRDA:89,14,1,0
BRDA:91,15,0,0
BRDA:91,15,1,0
BRF:32
BRH:0
end_of_record
TN:
SF:/Users/mac/businessSystem/src/js/simditor.js
FN:6,(anonymous_1)
FN:9,(anonymous_2)
FN:20,(anonymous_3)
FN:23,extend
FN:23,ctor
FN:25,(anonymous_6)
FN:28,(anonymous_7)
FN:31,Selection
FN:51,(anonymous_9)
FN:54,(anonymous_10)
FN:55,(anonymous_11)
FN:60,(anonymous_12)
FN:61,(anonymous_13)
FN:67,(anonymous_14)
FN:77,(anonymous_15)
FN:87,(anonymous_16)
FN:103,(anonymous_17)
FN:105,(anonymous_18)
FN:106,(anonymous_19)
FN:117,(anonymous_20)
FN:125,(anonymous_21)
FN:132,(anonymous_22)
FN:134,(anonymous_23)
FN:135,(anonymous_24)
FN:141,(anonymous_25)
FN:162,(anonymous_26)
FN:182,(anonymous_27)
FN:186,(anonymous_28)
FN:187,(anonymous_29)
FN:188,(anonymous_30)
FN:196,(anonymous_31)
FN:200,(anonymous_32)
FN:201,(anonymous_33)
FN:202,(anonymous_34)
FN:212,(anonymous_35)
[...]
DA:1114,0
DA:1118,0
DA:1119,0
DA:1120,0
DA:1121,0
DA:1124,0
DA:1125,0
DA:1126,0
DA:1127,0
DA:1130,0
DA:1131,0
DA:1132,0
DA:1137,0
DA:1139,0
DA:1140,0
DA:1141,0
DA:1142,0
DA:1143,0
DA:1144,0
DA:1145,0
DA:1146,0
DA:1147,0
DA:1148,0
DA:1149,0
DA:1150,0
DA:1151,0
DA:1155,0
DA:1156,0
DA:1157,0
DA:1158,0
DA:1159,0
DA:1160,0
DA:1161,0
DA:1162,0
DA:1163,0
DA:1164,0
DA:1165,0
DA:1166,0
DA:1167,0
DA:1171,0
DA:1172,0
DA:1173,0
DA:1174,0
DA:1177,0
DA:1178,0
DA:1179,0
DA:1180,0
DA:1183,0
DA:1184,0
DA:1185,0
DA:1193,0
DA:1194,0
DA:1195,0
DA:1197,0
DA:1198,0
DA:1201,0
DA:1202,0
DA:1203,0
DA:1204,0
DA:1208,0
DA:1212,0
DA:1213,0
DA:1219,0
DA:1223,0
DA:1236,0
DA:1241,0
DA:1242,0
DA:1243,0
DA:1244,0
DA:1245,0
DA:1246,0
DA:1250,0
DA:1252,0
DA:1256,0
DA:1257,0
DA:1258,0
DA:1259,0
DA:1260,0
DA:1261,0
DA:1265,0
DA:1267,0
DA:1272,0
DA:1273,0
DA:1274,0
DA:1275,0
DA:1276,0
DA:1278,0
DA:1279,0
DA:1280,0
DA:1281,0
DA:1282,0
DA:1283,0
DA:1287,0
DA:1288,0
DA:1289,0
DA:1290,0
DA:1291,0
DA:1292,0
DA:1301,0
DA:1304,0
DA:1305,0
DA:1306,0
DA:1307,0
DA:1308,0
DA:1312,0
DA:1313,0
DA:1314,0
DA:1315,0
DA:1316,0
DA:1320,0
DA:1321,0
DA:1322,0
DA:1323,0
DA:1324,0
DA:1328,0
DA:1329,0
DA:1330,0
DA:1333,0
DA:1334,0
DA:1335,0
DA:1337,0
DA:1338,0
DA:1339,0
DA:1345,0
DA:1346,0
DA:1347,0
DA:1348,0
DA:1350,0
DA:1351,0
DA:1352,0
DA:1355,0
DA:1356,0
DA:1358,0
DA:1359,0
DA:1360,0
DA:1364,0
DA:1365,0
DA:1366,0
LF:355
LH:0
BRDA:713,0,0,0
BRDA:713,0,1,0
BRDA:715,1,0,0
BRDA:715,1,1,0
BRDA:720,2,0,0
BRDA:720,2,1,0
BRDA:722,3,0,0
BRDA:722,3,1,0
BRDA:724,4,0,0
BRDA:724,4,1,0
BRDA:729,5,0,0
BRDA:729,5,1,0
BRDA:731,6,0,0
BRDA:731,6,1,0
BRDA:733,7,0,0
BRDA:733,7,1,0
BRDA:738,8,0,0
BRDA:738,8,1,0
BRDA:740,9,0,0
BRDA:740,9,1,0
BRDA:742,10,0,0
BRDA:742,10,1,0
BRDA:839,11,0,0
BRDA:839,11,1,0
BRDA:842,12,0,0
BRDA:842,12,1,0
BRDA:847,13,0,0
BRDA:847,13,1,0
BRDA:847,14,0,0
BRDA:847,14,1,0
BRDA:856,15,0,0
BRDA:856,15,1,0
BRDA:865,16,0,0
BRDA:865,16,1,0
BRDA:865,17,0,0
BRDA:865,17,1,0
BRDA:873,18,0,0
BRDA:873,18,1,0
BRDA:881,19,0,0
BRDA:881,19,1,0
BRDA:881,20,0,0
BRDA:881,20,1,0
BRDA:888,21,0,0
BRDA:888,21,1,0
BRDA:911,22,0,0
BRDA:911,22,1,0
BRDA:945,23,0,0
BRDA:945,23,1,0
BRDA:958,24,0,0
BRDA:958,24,1,0
BRDA:971,25,0,0
BRDA:971,25,1,0
BRDA:979,26,0,0
BRDA:979,26,1,0
BRDA:981,27,0,0
BRDA:981,27,1,0
BRDA:982,28,0,0
BRDA:982,28,1,0
BRDA:986,29,0,0
BRDA:986,29,1,0
BRDA:990,30,0,0
BRDA:990,30,1,0
BRDA:997,31,0,0
BRDA:997,31,1,0
BRDA:998,32,0,0
BRDA:998,32,1,0
BRDA:998,33,0,0
BRDA:998,33,1,0
BRDA:998,33,2,0
BRDA:998,33,3,0
BRDA:1002,34,0,0
BRDA:1002,34,1,0
BRDA:1002,35,0,0
BRDA:1002,35,1,0
BRDA:1002,35,2,0
BRDA:1002,35,3,0
BRDA:1006,36,0,0
BRDA:1006,36,1,0
BRDA:1006,37,0,0
BRDA:1006,37,1,0
BRDA:1006,37,2,0
BRDA:1006,37,3,0
BRDA:1013,38,0,0
BRDA:1013,38,1,0
BRDA:1019,39,0,0
BRDA:1019,39,1,0
BRDA:1033,40,0,0
BRDA:1033,40,1,0
BRDA:1034,41,0,0
BRDA:1034,41,1,0
BRDA:1035,42,0,0
BRDA:1035,42,1,0
BRDA:1039,43,0,0
BRDA:1039,43,1,0
BRDA:1043,44,0,0
BRDA:1043,44,1,0
BRDA:1050,45,0,0
BRDA:1050,45,1,0
BRDA:1051,46,0,0
BRDA:1051,46,1,0
BRDA:1051,47,0,0
BRDA:1051,47,1,0
BRDA:1051,47,2,0
BRDA:1051,47,3,0
BRDA:1055,48,0,0
BRDA:1055,48,1,0
BRDA:1055,49,0,0
BRDA:1055,49,1,0
BRDA:1055,49,2,0
BRDA:1055,49,3,0
BRDA:1059,50,0,0
BRDA:1059,50,1,0
BRDA:1059,51,0,0
BRDA:1059,51,1,0
BRDA:1059,51,2,0
BRDA:1059,51,3,0
BRDA:1066,52,0,0
BRDA:1066,52,1,0
BRDA:1072,53,0,0
BRDA:1072,53,1,0
BRDA:1084,54,0,0
BRDA:1084,54,1,0
BRDA:1086,55,0,0
BRDA:1086,55,1,0
BRDA:1087,56,0,0
BRDA:1087,56,1,0
BRDA:1091,57,0,0
BRDA:1091,57,1,0
BRDA:1095,58,0,0
BRDA:1095,58,1,0
BRDA:1102,59,0,0
BRDA:1102,59,1,0
BRDA:1103,60,0,0
BRDA:1103,60,1,0
BRDA:1103,61,0,0
BRDA:1103,61,1,0
BRDA:1103,61,2,0
BRDA:1103,61,3,0
BRDA:1107,62,0,0
BRDA:1107,62,1,0
BRDA:1107,63,0,0
BRDA:1107,63,1,0
BRDA:1107,63,2,0
BRDA:1107,63,3,0
BRDA:1111,64,0,0
BRDA:1111,64,1,0
BRDA:1111,65,0,0
BRDA:1111,65,1,0
BRDA:1111,65,2,0
BRDA:1111,65,3,0
BRDA:1118,66,0,0
BRDA:1118,66,1,0
BRDA:1124,67,0,0
BRDA:1124,67,1,0
BRDA:1137,68,0,0
BRDA:1137,68,1,0
BRDA:1139,69,0,0
BRDA:1139,69,1,0
BRDA:1140,70,0,0
BRDA:1140,70,1,0
BRDA:1144,71,0,0
BRDA:1144,71,1,0
BRDA:1148,72,0,0
BRDA:1148,72,1,0
BRDA:1155,73,0,0
BRDA:1155,73,1,0
BRDA:1156,74,0,0
BRDA:1156,74,1,0
BRDA:1156,75,0,0
BRDA:1156,75,1,0
BRDA:1156,75,2,0
BRDA:1156,75,3,0
BRDA:1160,76,0,0
BRDA:1160,76,1,0
BRDA:1160,77,0,0
BRDA:1160,77,1,0
BRDA:1160,77,2,0
BRDA:1160,77,3,0
BRDA:1164,78,0,0
BRDA:1164,78,1,0
BRDA:1164,79,0,0
BRDA:1164,79,1,0
BRDA:1164,79,2,0
BRDA:1164,79,3,0
BRDA:1171,80,0,0
BRDA:1171,80,1,0
BRDA:1177,81,0,0
BRDA:1177,81,1,0
BRDA:1203,82,0,0
BRDA:1203,82,1,0
BRDA:1225,83,0,0
BRDA:1225,83,1,0
BRDA:1245,84,0,0
BRDA:1245,84,1,0
BRDA:1260,85,0,0
BRDA:1260,85,1,0
BRDA:1274,86,0,0
BRDA:1274,86,1,0
BRDA:1281,87,0,0
BRDA:1281,87,1,0
BRDA:1304,88,0,0
BRDA:1304,88,1,0
BRDA:1312,89,0,0
BRDA:1312,89,1,0
BRDA:1320,90,0,0
BRDA:1320,90,1,0
BRDA:1345,91,0,0
BRDA:1345,91,1,0
BRDA:1345,92,0,0
BRDA:1345,92,1,0
BRF:210
BRH:0
end_of_record
TN:
SF:/Users/mac/businessSystem/src/views/NewGoods.vue
FN:361,(anonymous_2)
FN:364,(anonymous_3)
FN:368,(anonymous_4)
FN:369,(anonymous_5)
FN:370,(anonymous_6)
FN:371,(anonymous_7)
FN:376,(anonymous_8)
FN:793,(anonymous_9)
FN:824,(anonymous_10)
FN:871,combine
FN:874,f
FN:941,combine
FN:943,f
FNF:13
FNH:0
FNDA:0,(anonymous_2)
FNDA:0,(anonymous_3)
FNDA:0,(anonymous_4)
FNDA:0,(anonymous_5)
FNDA:0,(anonymous_6)
FNDA:0,(anonymous_7)
FNDA:0,(anonymous_8)
FNDA:0,(anonymous_9)
FNDA:0,(anonymous_10)
FNDA:0,combine
FNDA:0,f
FNDA:0,combine
FNDA:0,f
DA:331,0
DA:332,0
DA:333,0
DA:341,0
DA:362,0
DA:365,0
DA:366,0
DA:377,0
DA:476,0
DA:488,0
DA:489,0
DA:490,0
DA:491,0
DA:492,0
DA:493,0
DA:494,0
DA:495,0
DA:500,0
DA:501,0
DA:503,0
DA:504,0
DA:505,0
DA:506,0
DA:512,0
DA:513,0
DA:515,0
DA:516,0
DA:517,0
DA:518,0
DA:524,0
DA:526,0
DA:528,0
DA:529,0
DA:530,0
DA:531,0
DA:537,0
DA:539,0
DA:541,0
DA:542,0
DA:543,0
DA:544,0
DA:549,0
DA:550,0
DA:552,0
DA:553,0
DA:554,0
DA:555,0
DA:561,0
DA:562,0
DA:563,0
DA:564,0
DA:565,0
DA:566,0
DA:569,0
DA:570,0
DA:571,0
DA:572,0
DA:573,0
DA:574,0
DA:575,0
DA:580,0
DA:581,0
DA:582,0
DA:583,0
DA:584,0
DA:585,0
DA:586,0
DA:587,0
DA:588,0
DA:589,0
DA:591,0
DA:592,0
DA:594,0
DA:595,0
DA:597,0
DA:598,0
DA:600,0
DA:601,0
DA:602,0
DA:607,0
DA:608,0
DA:609,0
DA:610,0
DA:611,0
DA:612,0
DA:613,0
DA:615,0
DA:616,0
DA:618,0
DA:620,0
DA:622,0
DA:623,0
DA:624,0
DA:628,0
DA:629,0
DA:630,0
DA:636,0
DA:637,0
DA:638,0
DA:639,0
DA:642,0
DA:643,0
DA:644,0
DA:645,0
DA:647,0
DA:653,0
DA:673,0
DA:674,0
DA:675,0
DA:676,0
DA:678,0
DA:682,0
DA:683,0
DA:684,0
DA:689,0
DA:690,0
DA:691,0
DA:692,0
DA:693,0
DA:694,0
DA:695,0
DA:696,0
DA:697,0
DA:700,0
DA:705,0
DA:706,0
DA:707,0
DA:708,0
DA:709,0
DA:710,0
DA:711,0
DA:712,0
DA:713,0
DA:714,0
DA:715,0
DA:716,0
DA:721,0
DA:724,0
DA:725,0
DA:726,0
DA:731,0
DA:732,0
DA:733,0
DA:737,0
DA:738,0
DA:739,0
DA:740,0
DA:744,0
DA:745,0
DA:749,0
DA:750,0
DA:751,0
DA:754,0
DA:759,0
DA:760,0
DA:764,0
DA:765,0
DA:766,0
DA:767,0
DA:768,0
DA:769,0
DA:770,0
DA:771,0
DA:772,0
DA:773,0
DA:774,0
DA:776,0
DA:778,0
DA:779,0
DA:780,0
DA:781,0
DA:785,0
DA:787,0
DA:788,0
DA:790,0
DA:793,0
DA:795,0
DA:796,0
DA:797,0
DA:798,0
DA:799,0
DA:800,0
DA:801,0
DA:802,0
DA:805,0
DA:809,0
DA:810,0
DA:814,0
DA:815,0
DA:816,0
DA:817,0
DA:825,0
DA:826,0
DA:830,0
DA:831,0
DA:832,0
DA:833,0
DA:835,0
DA:836,0
DA:841,0
DA:843,0
DA:844,0
DA:846,0
DA:847,0
DA:852,0
DA:853,0
DA:854,0
DA:855,0
DA:856,0
DA:857,0
DA:858,0
DA:859,0
DA:861,0
DA:862,0
DA:863,0
DA:868,0
DA:870,0
DA:873,0
DA:874,0
DA:875,0
DA:876,0
DA:877,0
DA:880,0
DA:882,0
DA:884,0
DA:885,0
DA:886,0
DA:887,0
DA:888,0
DA:891,0
DA:894,0
DA:896,0
DA:898,0
DA:899,0
DA:900,0
DA:901,0
DA:902,0
DA:903,0
DA:904,0
DA:907,0
DA:911,0
DA:913,0
DA:915,0
DA:916,0
DA:918,0
DA:920,0
DA:921,0
DA:923,0
DA:925,0
DA:927,0
DA:929,0
DA:939,0
DA:940,0
DA:942,0
DA:943,0
DA:944,0
DA:945,0
DA:946,0
DA:949,0
DA:951,0
DA:953,0
DA:954,0
DA:955,0
DA:956,0
DA:957,0
DA:959,0
DA:961,0
DA:963,0
DA:964,0
DA:965,0
DA:966,0
DA:967,0
DA:968,0
DA:969,0
DA:970,0
DA:973,0
DA:977,0
DA:979,0
DA:981,0
DA:982,0
DA:984,0
DA:986,0
DA:987,0
LF:283
LH:0
BRDA:492,0,0,0
BRDA:492,0,1,0
BRDA:505,1,0,0
BRDA:505,1,1,0
BRDA:517,2,0,0
BRDA:517,2,1,0
BRDA:530,3,0,0
BRDA:530,3,1,0
BRDA:543,4,0,0
BRDA:543,4,1,0
BRDA:554,5,0,0
BRDA:554,5,1,0
BRDA:562,6,0,0
BRDA:562,6,1,0
BRDA:565,7,0,0
BRDA:565,7,1,0
BRDA:565,8,0,0
BRDA:565,8,1,0
BRDA:570,9,0,0
BRDA:570,9,1,0
BRDA:588,10,0,0
BRDA:588,10,1,0
BRDA:591,11,0,0
BRDA:591,11,1,0
BRDA:594,12,0,0
BRDA:594,12,1,0
BRDA:597,13,0,0
BRDA:597,13,1,0
BRDA:602,14,0,0
BRDA:602,14,1,0
BRDA:644,15,0,0
BRDA:644,15,1,0
BRDA:675,16,0,0
BRDA:675,16,1,0
BRDA:683,17,0,0
BRDA:683,17,1,0
BRDA:690,18,0,0
BRDA:690,18,1,0
BRDA:706,19,0,0
BRDA:706,19,1,0
BRDA:711,20,0,0
BRDA:711,20,1,0
BRDA:715,21,0,0
BRDA:715,21,1,0
BRDA:725,22,0,0
BRDA:725,22,1,0
BRDA:732,23,0,0
BRDA:732,23,1,0
BRDA:796,24,0,0
BRDA:796,24,1,0
BRDA:796,25,0,0
BRDA:796,25,1,0
BRDA:796,25,2,0
BRDA:801,26,0,0
BRDA:801,26,1,0
BRDA:825,27,0,0
BRDA:825,27,1,0
BRDA:832,28,0,0
BRDA:832,28,1,0
BRDA:832,29,0,0
BRDA:832,29,1,0
BRDA:835,30,0,0
BRDA:835,30,1,0
BRDA:843,31,0,0
BRDA:843,31,1,0
BRDA:843,32,0,0
BRDA:843,32,1,0
BRDA:846,33,0,0
BRDA:846,33,1,0
BRDA:852,34,0,0
BRDA:852,34,1,0
BRDA:855,35,0,0
BRDA:855,35,1,0
BRDA:870,36,0,0
BRDA:870,36,1,0
BRDA:870,37,0,0
BRDA:870,37,1,0
BRDA:875,38,0,0
BRDA:875,38,1,0
BRDA:901,39,0,0
BRDA:901,39,1,0
BRDA:901,40,0,0
BRDA:901,40,1,0
BRDA:903,41,0,0
BRDA:903,41,1,0
BRDA:927,42,0,0
BRDA:927,42,1,0
BRDA:940,43,0,0
BRDA:940,43,1,0
BRDA:940,44,0,0
BRDA:940,44,1,0
BRDA:944,45,0,0
BRDA:944,45,1,0
BRDA:967,46,0,0
BRDA:967,46,1,0
BRDA:967,47,0,0
BRDA:967,47,1,0
BRDA:969,48,0,0
BRDA:969,48,1,0
BRF:99
BRH:0
end_of_record
TN:
SF:/Users/mac/businessSystem/src/views/Shop.vue
FNF:0
FNH:0
DA:139,0
DA:144,0
DA:167,0
DA:168,0
DA:169,0
DA:170,0
DA:173,0
DA:174,0
DA:175,0
DA:176,0
DA:179,0
DA:180,0
DA:181,0
DA:182,0
DA:185,0
DA:186,0
DA:187,0
DA:188,0
DA:193,0
DA:198,0
DA:201,0
DA:206,0
DA:207,0
DA:208,0
DA:209,0
DA:210,0
DA:211,0
DA:212,0
DA:213,0
DA:214,0
DA:215,0
DA:216,0
DA:217,0
DA:218,0
DA:219,0
DA:220,0
DA:221,0
DA:222,0
DA:223,0
DA:224,0
DA:225,0
DA:226,0
DA:227,0
DA:233,0
DA:234,0
DA:235,0
DA:236,0
DA:237,0
DA:238,0
DA:239,0
DA:240,0
DA:241,0
DA:242,0
DA:243,0
DA:244,0
DA:245,0
DA:246,0
DA:247,0
DA:248,0
DA:249,0
DA:250,0
DA:251,0
DA:252,0
DA:253,0
DA:254,0
DA:255,0
DA:256,0
DA:257,0
DA:258,0
DA:259,0
DA:260,0
LF:71
LH:0
BRDA:187,0,0,0
BRDA:187,0,1,0
BRDA:208,1,0,0
BRDA:208,1,1,0
BRDA:217,2,0,0
BRDA:217,2,1,0
BRDA:233,3,0,0
BRDA:233,3,1,0
BRDA:235,4,0,0
BRDA:235,4,1,0
BRDA:241,5,0,0
BRDA:241,5,1,0
BRDA:247,6,0,0
BRDA:247,6,1,0
BRDA:254,7,0,0
BRDA:254,7,1,0
BRF:16
BRH:0
end_of_record
TN:
SF:/Users/mac/businessSystem/src/views/Sign_in.vue
FN:71,(anonymous_2)
FN:72,(anonymous_3)
FNF:2
FNH:0
FNDA:0,(anonymous_2)
FNDA:0,(anonymous_3)
DA:31,0
DA:37,0
DA:47,0
DA:50,0
DA:51,0
DA:52,0
DA:53,0
DA:54,0
DA:55,0
DA:57,0
DA:61,0
DA:63,0
DA:71,0
DA:72,0
DA:73,0
DA:74,0
LF:16
LH:0
BRDA:52,0,0,0
BRDA:52,0,1,0
BRDA:73,1,0,0
BRDA:73,1,1,0
BRF:4
BRH:0
end_of_record
TN:
SF:/Users/mac/businessSystem/src/views/babyList.vue
FN:64,(anonymous_1)
FNF:1
FNH:0
FNDA:0,(anonymous_1)
DA:57,0
DA:62,0
DA:65,0
DA:66,0
DA:67,0
DA:68,0
DA:69,0
DA:70,0
DA:71,0
DA:72,0
DA:80,0
DA:81,0
DA:82,0
DA:83,0
DA:84,0
DA:85,0
DA:89,0
DA:90,0
DA:91,0
DA:92,0
DA:93,0
DA:94,0
DA:95,0
DA:97,0
DA:98,0
DA:99,0
DA:100,0
DA:101,0
DA:102,0
DA:103,0
DA:109,0
DA:110,0
DA:111,0
DA:117,0
DA:118,0
DA:119,0
LF:36
LH:0
BRDA:65,0,0,0
BRDA:65,0,1,0
BRDA:67,1,0,0
BRDA:67,1,1,0
BRDA:69,2,0,0
BRDA:69,2,1,0
BRDA:71,3,0,0
BRDA:71,3,1,0
BRDA:84,4,0,0
BRDA:84,4,1,0
BRDA:89,5,0,0
BRDA:89,5,1,0
BRDA:94,6,0,0
BRDA:94,6,1,0
BRDA:97,7,0,0
BRDA:97,7,1,0
BRDA:102,8,0,0
BRDA:102,8,1,0
BRF:18
BRH:0
end_of_record
TN:
SF:/Users/mac/businessSystem/src/views/edit_commodity.vue
FN:351,(anonymous_2)
FN:354,(anonymous_3)
FN:358,(anonymous_4)
FN:359,(anonymous_5)
FN:360,(anonymous_6)
FN:361,(anonymous_7)
FN:366,(anonymous_8)
FN:846,(anonymous_9)
FN:883,(anonymous_10)
FN:965,(anonymous_11)
FN:1013,combine
FN:1015,f
FN:1085,combine
FN:1087,f
FNF:14
FNH:0
FNDA:0,(anonymous_2)
FNDA:0,(anonymous_3)
FNDA:0,(anonymous_4)
FNDA:0,(anonymous_5)
FNDA:0,(anonymous_6)
FNDA:0,(anonymous_7)
FNDA:0,(anonymous_8)
FNDA:0,(anonymous_9)
FNDA:0,(anonymous_10)
FNDA:0,(anonymous_11)
FNDA:0,combine
FNDA:0,f
FNDA:0,combine
FNDA:0,f
DA:312,0
DA:313,0
DA:314,0
DA:322,0
DA:352,0
DA:355,0
DA:356,0
DA:367,0
DA:472,0
DA:484,0
DA:485,0
DA:486,0
DA:487,0
DA:488,0
DA:489,0
DA:490,0
DA:491,0
DA:495,0
DA:496,0
DA:497,0
DA:498,0
DA:499,0
DA:500,0
DA:501,0
DA:503,0
DA:507,0
DA:508,0
DA:509,0
DA:510,0
DA:511,0
DA:512,0
DA:513,0
DA:515,0
DA:520,0
DA:522,0
DA:524,0
DA:525,0
DA:526,0
DA:527,0
DA:528,0
DA:530,0
DA:534,0
DA:535,0
DA:536,0
DA:537,0
DA:538,0
DA:539,0
DA:540,0
DA:542,0
DA:546,0
DA:547,0
DA:549,0
DA:550,0
DA:551,0
DA:552,0
DA:557,0
DA:559,0
DA:561,0
DA:562,0
DA:565,0
DA:568,0
DA:569,0
DA:570,0
DA:571,0
DA:573,0
DA:574,0
DA:575,0
DA:578,0
DA:579,0
DA:580,0
DA:581,0
DA:582,0
DA:583,0
DA:584,0
DA:585,0
DA:586,0
DA:587,0
DA:591,0
DA:592,0
DA:593,0
DA:595,0
DA:596,0
DA:597,0
DA:601,0
DA:602,0
DA:603,0
DA:607,0
DA:608,0
DA:609,0
DA:610,0
DA:611,0
DA:612,0
DA:613,0
DA:615,0
DA:616,0
DA:617,0
DA:618,0
DA:619,0
DA:620,0
DA:621,0
DA:622,0
DA:627,0
DA:631,0
DA:632,0
DA:633,0
DA:634,0
DA:635,0
DA:636,0
DA:637,0
DA:639,0
DA:640,0
DA:642,0
DA:644,0
DA:646,0
DA:647,0
DA:648,0
DA:651,0
DA:652,0
DA:653,0
DA:656,0
DA:657,0
DA:658,0
DA:659,0
DA:661,0
DA:662,0
DA:663,0
DA:664,0
DA:665,0
DA:666,0
DA:668,0
DA:669,0
DA:671,0
DA:672,0
DA:678,0
DA:679,0
DA:681,0
DA:682,0
DA:684,0
DA:685,0
DA:692,0
DA:693,0
DA:694,0
DA:696,0
DA:697,0
DA:699,0
DA:700,0
DA:705,0
DA:706,0
DA:708,0
DA:709,0
DA:711,0
DA:712,0
DA:720,0
DA:723,0
DA:724,0
DA:725,0
DA:726,0
DA:727,0
DA:728,0
DA:729,0
DA:730,0
DA:731,0
DA:748,0
DA:749,0
DA:750,0
DA:751,0
DA:752,0
DA:753,0
DA:754,0
DA:755,0
DA:768,0
DA:769,0
DA:770,0
DA:774,0
DA:775,0
DA:776,0
DA:777,0
DA:778,0
DA:779,0
DA:780,0
DA:781,0
DA:783,0
DA:786,0
DA:787,0
DA:788,0
DA:789,0
DA:790,0
DA:791,0
DA:792,0
DA:793,0
DA:794,0
DA:795,0
DA:796,0
DA:800,0
DA:803,0
DA:804,0
DA:805,0
DA:810,0
DA:811,0
DA:812,0
DA:816,0
DA:817,0
DA:818,0
DA:819,0
DA:823,0
DA:824,0
DA:828,0
DA:829,0
DA:830,0
DA:833,0
DA:838,0
DA:839,0
DA:843,0
DA:844,0
DA:846,0
DA:848,0
DA:849,0
DA:850,0
DA:851,0
DA:852,0
DA:853,0
DA:854,0
DA:855,0
DA:857,0
DA:860,0
DA:864,0
DA:865,0
DA:866,0
DA:867,0
DA:868,0
DA:869,0
DA:870,0
DA:871,0
DA:872,0
DA:873,0
DA:874,0
DA:875,0
DA:876,0
DA:877,0
DA:878,0
DA:879,0
DA:880,0
DA:881,0
DA:882,0
DA:883,0
DA:884,0
DA:887,0
DA:888,0
DA:889,0
DA:890,0
DA:891,0
DA:894,0
DA:895,0
DA:896,0
DA:899,0
DA:901,0
DA:902,0
DA:905,0
DA:916,0
DA:917,0
DA:919,0
DA:921,0
DA:922,0
DA:924,0
DA:925,0
DA:929,0
DA:930,0
DA:931,0
DA:934,0
DA:935,0
DA:936,0
DA:937,0
DA:939,0
DA:943,0
DA:944,0
DA:945,0
DA:946,0
DA:948,0
DA:953,0
DA:954,0
DA:955,0
DA:956,0
DA:958,0
DA:959,0
DA:966,0
DA:967,0
DA:974,0
DA:975,0
DA:976,0
DA:977,0
DA:979,0
DA:980,0
DA:985,0
DA:987,0
DA:988,0
DA:990,0
DA:991,0
DA:996,0
DA:997,0
DA:998,0
DA:999,0
DA:1000,0
DA:1001,0
DA:1002,0
DA:1003,0
DA:1005,0
DA:1006,0
DA:1007,0
DA:1011,0
DA:1012,0
DA:1014,0
DA:1015,0
DA:1016,0
DA:1017,0
DA:1018,0
DA:1021,0
DA:1023,0
DA:1025,0
DA:1026,0
DA:1027,0
DA:1028,0
DA:1029,0
DA:1031,0
DA:1033,0
DA:1034,0
DA:1035,0
DA:1036,0
DA:1037,0
DA:1038,0
DA:1039,0
DA:1040,0
DA:1041,0
DA:1050,0
DA:1051,0
DA:1053,0
DA:1059,0
DA:1061,0
DA:1063,0
DA:1064,0
DA:1066,0
DA:1068,0
DA:1070,0
DA:1072,0
DA:1073,0
DA:1074,0
DA:1075,0
DA:1076,0
DA:1077,0
DA:1083,0
DA:1084,0
DA:1086,0
DA:1087,0
DA:1088,0
DA:1089,0
DA:1090,0
DA:1093,0
DA:1095,0
DA:1097,0
DA:1098,0
DA:1099,0
DA:1100,0
DA:1101,0
DA:1103,0
DA:1105,0
DA:1107,0
DA:1108,0
DA:1109,0
DA:1110,0
DA:1111,0
DA:1112,0
DA:1113,0
DA:1114,0
DA:1125,0
DA:1126,0
DA:1128,0
DA:1133,0
DA:1135,0
DA:1137,0
DA:1138,0
DA:1140,0
DA:1142,0
DA:1143,0
LF:382
LH:0
BRDA:488,0,0,0
BRDA:488,0,1,0
BRDA:499,1,0,0
BRDA:499,1,1,0
BRDA:500,2,0,0
BRDA:500,2,1,0
BRDA:511,3,0,0
BRDA:511,3,1,0
BRDA:512,4,0,0
BRDA:512,4,1,0
BRDA:526,5,0,0
BRDA:526,5,1,0
BRDA:527,6,0,0
BRDA:527,6,1,0
BRDA:538,7,0,0
BRDA:538,7,1,0
BRDA:539,8,0,0
BRDA:539,8,1,0
BRDA:551,9,0,0
BRDA:551,9,1,0
BRDA:559,10,0,0
BRDA:559,10,1,0
BRDA:559,11,0,0
BRDA:559,11,1,0
BRDA:559,11,2,0
BRDA:570,12,0,0
BRDA:570,12,1,0
BRDA:574,13,0,0
BRDA:574,13,1,0
BRDA:579,14,0,0
BRDA:579,14,1,0
BRDA:602,15,0,0
BRDA:602,15,1,0
BRDA:612,16,0,0
BRDA:612,16,1,0
BRDA:621,17,0,0
BRDA:621,17,1,0
BRDA:663,18,0,0
BRDA:663,18,1,0
BRDA:664,19,0,0
BRDA:664,19,1,0
BRDA:665,20,0,0
BRDA:665,20,1,0
BRDA:665,21,0,0
BRDA:665,21,1,0
BRDA:668,22,0,0
BRDA:668,22,1,0
BRDA:671,23,0,0
BRDA:671,23,1,0
BRDA:678,24,0,0
BRDA:678,24,1,0
BRDA:678,25,0,0
BRDA:678,25,1,0
BRDA:681,26,0,0
BRDA:681,26,1,0
BRDA:684,27,0,0
BRDA:684,27,1,0
BRDA:692,28,0,0
BRDA:692,28,1,0
BRDA:693,29,0,0
BRDA:693,29,1,0
BRDA:693,30,0,0
BRDA:693,30,1,0
BRDA:696,31,0,0
BRDA:696,31,1,0
BRDA:699,32,0,0
BRDA:699,32,1,0
BRDA:705,33,0,0
BRDA:705,33,1,0
BRDA:705,34,0,0
BRDA:705,34,1,0
BRDA:708,35,0,0
BRDA:708,35,1,0
BRDA:711,36,0,0
BRDA:711,36,1,0
BRDA:730,37,0,0
BRDA:730,37,1,0
BRDA:730,38,0,0
BRDA:730,38,1,0
BRDA:754,39,0,0
BRDA:754,39,1,0
BRDA:754,40,0,0
BRDA:754,40,1,0
BRDA:769,41,0,0
BRDA:769,41,1,0
BRDA:775,42,0,0
BRDA:775,42,1,0
BRDA:787,43,0,0
BRDA:787,43,1,0
BRDA:792,44,0,0
BRDA:792,44,1,0
BRDA:795,45,0,0
BRDA:795,45,1,0
BRDA:804,46,0,0
BRDA:804,46,1,0
BRDA:811,47,0,0
BRDA:811,47,1,0
BRDA:849,48,0,0
BRDA:849,48,1,0
BRDA:849,49,0,0
BRDA:849,49,1,0
BRDA:849,49,2,0
BRDA:854,50,0,0
BRDA:854,50,1,0
BRDA:869,51,0,0
BRDA:869,51,1,0
BRDA:895,52,0,0
BRDA:895,52,1,0
BRDA:901,53,0,0
BRDA:901,53,1,0
BRDA:917,54,0,0
BRDA:917,54,1,0
BRDA:921,55,0,0
BRDA:921,55,1,0
BRDA:924,56,0,0
BRDA:924,56,1,0
BRDA:936,57,0,0
BRDA:936,57,1,0
BRDA:945,58,0,0
BRDA:945,58,1,0
BRDA:955,59,0,0
BRDA:955,59,1,0
BRDA:966,60,0,0
BRDA:966,60,1,0
BRDA:976,61,0,0
BRDA:976,61,1,0
BRDA:976,62,0,0
BRDA:976,62,1,0
BRDA:979,63,0,0
BRDA:979,63,1,0
BRDA:987,64,0,0
BRDA:987,64,1,0
BRDA:987,65,0,0
BRDA:987,65,1,0
BRDA:990,66,0,0
BRDA:990,66,1,0
BRDA:996,67,0,0
BRDA:996,67,1,0
BRDA:999,68,0,0
BRDA:999,68,1,0
BRDA:1012,69,0,0
BRDA:1012,69,1,0
BRDA:1012,70,0,0
BRDA:1012,70,1,0
BRDA:1016,71,0,0
BRDA:1016,71,1,0
BRDA:1038,72,0,0
BRDA:1038,72,1,0
BRDA:1038,73,0,0
BRDA:1038,73,1,0
BRDA:1040,74,0,0
BRDA:1040,74,1,0
BRDA:1050,75,0,0
BRDA:1050,75,1,0
BRDA:1074,76,0,0
BRDA:1074,76,1,0
BRDA:1076,77,0,0
BRDA:1076,77,1,0
BRDA:1084,78,0,0
BRDA:1084,78,1,0
BRDA:1084,79,0,0
BRDA:1084,79,1,0
BRDA:1088,80,0,0
BRDA:1088,80,1,0
BRDA:1111,81,0,0
BRDA:1111,81,1,0
BRDA:1111,82,0,0
BRDA:1111,82,1,0
BRDA:1113,83,0,0
BRDA:1113,83,1,0
BRDA:1125,84,0,0
BRDA:1125,84,1,0
BRF:172
BRH:0
end_of_record
TN:
SF:/Users/mac/businessSystem/src/views/home.vue
FN:110,(anonymous_1)
FNF:1
FNH:0
FNDA:0,(anonymous_1)
DA:75,0
DA:80,0
DA:87,0
DA:88,0
DA:89,0
DA:90,0
DA:91,0
DA:95,0
DA:96,0
DA:98,0
DA:99,0
DA:100,0
DA:101,0
DA:104,0
DA:111,0
DA:115,0
DA:116,0
DA:117,0
DA:118,0
DA:119,0
DA:120,0
LF:21
LH:0
BRDA:89,0,0,0
BRDA:89,0,1,0
BRDA:98,1,0,0
BRDA:98,1,1,0
BRDA:101,2,0,0
BRDA:101,2,1,0
BRDA:119,3,0,0
BRDA:119,3,1,0
BRF:8
BRH:0
end_of_record
TN:
SF:/Users/mac/businessSystem/src/views/register.vue
FN:73,(anonymous_2)
FN:122,(anonymous_3)
FN:123,(anonymous_4)
FNF:3
FNH:0
FNDA:0,(anonymous_2)
FNDA:0,(anonymous_3)
FNDA:0,(anonymous_4)
DA:36,0
DA:42,0
DA:55,0
DA:58,0
DA:59,0
DA:60,0
DA:61,0
DA:62,0
DA:63,0
DA:64,0
DA:66,0
DA:67,0
DA:68,0
DA:69,0
DA:71,0
DA:72,0
DA:73,0
DA:74,0
DA:78,0
DA:79,0
DA:80,0
DA:84,0
DA:85,0
DA:86,0
DA:87,0
DA:88,0
DA:89,0
DA:90,0
DA:91,0
DA:92,0
DA:93,0
DA:94,0
DA:95,0
DA:96,0
DA:97,0
DA:98,0
DA:99,0
DA:101,0
DA:102,0
DA:103,0
DA:104,0
DA:105,0
DA:106,0
DA:108,0
DA:112,0
DA:114,0
DA:122,0
DA:123,0
DA:124,0
DA:125,0
LF:50
LH:0
BRDA:59,0,0,0
BRDA:59,0,1,0
BRDA:59,1,0,0
BRDA:59,1,1,0
BRDA:62,2,0,0
BRDA:62,2,1,0
BRDA:67,3,0,0
BRDA:67,3,1,0
BRDA:78,4,0,0
BRDA:78,4,1,0
BRDA:85,5,0,0
BRDA:85,5,1,0
BRDA:88,6,0,0
BRDA:88,6,1,0
BRDA:91,7,0,0
BRDA:91,7,1,0
BRDA:94,8,0,0
BRDA:94,8,1,0
BRDA:97,9,0,0
BRDA:97,9,1,0
BRDA:103,10,0,0
BRDA:103,10,1,0
BRDA:124,11,0,0
BRDA:124,11,1,0
BRF:24
BRH:0
end_of_record
